 SPLIT TYPE USED: F F F T F
 A PDF is used, so alpha_s(MZ) is going to be modified
 Old value of alpha_s from param_card:   0.11900000000000002     
  ****************************************
 
       NNPDFDriver version 1.0.3
   Grid: NNPDF23nlo_as_0119_qed_mem0.grid
  ****************************************
 New value of alpha_s from PDF nn23nlo:  0.11899999999999999     
 *****************************************************
 *               MadGraph/MadEvent                   *
 *        --------------------------------           *
 *          http://madgraph.hep.uiuc.edu             *
 *          http://madgraph.phys.ucl.ac.be           *
 *          http://madgraph.roma2.infn.it            *
 *        --------------------------------           *
 *                                                   *
 *          PARAMETER AND COUPLING VALUES            *
 *                                                   *
 *****************************************************

  External Params
  ---------------------------------
  
 mdl_cabi =   0.22773599999999999     
 mdl_yDM =    1.0000000000000000     
 mdl_lamHs =    0.0000000000000000     
 mdl_lamS =    0.0000000000000000     
 MU_R =    91.188000000000002     
 mdl_MB =    4.7000000000000002     
 mdl_MT =    172.00000000000000     
 mdl_MTA =    1.7769999999999999     
 mdl_MZ =    91.187600000000003     
 mdl_MH =    125.00000000000000     
 mdl_mPsiT =    10000.000000000000     
 mdl_mSDM =    8000.0000000000000     
 aEWM1 =    127.90000000000001     
 mdl_Gf =    1.1663700000000000E-005
 aS =   0.11900000000000002     
 mdl_ymb =    4.7000000000000002     
 mdl_ymt =    172.00000000000000     
 mdl_ymtau =    1.7769999999999999     
 mdl_WT =    0.0000000000000000     
 mdl_WZ =    2.4952000000000001     
 mdl_WW =    2.0850000000000000     
 mdl_WH =    4.0699999999999998E-003
 mdl_WPsiT =    12.853759999999999     
  Internal Params
  ---------------------------------
  
 mdl_cos__cabi =   0.97418004031982097     
 mdl_CKM1x1 =               (0.97418004031982097,0.0000000000000000)
 mdl_sin__cabi =   0.22577256042856930     
 mdl_CKM1x2 =               (0.22577256042856930,0.0000000000000000)
 mdl_CKM1x3 =                (0.0000000000000000,0.0000000000000000)
 mdl_CKM2x1 =              (-0.22577256042856930,0.0000000000000000)
 mdl_CKM2x2 =               (0.97418004031982097,0.0000000000000000)
 mdl_CKM2x3 =                (0.0000000000000000,0.0000000000000000)
 mdl_CKM3x1 =                (0.0000000000000000,0.0000000000000000)
 mdl_CKM3x2 =                (0.0000000000000000,0.0000000000000000)
 mdl_CKM3x3 =                (1.0000000000000000,0.0000000000000000)
 mdl_MZ__exp__2 =    8315.1783937600012     
 mdl_MZ__exp__4 =    69142191.720053151     
 mdl_sqrt__2 =    1.4142135623730951     
 mdl_MH__exp__2 =    15625.000000000000     
 mdl_conjg__CKM1x3 =               (0.0000000000000000,-0.0000000000000000)
 mdl_conjg__CKM2x3 =               (0.0000000000000000,-0.0000000000000000)
 mdl_conjg__CKM3x3 =               (1.0000000000000000,-0.0000000000000000)
 mdl_conjg__CKM3x1 =               (0.0000000000000000,-0.0000000000000000)
 mdl_conjg__CKM3x2 =               (0.0000000000000000,-0.0000000000000000)
 mdl_complexi =                (0.0000000000000000,1.0000000000000000)
 mdl_conjg__CKM2x1 =             (-0.22577256042856930,-0.0000000000000000)
 mdl_conjg__CKM2x2 =              (0.97418004031982097,-0.0000000000000000)
 mdl_conjg__CKM1x1 =              (0.97418004031982097,-0.0000000000000000)
 mdl_conjg__CKM1x2 =              (0.22577256042856930,-0.0000000000000000)
 mdl_yDM__exp__2 =    1.0000000000000000     
 mdl_MB__exp__2 =    22.090000000000003     
 mdl_mPsiT__exp__2 =    100000000.00000000     
 mdl_MT__exp__2 =    29584.000000000000     
 mdl_yDM__exp__3 =    1.0000000000000000     
 mdl_mSDM__exp__4 =    4096000000000000.0     
 mdl_mSDM__exp__2 =    64000000.000000000     
 mdl_mPsiT__exp__4 =    10000000000000000.     
 mdl_mSDM__exp__6 =    2.6214400000000000E+023
 mdl_mPsiT__exp__6 =    9.9999999999999998E+023
 mdl_MT__exp__4 =    875213056.00000000     
 mdl_mPsiT__exp__3 =    1000000000000.0000     
 mdl_mSDM__exp__3 =    512000000000.00000     
 mdl_MT__exp__3 =    5088448.0000000000     
 mdl_MT__exp__6 =    25892303048704.000     
 mdl_MT__exp__8 =    7.6599789339285914E+017
 mdl_mPsiT__exp__8 =    1.0000000000000001E+032
 mdl_aEW =    7.8186082877247844E-003
 mdl_MW =    79.824359746197842     
 mdl_sqrt__aEW =    8.8422894590285753E-002
 mdl_ee =   0.31345100004952897     
 mdl_MW__exp__2 =    6371.9284088904105     
 mdl_sw2 =   0.23369913342182447     
 mdl_cw =   0.87538612427783857     
 mdl_sqrt__sw2 =   0.48342438232036300     
 mdl_sw =   0.48342438232036300     
 mdl_g1 =   0.35807170271074895     
 mdl_gw =   0.64839716719502682     
 mdl_vev =    246.22056907348590     
 mdl_vev__exp__2 =    60624.568634871241     
 mdl_lam =   0.12886689630821144     
 mdl_yb =    2.6995322804122722E-002
 mdl_yt =   0.98791394091683138     
 mdl_ytau =    1.0206529494239589E-002
 mdl_muH =    88.388347648318444     
 mdl_I1a31 =                (0.0000000000000000,0.0000000000000000)
 mdl_I1a32 =                (0.0000000000000000,0.0000000000000000)
 mdl_I1a33 =          (2.69953228041227219E-002,0.0000000000000000)
 mdl_I2a13 =                (0.0000000000000000,0.0000000000000000)
 mdl_I2a23 =                (0.0000000000000000,0.0000000000000000)
 mdl_I2a33 =               (0.98791394091683138,0.0000000000000000)
 mdl_I3a31 =                (0.0000000000000000,0.0000000000000000)
 mdl_I3a32 =                (0.0000000000000000,0.0000000000000000)
 mdl_I3a33 =               (0.98791394091683138,0.0000000000000000)
 mdl_I4a13 =                (0.0000000000000000,0.0000000000000000)
 mdl_I4a23 =                (0.0000000000000000,0.0000000000000000)
 mdl_I4a33 =          (2.69953228041227219E-002,0.0000000000000000)
 mdl_ee__exp__2 =    9.8251529432049817E-002
 mdl_sw__exp__2 =   0.23369913342182450     
 mdl_cw__exp__2 =   0.76630086657817542     
  Internal Params evaluated point by point
  ----------------------------------------
  
 mdl_sqrt__aS =   0.34496376621320685     
 mdl_G__exp__2 =    1.4953981031087418     
 mdl_G__exp__3 =    1.8286695702272273     
 mdl_G__exp__4 =    2.2362154867812229     
 mdl_MU_R__exp__2 =    8315.2513440000002     
 mdl_MU_R__exp__4 =    69143404.913893804     
  Couplings of UV_BSM_ToyModel_NLO-UFO
  ---------------------------------
  
        GC_10 =  -0.12229E+01   0.00000E+00
        GC_11 =   0.00000E+00   0.12229E+01
        GC_12 =   0.12229E+01   0.00000E+00
   R2GC_106_1 =  -0.00000E+00  -0.30881E-01
   R2GC_108_3 =  -0.00000E+00  -0.41837E+00
   R2GC_108_4 =  -0.00000E+00  -0.18939E+07
   R2GC_108_5 =  -0.00000E+00  -0.56030E+03
  R2GC_136_21 =   0.00000E+00   0.31566E-02
  R2GC_136_22 =   0.00000E+00   0.14205E-01
  R2GC_137_23 =  -0.00000E+00  -0.94697E-02
  R2GC_159_36 =  -0.00000E+00  -0.38719E-02
 UVGC_111_2_1eps -0.00000E+00  -0.50181E-01
 UVGC_136_23_1ep  0.00000E+00   0.63131E-02
 UVGC_136_24_1ep  0.00000E+00   0.63131E-02
 UVGC_136_25_1ep  0.00000E+00   0.63131E-02
 UVGC_137_26_1ep -0.00000E+00  -0.63131E-02
 UVGC_137_27_1ep  0.00000E+00   0.71023E-02
 UVGC_137_28_1ep -0.00000E+00  -0.71023E-02
 UVGC_137_29_1ep -0.00000E+00  -0.63131E-02
 UVGC_137_30_1ep -0.00000E+00  -0.63131E-02
 UVGC_141_41_1ep  0.00000E+00   0.38601E-02
 UVGC_141_42_1ep -0.00000E+00  -0.27503E-01
 UVGC_141_43_1ep -0.00000E+00  -0.14475E-02
 UVGC_141_46_1ep  0.00000E+00   0.15440E-01
 UVGC_156_86_1ep -0.00000E+00  -0.30881E-01
 UVGC_159_91_1ep -0.00000E+00  -0.38719E-02
  UVGC_136_23 =  -0.00000E+00   0.37442E-01
  UVGC_136_24 =  -0.00000E+00  -0.59311E-01
  UVGC_136_25 =  -0.00000E+00  -0.80123E-02
  UVGC_137_26 =  -0.00000E+00  -0.37442E-01
  UVGC_137_29 =   0.00000E+00   0.59311E-01
  UVGC_137_30 =   0.00000E+00   0.80123E-02
  UVGC_141_40 =  -0.00000E+00  -0.22893E-01
  UVGC_141_44 =   0.00000E+00   0.36265E-01
  UVGC_141_45 =   0.00000E+00   0.48990E-02
  UVGC_156_86 =   0.00000E+00  -0.29734E-02
  UVGC_156_87 =   0.00000E+00  -0.24557E-06
  UVGC_159_91 =   0.00000E+00   0.35290E-01
        GC_89 =  -0.00000E+00  -0.10000E+01

 Collider parameters:
 --------------------

 Running at P P   machine @    13000.000000000000       GeV
 PDF set = nn23nlo
 alpha_s(Mz)= 0.1190 running at 2 loops.
 alpha_s(Mz)= 0.1190 running at 2 loops.
 Renormalization scale set on event-by-event basis
 Factorization   scale set on event-by-event basis


 ===============================================================
 INFO: MadFKS read these parameters from FKS_params.dat
 ===============================================================
  > IRPoleCheckThreshold      =    1.0000000000000001E-005
  > PrecisionVirtualAtRunTime =    1.0000000000000000E-003
  > SelectedContributionTypes = All
  > VetoedContributionTypes   = None
  > QCD_squared_selected      = All
  > QED_squared_selected      = All
  > SelectedCouplingOrders(           1 ) =            0           2           0           4           0
  > NHelForMCoverHels         =            4
  > VirtualFraction           =    1.0000000000000000     
  > MinVirtualFraction        =    5.0000000000000001E-003
  > SeparateFlavourConfigs    =  F
  > UsePolyVirtual            =  F
 ===============================================================
  Insert the number of points to test
 Insert the relative tolerance
  A negative number will mean use the default one:    1.0000000000000001E-005
Using random seed offsets:     1 ,      1 ,      0
  with seed                   73
 Ranmar initialization seeds       30628        9449
 counterterm S.O           1 NP3
 BORN: keeping split order           1
 counterterm S.O           2 NP1
 BORN: keeping split order           1
 counterterm S.O           3 NP2
 BORN: not keeping split order           1
 counterterm S.O           4 QCD
 BORN: keeping split order           1
 counterterm S.O           5 QED
 BORN: not keeping split order           1
 alpha_s value used for the virtuals is (for the first PS point):   0.11900000000000002     
  ========================================================================================== 
 {                                                                                          }
 {       [32m                                                                            [0m       }
 {       [32m                               ,,                                           [0m       }
 {       [32m`7MMM.     ,MMF'             `7MM  `7MMF'                                   [0m       }
 {       [32m  MMMb    dPMM                 MM    MM                                     [0m       }
 {       [32m  M YM   ,M MM   ,6"Yb.   ,M""bMM    MM         ,pW"Wq.   ,pW"Wq.`7MMpdMAo. [0m       }
 {       [32m  M  Mb  M' MM  8)   MM ,AP    MM    MM        6W'   `Wb 6W'   `Wb MM   `Wb [0m       }
 {       [32m  M  YM.P'  MM   ,pm9MM 8MI    MM    MM      , 8M     M8 8M     M8 MM    M8 [0m       }
 {       [32m  M  `YM'   MM  8M   MM `Mb    MM    MM     ,M YA.   ,A9 YA.   ,A9 MM   ,AP [0m       }
 {       [32m.JML. `'  .JMML.`Moo9^Yo.`Wbmd"MML..JMMmmmmMMM  `Ybmd9'   `Ybmd9'  MMbmmd'  [0m       }
 {       [32m                                                                   MM       [0m       }
 {       [32m                                                                 .JMML.     [0m       }
 {       [32m[0mv3.6.3 (2025-06-12), Ref: arXiv:1103.0621v2, arXiv:1405.0301[32m                [0m       }
 {       [32m                                                                            [0m       }
 {                                                                                          }
  ========================================================================================== 
 ===============================================================
 INFO: MadLoop read these parameters from ./MadLoop5_resources/MadLoopParams.dat                                                                                                                                                                                                                                                                                                                                                                                                                                                                                          

  +----------------------------------------------------------------+
  |                                                                |
  |  Ninja - version 1.2.0                                         |
  |                                                                |
  |  Author: Tiziano Peraro                                        |
  |                                                                |
  |  Based on:                                                     |
  |                                                                |
  |      P. Mastrolia, E. Mirabella and T. Peraro,                 |
  |      "Integrand reduction of one-loop scattering amplitudes    |
  |      through Laurent series expansion,"                        |
  |      JHEP 1206 (2012) 095  [arXiv:1203.0291 [hep-ph]].         |
  |                                                                |
  |      T. Peraro,                                                |
  |      "Ninja: Automated Integrand Reduction via Laurent         |
  |      Expansion for One-Loop Amplitudes,"                       |
  |      Comput.Phys.Commun. 185 (2014) [arXiv:1403.1229 [hep-ph]] |
  |                                                                |
  +----------------------------------------------------------------+


 ===============================================================
  > MLReductionLib            = 6|7|1
  > CTModeRun                 =           -1
  > MLStabThres               =    1.0000000000000000E-003
  > NRotations_DP             =            0
  > NRotations_QP             =            0
  > CTStabThres               =    1.0000000000000000E-002
  > CTLoopLibrary             =            2
  > CTModeInit                =            1
  > CheckCycle                =            3
  > MaxAttempts               =           10
  > UseLoopFilter             =  F
  > HelicityFilterLevel       =            2
  > ImprovePSPoint            =            2
  > DoubleCheckHelicityFilter =  T
  > LoopInitStartOver         =  F
  > HelInitStartOver          =  F
  > ZeroThres                 =    1.0000000000000001E-009
  > OSThres                   =    1.0000000000000000E-008
  > WriteOutFilters           =  T
  > UseQPIntegrandForNinja    =  T
  > UseQPIntegrandForCutTools =  T
  > IREGIMODE                 =            2
  > IREGIRECY                 =  T
  > COLLIERMode               =            1
  > COLLIERRequiredAccuracy   =    1.0000000000000000E-008
  > COLLIERCanOutput          =  F
  > COLLIERComputeUVpoles     =  T
  > COLLIERComputeIRpoles     =  T
  > COLLIERGlobalCache        =           -1
  > COLLIERUseCacheForPoles   =  F
  > COLLIERUseInternalStabilityTest =  T
 ===============================================================
  
------------------------------------------------------------------------
|              You are using CutTools - Version 1.9.3                  |
|              Authors: G. Ossola, C. Papadopoulos, R. Pittau          |
|              Published in JHEP 0803:042,2008                         |
|              http://www.ugr.es/~pittau/CutTools                      |
|                                                                      |
|              Compiler with  34  significant digits detetected        |
 ---------------------------------------------------------------------- 
   
########################################################################
#                                                                      #
#                      You are using OneLOop-3.6                       #
#                                                                      #
# for the evaluation of 1-loop scalar 1-, 2-, 3- and 4-point functions #
#                                                                      #
# author: Andreas van Hameren <hamerenREMOVETHIS@ifj.edu.pl>           #
#   date: 18-02-2015                                                   #
#                                                                      #
# Please cite                                                          #
#    A. van Hameren,                                                   #
#      Comput.Phys.Commun. 182 (2011) 2427-2438, arXiv:1007.4716       #
#    A. van Hameren, C.G. Papadopoulos and R. Pittau,                  #
#      JHEP 0909:106,2009, arXiv:0903.4665                             #
# in publications with results obtained with the help of this program. #
#                                                                      #
########################################################################
########################################################################
#                                                                      #
#                      You are using OneLOop-3.6                       #
#                                                                      #
# for the evaluation of 1-loop scalar 1-, 2-, 3- and 4-point functions #
#                                                                      #
# author: Andreas van Hameren <hamerenREMOVETHIS@ifj.edu.pl>           #
#   date: 18-02-2015                                                   #
#                                                                      #
# Please cite                                                          #
#    A. van Hameren,                                                   #
#      Comput.Phys.Commun. 182 (2011) 2427-2438, arXiv:1007.4716       #
#    A. van Hameren, C.G. Papadopoulos and R. Pittau,                  #
#      JHEP 0909:106,2009, arXiv:0903.4665                             #
# in publications with results obtained with the help of this program. #
#                                                                      #
########################################################################
 VIRT: keeping split order            1
 VIRT: keeping split order            2
 INITIALIZATION POINT.
 RESULTS FROM INITIALIZATION POINTS WILL NOT BE USED FOR STATISTICS
 alpha_s value used for the virtuals is (for the first PS point):   0.11900000000000002     
 VIRT: keeping split order            1
 VIRT: keeping split order            2
 
 Splitorders           2
       NP3:           0
       NP1:           0
       NP2:           0
       QCD:           6
       QED:           0
 ---- POLES CANCELLED ----
  COEFFICIENT DOUBLE POLE:
        MadFKS:   -3.2374231016835661E-002           OLP:   -3.2374231016835675E-002
  COEFFICIENT SINGLE POLE:
        MadFKS:    1.0377449151327501E-002           OLP:    1.0377442676527666E-002
 MU_R    =    344.00000000000000     
 ALPHA_S =   0.11900000000000002     
 PASSED   1.0000000000000001E-005

 alpha_s value used for the virtuals is (for the first PS point):   0.11900000000000002     
 VIRT: keeping split order            1
 VIRT: keeping split order            2
 
 Splitorders           2
       NP3:           0
       NP1:           0
       NP2:           0
       QCD:           6
       QED:           0
 ---- POLES CANCELLED ----
  COEFFICIENT DOUBLE POLE:
        MadFKS:   -3.6568910470309399E-002           OLP:   -3.6568910470309371E-002
  COEFFICIENT SINGLE POLE:
        MadFKS:    1.7041412140592939E-002           OLP:    1.7041404826866988E-002
 MU_R    =    344.00000000000000     
 ALPHA_S =   0.11900000000000002     
 PASSED   1.0000000000000001E-005

 alpha_s value used for the virtuals is (for the first PS point):   0.11900000000000002     
 VIRT: keeping split order            1
 VIRT: keeping split order            2
 
 Splitorders           2
       NP3:           0
       NP1:           0
       NP2:           0
       QCD:           6
       QED:           0
 ---- POLES CANCELLED ----
  COEFFICIENT DOUBLE POLE:
        MadFKS:   -4.7002020577347606E-002           OLP:   -4.7002020577347564E-002
  COEFFICIENT SINGLE POLE:
        MadFKS:    1.6590484447029964E-002           OLP:    1.6590475046677627E-002
 MU_R    =    344.00000000000000     
 ALPHA_S =   0.11900000000000002     
 PASSED   1.0000000000000001E-005

 alpha_s value used for the virtuals is (for the first PS point):   0.11900000000000002     
 VIRT: keeping split order            1
 VIRT: keeping split order            2
 
 Splitorders           2
       NP3:           0
       NP1:           0
       NP2:           0
       QCD:           6
       QED:           0
 ---- POLES CANCELLED ----
  COEFFICIENT DOUBLE POLE:
        MadFKS:   -4.0163863665785747E-002           OLP:   -4.0163863665785782E-002
  COEFFICIENT SINGLE POLE:
        MadFKS:    1.9227770004533865E-002           OLP:    1.9227761971791296E-002
 MU_R    =    344.00000000000000     
 ALPHA_S =   0.11900000000000002     
 PASSED   1.0000000000000001E-005

 alpha_s value used for the virtuals is (for the first PS point):   0.11900000000000002     
 VIRT: keeping split order            1
 VIRT: keeping split order            2
 
 Splitorders           2
       NP3:           0
       NP1:           0
       NP2:           0
       QCD:           6
       QED:           0
 ---- POLES CANCELLED ----
  COEFFICIENT DOUBLE POLE:
        MadFKS:   -3.7349430428726342E-002           OLP:   -3.7349430428726377E-002
  COEFFICIENT SINGLE POLE:
        MadFKS:   -3.2105023497288360E-002           OLP:   -3.2105030967204233E-002
 MU_R    =    344.00000000000000     
 ALPHA_S =   0.11900000000000002     
 PASSED   1.0000000000000001E-005

 alpha_s value used for the virtuals is (for the first PS point):   0.11900000000000002     
 VIRT: keeping split order            1
 VIRT: keeping split order            2
 
 Splitorders           2
       NP3:           0
       NP1:           0
       NP2:           0
       QCD:           6
       QED:           0
 ---- POLES CANCELLED ----
  COEFFICIENT DOUBLE POLE:
        MadFKS:   -3.3085947995443281E-002           OLP:   -3.3085947995443177E-002
  COEFFICIENT SINGLE POLE:
        MadFKS:   -9.9493448664384650E-003           OLP:   -9.9493514836923071E-003
 MU_R    =    344.00000000000000     
 ALPHA_S =   0.11900000000000002     
 PASSED   1.0000000000000001E-005

 alpha_s value used for the virtuals is (for the first PS point):   0.11900000000000002     
 VIRT: keeping split order            1
 VIRT: keeping split order            2
 
 Splitorders           2
       NP3:           0
       NP1:           0
       NP2:           0
       QCD:           6
       QED:           0
 ---- POLES CANCELLED ----
  COEFFICIENT DOUBLE POLE:
        MadFKS:   -4.3510808875242078E-002           OLP:   -4.3510808875242044E-002
  COEFFICIENT SINGLE POLE:
        MadFKS:   -7.4115867034690280E-002           OLP:   -7.4115875736854825E-002
 MU_R    =    344.00000000000000     
 ALPHA_S =   0.11900000000000002     
 PASSED   1.0000000000000001E-005

 alpha_s value used for the virtuals is (for the first PS point):   0.11900000000000002     
 VIRT: keeping split order            1
 VIRT: keeping split order            2
 
 Splitorders           2
       NP3:           0
       NP1:           0
       NP2:           0
       QCD:           6
       QED:           0
 ---- POLES CANCELLED ----
  COEFFICIENT DOUBLE POLE:
        MadFKS:   -3.1943866319445596E-002           OLP:   -3.1943866319445617E-002
  COEFFICIENT SINGLE POLE:
        MadFKS:   -3.2828932562324140E-003           OLP:   -3.2828996448039738E-003
 MU_R    =    344.00000000000000     
 ALPHA_S =   0.11900000000000002     
 PASSED   1.0000000000000001E-005

 alpha_s value used for the virtuals is (for the first PS point):   0.11900000000000002     
 VIRT: keeping split order            1
 VIRT: keeping split order            2
 
 Splitorders           2
       NP3:           0
       NP1:           0
       NP2:           0
       QCD:           6
       QED:           0
 ---- POLES CANCELLED ----
  COEFFICIENT DOUBLE POLE:
        MadFKS:   -3.1381276804460179E-002           OLP:   -3.1381276804460054E-002
  COEFFICIENT SINGLE POLE:
        MadFKS:    2.8004428127724780E-003           OLP:    2.8004365364582067E-003
 MU_R    =    344.00000000000000     
 ALPHA_S =   0.11900000000000002     
 PASSED   1.0000000000000001E-005

 alpha_s value used for the virtuals is (for the first PS point):   0.11900000000000002     
 VIRT: keeping split order            1
 VIRT: keeping split order            2
 
 Splitorders           2
       NP3:           0
       NP1:           0
       NP2:           0
       QCD:           6
       QED:           0
 ---- POLES CANCELLED ----
  COEFFICIENT DOUBLE POLE:
        MadFKS:   -3.1771170581824458E-002           OLP:   -3.1771170581824493E-002
  COEFFICIENT SINGLE POLE:
        MadFKS:    8.0577931196158577E-003           OLP:    8.0577867654123558E-003
 MU_R    =    344.00000000000000     
 ALPHA_S =   0.11900000000000002     
 PASSED   1.0000000000000001E-005

 alpha_s value used for the virtuals is (for the first PS point):   0.11900000000000002     
 VIRT: keeping split order            1
 VIRT: keeping split order            2
 
 Splitorders           2
       NP3:           0
       NP1:           0
       NP2:           0
       QCD:           6
       QED:           0
 ---- POLES CANCELLED ----
  COEFFICIENT DOUBLE POLE:
        MadFKS:   -3.3305620089093012E-002           OLP:   -3.3305620089093067E-002
  COEFFICIENT SINGLE POLE:
        MadFKS:    1.2633400279945207E-002           OLP:    1.2633393618927388E-002
 MU_R    =    344.00000000000000     
 ALPHA_S =   0.11900000000000002     
 PASSED   1.0000000000000001E-005

 alpha_s value used for the virtuals is (for the first PS point):   0.11900000000000002     
 VIRT: keeping split order            1
 VIRT: keeping split order            2
 
 Splitorders           2
       NP3:           0
       NP1:           0
       NP2:           0
       QCD:           6
       QED:           0
 ---- POLES CANCELLED ----
  COEFFICIENT DOUBLE POLE:
        MadFKS:   -3.9590097137240196E-002           OLP:   -3.9590097137240168E-002
  COEFFICIENT SINGLE POLE:
        MadFKS:   -4.5390548515122614E-002           OLP:   -4.5390556433041761E-002
 MU_R    =    344.00000000000000     
 ALPHA_S =   0.11900000000000002     
 PASSED   1.0000000000000001E-005

 alpha_s value used for the virtuals is (for the first PS point):   0.11900000000000002     
 VIRT: keeping split order            1
 VIRT: keeping split order            2
 
 Splitorders           2
       NP3:           0
       NP1:           0
       NP2:           0
       QCD:           6
       QED:           0
 ---- POLES CANCELLED ----
  COEFFICIENT DOUBLE POLE:
        MadFKS:   -4.1988890796014526E-002           OLP:   -4.1988890796014089E-002
  COEFFICIENT SINGLE POLE:
        MadFKS:    1.9504946659276157E-002           OLP:    1.9504938261586415E-002
 MU_R    =    344.00000000000000     
 ALPHA_S =   0.11900000000000002     
 PASSED   1.0000000000000001E-005

 alpha_s value used for the virtuals is (for the first PS point):   0.11900000000000002     
 VIRT: keeping split order            1
 VIRT: keeping split order            2
 
 Splitorders           2
       NP3:           0
       NP1:           0
       NP2:           0
       QCD:           6
       QED:           0
 ---- POLES CANCELLED ----
  COEFFICIENT DOUBLE POLE:
        MadFKS:   -4.6102079223500209E-002           OLP:   -4.6102079223500375E-002
  COEFFICIENT SINGLE POLE:
        MadFKS:    1.7618392302696871E-002           OLP:    1.7618383082282238E-002
 MU_R    =    344.00000000000000     
 ALPHA_S =   0.11900000000000002     
 PASSED   1.0000000000000001E-005

 alpha_s value used for the virtuals is (for the first PS point):   0.11900000000000002     
 VIRT: keeping split order            1
 VIRT: keeping split order            2
 
 Splitorders           2
       NP3:           0
       NP1:           0
       NP2:           0
       QCD:           6
       QED:           0
 ---- POLES CANCELLED ----
  COEFFICIENT DOUBLE POLE:
        MadFKS:   -3.2693386949016023E-002           OLP:   -3.2693386949015982E-002
  COEFFICIENT SINGLE POLE:
        MadFKS:   -7.8328042446287622E-003           OLP:   -7.8328107833069462E-003
 MU_R    =    344.00000000000000     
 ALPHA_S =   0.11900000000000002     
 PASSED   1.0000000000000001E-005

 alpha_s value used for the virtuals is (for the first PS point):   0.11900000000000002     
 VIRT: keeping split order            1
 VIRT: keeping split order            2
 
 Splitorders           2
       NP3:           0
       NP1:           0
       NP2:           0
       QCD:           6
       QED:           0
 ---- POLES CANCELLED ----
  COEFFICIENT DOUBLE POLE:
        MadFKS:   -3.5788140805086917E-002           OLP:   -3.5788140805086938E-002
  COEFFICIENT SINGLE POLE:
        MadFKS:    1.6258843728027474E-002           OLP:    1.6258836570406984E-002
 MU_R    =    344.00000000000000     
 ALPHA_S =   0.11900000000000002     
 PASSED   1.0000000000000001E-005

 alpha_s value used for the virtuals is (for the first PS point):   0.11900000000000002     
 VIRT: keeping split order            1
 VIRT: keeping split order            2
 
 Splitorders           2
       NP3:           0
       NP1:           0
       NP2:           0
       QCD:           6
       QED:           0
 ---- POLES CANCELLED ----
  COEFFICIENT DOUBLE POLE:
        MadFKS:   -3.7277606451934668E-002           OLP:   -3.7277606451934640E-002
  COEFFICIENT SINGLE POLE:
        MadFKS:   -3.1706509651281599E-002           OLP:   -3.1706517106861572E-002
 MU_R    =    344.00000000000000     
 ALPHA_S =   0.11900000000000002     
 PASSED   1.0000000000000001E-005

 alpha_s value used for the virtuals is (for the first PS point):   0.11900000000000002     
 VIRT: keeping split order            1
 VIRT: keeping split order            2
 
 Splitorders           2
       NP3:           0
       NP1:           0
       NP2:           0
       QCD:           6
       QED:           0
 ---- POLES CANCELLED ----
  COEFFICIENT DOUBLE POLE:
        MadFKS:   -3.3996545916894758E-002           OLP:   -3.3996545916894688E-002
  COEFFICIENT SINGLE POLE:
        MadFKS:   -1.4627235732006033E-002           OLP:   -1.4627242531359268E-002
 MU_R    =    344.00000000000000     
 ALPHA_S =   0.11900000000000002     
 PASSED   1.0000000000000001E-005

 alpha_s value used for the virtuals is (for the first PS point):   0.11900000000000002     
 VIRT: keeping split order            1
 VIRT: keeping split order            2
 
 Splitorders           2
       NP3:           0
       NP1:           0
       NP2:           0
       QCD:           6
       QED:           0
 ---- POLES CANCELLED ----
  COEFFICIENT DOUBLE POLE:
        MadFKS:   -3.6098683447545875E-002           OLP:   -3.6098683447545805E-002
  COEFFICIENT SINGLE POLE:
        MadFKS:    1.6585420083091159E-002           OLP:    1.6585412863431549E-002
 MU_R    =    344.00000000000000     
 ALPHA_S =   0.11900000000000002     
 PASSED   1.0000000000000001E-005

 alpha_s value used for the virtuals is (for the first PS point):   0.11900000000000002     
 VIRT: keeping split order            1
 VIRT: keeping split order            2
 
 Splitorders           2
       NP3:           0
       NP1:           0
       NP2:           0
       QCD:           6
       QED:           0
 ---- POLES CANCELLED ----
  COEFFICIENT DOUBLE POLE:
        MadFKS:   -3.1464660174536120E-002           OLP:   -3.1464660174536210E-002
  COEFFICIENT SINGLE POLE:
        MadFKS:    1.0438361318168953E-003           OLP:    1.0438298390095817E-003
 MU_R    =    344.00000000000000     
 ALPHA_S =   0.11900000000000002     
 PASSED   1.0000000000000001E-005

 NUMBER OF POINTS PASSING THE CHECK          20
 NUMBER OF POINTS FAILING THE CHECK           0
 TOLERANCE    1.0000000000000001E-005
