 SPLIT TYPE USED: F F F T F
 A PDF is used, so alpha_s(MZ) is going to be modified
 Old value of alpha_s from param_card:   0.11900000000000002     
  ****************************************
 
       NNPDFDriver version 1.0.3
   Grid: NNPDF23nlo_as_0119_qed_mem0.grid
  ****************************************
 New value of alpha_s from PDF nn23nlo:  0.11899999999999999     
 *****************************************************
 *               MadGraph/MadEvent                   *
 *        --------------------------------           *
 *          http://madgraph.hep.uiuc.edu             *
 *          http://madgraph.phys.ucl.ac.be           *
 *          http://madgraph.roma2.infn.it            *
 *        --------------------------------           *
 *                                                   *
 *          PARAMETER AND COUPLING VALUES            *
 *                                                   *
 *****************************************************

  External Params
  ---------------------------------
  
 mdl_cabi =   0.22773599999999999     
 mdl_yDM =    1.0000000000000000     
 mdl_lamHs =    1.0000000000000000     
 mdl_lamS =    1.0000000000000000     
 MU_R =    91.188000000000002     
 mdl_MB =    4.7000000000000002     
 mdl_MT =    172.00000000000000     
 mdl_MTA =    1.7769999999999999     
 mdl_MZ =    91.187600000000003     
 mdl_MH =    125.00000000000000     
 mdl_mPsiT =    100000.00000000000     
 mdl_mSDM =    90000.000000000000     
 aEWM1 =    127.90000000000001     
 mdl_Gf =    1.1663700000000000E-005
 aS =   0.11900000000000002     
 mdl_ymb =    4.7000000000000002     
 mdl_ymt =    172.00000000000000     
 mdl_ymtau =    1.7769999999999999     
 mdl_WT =    0.0000000000000000     
 mdl_WZ =    2.4952000000000001     
 mdl_WW =    2.0850000000000000     
 mdl_WH =    4.0699999999999998E-003
 mdl_WPsiT =    35.904570000000000     
  Internal Params
  ---------------------------------
  
 mdl_cos__cabi =   0.97418004031982097     
 mdl_CKM1x1 =               (0.97418004031982097,0.0000000000000000)
 mdl_sin__cabi =   0.22577256042856930     
 mdl_CKM1x2 =               (0.22577256042856930,0.0000000000000000)
 mdl_CKM1x3 =                (0.0000000000000000,0.0000000000000000)
 mdl_CKM2x1 =              (-0.22577256042856930,0.0000000000000000)
 mdl_CKM2x2 =               (0.97418004031982097,0.0000000000000000)
 mdl_CKM2x3 =                (0.0000000000000000,0.0000000000000000)
 mdl_CKM3x1 =                (0.0000000000000000,0.0000000000000000)
 mdl_CKM3x2 =                (0.0000000000000000,0.0000000000000000)
 mdl_CKM3x3 =                (1.0000000000000000,0.0000000000000000)
 mdl_MZ__exp__2 =    8315.1783937600012     
 mdl_MZ__exp__4 =    69142191.720053151     
 mdl_sqrt__2 =    1.4142135623730951     
 mdl_MH__exp__2 =    15625.000000000000     
 mdl_conjg__CKM1x3 =               (0.0000000000000000,-0.0000000000000000)
 mdl_conjg__CKM2x3 =               (0.0000000000000000,-0.0000000000000000)
 mdl_conjg__CKM3x3 =               (1.0000000000000000,-0.0000000000000000)
 mdl_conjg__CKM3x1 =               (0.0000000000000000,-0.0000000000000000)
 mdl_conjg__CKM3x2 =               (0.0000000000000000,-0.0000000000000000)
 mdl_complexi =                (0.0000000000000000,1.0000000000000000)
 mdl_conjg__CKM2x1 =             (-0.22577256042856930,-0.0000000000000000)
 mdl_conjg__CKM2x2 =              (0.97418004031982097,-0.0000000000000000)
 mdl_conjg__CKM1x1 =              (0.97418004031982097,-0.0000000000000000)
 mdl_conjg__CKM1x2 =              (0.22577256042856930,-0.0000000000000000)
 mdl_yDM__exp__2 =    1.0000000000000000     
 mdl_MB__exp__2 =    22.090000000000003     
 mdl_mPsiT__exp__2 =    10000000000.000000     
 mdl_MT__exp__2 =    29584.000000000000     
 mdl_yDM__exp__3 =    1.0000000000000000     
 mdl_mSDM__exp__4 =    6.5610000000000000E+019
 mdl_mSDM__exp__2 =    8100000000.0000000     
 mdl_mPsiT__exp__4 =    1.0000000000000000E+020
 mdl_mSDM__exp__6 =    5.3144100000000000E+029
 mdl_mPsiT__exp__6 =    1.0000000000000000E+030
 mdl_MT__exp__4 =    875213056.00000000     
 mdl_mPsiT__exp__3 =    1000000000000000.0     
 mdl_mSDM__exp__3 =    729000000000000.00     
 mdl_MT__exp__3 =    5088448.0000000000     
 mdl_MT__exp__6 =    25892303048704.000     
 mdl_MT__exp__8 =    7.6599789339285914E+017
 mdl_mPsiT__exp__8 =    1.0000000000000000E+040
 mdl_aEW =    7.8186082877247844E-003
 mdl_MW =    79.824359746197842     
 mdl_sqrt__aEW =    8.8422894590285753E-002
 mdl_ee =   0.31345100004952897     
 mdl_MW__exp__2 =    6371.9284088904105     
 mdl_sw2 =   0.23369913342182447     
 mdl_cw =   0.87538612427783857     
 mdl_sqrt__sw2 =   0.48342438232036300     
 mdl_sw =   0.48342438232036300     
 mdl_g1 =   0.35807170271074895     
 mdl_gw =   0.64839716719502682     
 mdl_vev =    246.22056907348590     
 mdl_vev__exp__2 =    60624.568634871241     
 mdl_lam =   0.12886689630821144     
 mdl_yb =    2.6995322804122722E-002
 mdl_yt =   0.98791394091683138     
 mdl_ytau =    1.0206529494239589E-002
 mdl_muH =    88.388347648318444     
 mdl_I1a31 =                (0.0000000000000000,0.0000000000000000)
 mdl_I1a32 =                (0.0000000000000000,0.0000000000000000)
 mdl_I1a33 =          (2.69953228041227219E-002,0.0000000000000000)
 mdl_I2a13 =                (0.0000000000000000,0.0000000000000000)
 mdl_I2a23 =                (0.0000000000000000,0.0000000000000000)
 mdl_I2a33 =               (0.98791394091683138,0.0000000000000000)
 mdl_I3a31 =                (0.0000000000000000,0.0000000000000000)
 mdl_I3a32 =                (0.0000000000000000,0.0000000000000000)
 mdl_I3a33 =               (0.98791394091683138,0.0000000000000000)
 mdl_I4a13 =                (0.0000000000000000,0.0000000000000000)
 mdl_I4a23 =                (0.0000000000000000,0.0000000000000000)
 mdl_I4a33 =          (2.69953228041227219E-002,0.0000000000000000)
 mdl_ee__exp__2 =    9.8251529432049817E-002
 mdl_sw__exp__2 =   0.23369913342182450     
 mdl_cw__exp__2 =   0.76630086657817542     
  Internal Params evaluated point by point
  ----------------------------------------
  
 mdl_sqrt__aS =   0.34496376621320685     
 mdl_G__exp__2 =    1.4953981031087418     
 mdl_G__exp__3 =    1.8286695702272273     
 mdl_G__exp__4 =    2.2362154867812229     
 mdl_MU_R__exp__2 =    8315.2513440000002     
 mdl_MU_R__exp__4 =    69143404.913893804     
  Couplings of UV_BSM_ToyModel_NLO-UFO
  ---------------------------------
  
        GC_10 =  -0.12229E+01   0.00000E+00
        GC_11 =   0.00000E+00   0.12229E+01
        GC_12 =   0.12229E+01   0.00000E+00
        GC_13 =  -0.00000E+00  -0.14954E+01
        GC_14 =   0.00000E+00   0.14954E+01
   R2GC_106_1 =  -0.00000E+00  -0.30881E-01
   R2GC_108_3 =  -0.00000E+00  -0.41837E+00
   R2GC_108_4 =  -0.00000E+00  -0.18939E+09
   R2GC_108_5 =  -0.00000E+00  -0.56030E+03
  R2GC_126_20 =   0.00000E+00   0.12626E-01
  R2GC_136_21 =   0.00000E+00   0.31566E-02
  R2GC_136_22 =   0.00000E+00   0.14205E-01
  R2GC_137_23 =  -0.00000E+00  -0.94697E-02
  R2GC_138_24 =   0.77201E-02   0.00000E+00
  R2GC_138_25 =   0.31846E-01   0.00000E+00
  R2GC_146_26 =  -0.77201E-02   0.00000E+00
  R2GC_146_27 =  -0.31846E-01   0.00000E+00
  R2GC_157_35 =   0.00000E+00   0.43434E+01
  R2GC_159_36 =  -0.00000E+00  -0.38719E-02
 UVGC_111_2_1eps -0.00000E+00  -0.50181E-01
 UVGC_115_4_1eps  0.13028E-01   0.00000E+00
 UVGC_115_5_1eps -0.14475E-02   0.00000E+00
 UVGC_116_6_1eps -0.13028E-01   0.00000E+00
 UVGC_116_7_1eps  0.14475E-02   0.00000E+00
 UVGC_136_23_1ep  0.00000E+00   0.63131E-02
 UVGC_136_24_1ep  0.00000E+00   0.63131E-02
 UVGC_136_25_1ep  0.00000E+00   0.63131E-02
 UVGC_137_26_1ep -0.00000E+00  -0.63131E-02
 UVGC_137_27_1ep  0.00000E+00   0.71023E-02
 UVGC_137_28_1ep -0.00000E+00  -0.71023E-02
 UVGC_137_29_1ep -0.00000E+00  -0.63131E-02
 UVGC_137_30_1ep -0.00000E+00  -0.63131E-02
 UVGC_138_31_1ep  0.77201E-02   0.00000E+00
 UVGC_138_32_1ep -0.38601E-02   0.00000E+00
 UVGC_138_33_1ep  0.73824E-01   0.00000E+00
 UVGC_138_34_1ep  0.77201E-02   0.00000E+00
 UVGC_138_35_1ep  0.77201E-02   0.00000E+00
 UVGC_139_36_1ep  0.60796E-01   0.00000E+00
 UVGC_139_37_1ep  0.28950E-02   0.00000E+00
 UVGC_140_38_1ep  0.47768E-01   0.00000E+00
 UVGC_140_39_1ep  0.43426E-02   0.00000E+00
 UVGC_141_41_1ep  0.00000E+00   0.38601E-02
 UVGC_141_42_1ep -0.00000E+00  -0.27503E-01
 UVGC_141_43_1ep -0.00000E+00  -0.14475E-02
 UVGC_146_48_1ep -0.77201E-02   0.00000E+00
 UVGC_146_49_1ep  0.38601E-02   0.00000E+00
 UVGC_146_50_1ep -0.47768E-01   0.00000E+00
 UVGC_146_51_1ep -0.43426E-02   0.00000E+00
 UVGC_146_52_1ep -0.77201E-02   0.00000E+00
 UVGC_146_53_1ep -0.77201E-02   0.00000E+00
 UVGC_147_54_1ep -0.60796E-01   0.00000E+00
 UVGC_147_55_1ep -0.28950E-02   0.00000E+00
 UVGC_148_56_1ep -0.73824E-01   0.00000E+00
 UVGC_155_84_1ep  0.00000E+00   0.37879E-01
 UVGC_156_86_1ep -0.00000E+00  -0.30881E-01
 UVGC_157_88_1ep  0.00000E+00   0.13030E+02
 UVGC_159_91_1ep -0.00000E+00  -0.38719E-02
  UVGC_136_23 =  -0.00000E+00   0.37442E-01
  UVGC_136_24 =  -0.00000E+00  -0.88384E-01
  UVGC_136_25 =  -0.00000E+00  -0.80123E-02
  UVGC_137_26 =  -0.00000E+00  -0.37442E-01
  UVGC_137_29 =   0.00000E+00   0.88384E-01
  UVGC_137_30 =   0.00000E+00   0.80123E-02
  UVGC_138_31 =   0.68679E-01  -0.00000E+00
  UVGC_138_34 =  -0.16212E+00  -0.00000E+00
  UVGC_138_35 =  -0.14697E-01  -0.00000E+00
  UVGC_141_40 =  -0.00000E+00  -0.22893E-01
  UVGC_141_44 =   0.00000E+00   0.54041E-01
  UVGC_141_45 =   0.00000E+00   0.48990E-02
  UVGC_146_48 =  -0.68679E-01   0.00000E+00
  UVGC_146_52 =   0.16212E+00   0.00000E+00
  UVGC_146_53 =   0.14697E-01   0.00000E+00
  UVGC_155_84 =   0.00000E+00   0.24315E-02
  UVGC_156_86 =   0.00000E+00  -0.29734E-02
  UVGC_156_87 =   0.00000E+00  -0.19236E-06
  UVGC_157_88 =   0.00000E+00   0.83643E+00
  UVGC_159_91 =   0.00000E+00   0.53678E-01
  UVGC_155_85 =   0.00000E+00   0.42250E-07
  UVGC_157_89 =   0.00000E+00  -0.29698E-05
  UVGC_158_90 =   0.00000E+00  -0.43895E-01
        GC_89 =  -0.00000E+00  -0.10000E+01
 UVGC_158_90_1ep  0.00000E+00   0.31663E-02

 Collider parameters:
 --------------------

 Running at P P   machine @    13000.000000000000       GeV
 PDF set = nn23nlo
 alpha_s(Mz)= 0.1190 running at 2 loops.
 alpha_s(Mz)= 0.1190 running at 2 loops.
 Renormalization scale set on event-by-event basis
 Factorization   scale set on event-by-event basis


 ===============================================================
 INFO: MadFKS read these parameters from FKS_params.dat
 ===============================================================
  > IRPoleCheckThreshold      =    1.0000000000000001E-005
  > PrecisionVirtualAtRunTime =    1.0000000000000000E-003
  > SelectedContributionTypes = All
  > VetoedContributionTypes   = None
  > QCD_squared_selected      = All
  > QED_squared_selected      = All
  > SelectedCouplingOrders(           1 ) =            0           2           0           4           0
  > NHelForMCoverHels         =            4
  > VirtualFraction           =    1.0000000000000000     
  > MinVirtualFraction        =    5.0000000000000001E-003
  > SeparateFlavourConfigs    =  F
  > UsePolyVirtual            =  F
 ===============================================================
  Insert the number of points to test
 Insert the relative tolerance
  A negative number will mean use the default one:    1.0000000000000001E-005
Using random seed offsets:     1 ,      1 ,      0
  with seed                   35
 Ranmar initialization seeds       14387        9410
 counterterm S.O           1 NP1
 BORN: keeping split order           1
 counterterm S.O           2 NP3
 BORN: keeping split order           1
 counterterm S.O           3 NP2
 BORN: not keeping split order           1
 counterterm S.O           4 QCD
 BORN: keeping split order           1
 counterterm S.O           5 QED
 BORN: not keeping split order           1
 alpha_s value used for the virtuals is (for the first PS point):   0.11900000000000002     
  ========================================================================================== 
 {                                                                                          }
 {       [32m                                                                            [0m       }
 {       [32m                               ,,                                           [0m       }
 {       [32m`7MMM.     ,MMF'             `7MM  `7MMF'                                   [0m       }
 {       [32m  MMMb    dPMM                 MM    MM                                     [0m       }
 {       [32m  M YM   ,M MM   ,6"Yb.   ,M""bMM    MM         ,pW"Wq.   ,pW"Wq.`7MMpdMAo. [0m       }
 {       [32m  M  Mb  M' MM  8)   MM ,AP    MM    MM        6W'   `Wb 6W'   `Wb MM   `Wb [0m       }
 {       [32m  M  YM.P'  MM   ,pm9MM 8MI    MM    MM      , 8M     M8 8M     M8 MM    M8 [0m       }
 {       [32m  M  `YM'   MM  8M   MM `Mb    MM    MM     ,M YA.   ,A9 YA.   ,A9 MM   ,AP [0m       }
 {       [32m.JML. `'  .JMML.`Moo9^Yo.`Wbmd"MML..JMMmmmmMMM  `Ybmd9'   `Ybmd9'  MMbmmd'  [0m       }
 {       [32m                                                                   MM       [0m       }
 {       [32m                                                                 .JMML.     [0m       }
 {       [32m[0mv3.6.3 (2025-06-12), Ref: arXiv:1103.0621v2, arXiv:1405.0301[32m                [0m       }
 {       [32m                                                                            [0m       }
 {                                                                                          }
  ========================================================================================== 
 ===============================================================
 INFO: MadLoop read these parameters from ./MadLoop5_resources/MadLoopParams.dat                                                                                                                                                                                                                                                                                                                                                                                                                                                                                          
 ===============================================================
  > MLReductionLib            = 6|7|1
  > CTModeRun                 =           -1
  > MLStabThres               =    1.0000000000000000E-003
  > NRotations_DP             =            0
  > NRotations_QP             =            0
  > CTStabThres               =    1.0000000000000000E-002
  > CTLoopLibrary             =            2
  > CTModeInit                =            1
  > CheckCycle                =            3
  > MaxAttempts               =           10
  > UseLoopFilter             =  F
  > HelicityFilterLevel       =            2
  > ImprovePSPoint            =            2
  > DoubleCheckHelicityFilter =  T
  > LoopInitStartOver         =  F
  > HelInitStartOver          =  F
  > ZeroThres                 =    1.0000000000000001E-009
  > OSThres                   =    1.0000000000000000E-008
  > WriteOutFilters           =  T
  > UseQPIntegrandForNinja    =  T
  > UseQPIntegrandForCutTools =  T
  > IREGIMODE                 =            2
  > IREGIRECY                 =  T
  > COLLIERMode               =            1
  > COLLIERRequiredAccuracy   =    1.0000000000000000E-008
  > COLLIERCanOutput          =  F
  > COLLIERComputeUVpoles     =  T
  > COLLIERComputeIRpoles     =  T
  > COLLIERGlobalCache        =           -1
  > COLLIERUseCacheForPoles   =  F
  > COLLIERUseInternalStabilityTest =  T
 ===============================================================
  
------------------------------------------------------------------------
|              You are using CutTools - Version 1.9.3                  |
|              Authors: G. Ossola, C. Papadopoulos, R. Pittau          |
|              Published in JHEP 0803:042,2008                         |
|              http://www.ugr.es/~pittau/CutTools                      |
|                                                                      |
|              Compiler with  34  significant digits detetected        |
 ---------------------------------------------------------------------- 
   
########################################################################
#                                                                      #

  +----------------------------------------------------------------+
  |                                                                |
  |  Ninja - version 1.2.0                                         |
  |                                                                |
  |  Author: Tiziano Peraro                                        |
  |                                                                |
  |  Based on:                                                     |
  |                                                                |
  |      P. Mastrolia, E. Mirabella and T. Peraro,                 |
  |      "Integrand reduction of one-loop scattering amplitudes    |
  |      through Laurent series expansion,"                        |
  |      JHEP 1206 (2012) 095  [arXiv:1203.0291 [hep-ph]].         |
  |                                                                |
  |      T. Peraro,                                                |
  |      "Ninja: Automated Integrand Reduction via Laurent         |
  |      Expansion for One-Loop Amplitudes,"                       |
  |      Comput.Phys.Commun. 185 (2014) [arXiv:1403.1229 [hep-ph]] |
  |                                                                |
  +----------------------------------------------------------------+


#                      You are using OneLOop-3.6                       #
#                                                                      #
# for the evaluation of 1-loop scalar 1-, 2-, 3- and 4-point functions #
#                                                                      #
# author: Andreas van Hameren <hamerenREMOVETHIS@ifj.edu.pl>           #
#   date: 18-02-2015                                                   #
#                                                                      #
# Please cite                                                          #
#    A. van Hameren,                                                   #
#      Comput.Phys.Commun. 182 (2011) 2427-2438, arXiv:1007.4716       #
#    A. van Hameren, C.G. Papadopoulos and R. Pittau,                  #
#      JHEP 0909:106,2009, arXiv:0903.4665                             #
# in publications with results obtained with the help of this program. #
#                                                                      #
########################################################################
########################################################################
#                                                                      #
#                      You are using OneLOop-3.6                       #
#                                                                      #
# for the evaluation of 1-loop scalar 1-, 2-, 3- and 4-point functions #
#                                                                      #
# author: Andreas van Hameren <hamerenREMOVETHIS@ifj.edu.pl>           #
#   date: 18-02-2015                                                   #
#                                                                      #
# Please cite                                                          #
#    A. van Hameren,                                                   #
#      Comput.Phys.Commun. 182 (2011) 2427-2438, arXiv:1007.4716       #
#    A. van Hameren, C.G. Papadopoulos and R. Pittau,                  #
#      JHEP 0909:106,2009, arXiv:0903.4665                             #
# in publications with results obtained with the help of this program. #
#                                                                      #
########################################################################
 VIRT: keeping split order            1
 VIRT: keeping split order            2
 INITIALIZATION POINT.
 RESULTS FROM INITIALIZATION POINTS WILL NOT BE USED FOR STATISTICS
 alpha_s value used for the virtuals is (for the first PS point):   0.11900000000000002     
 VIRT: keeping split order            1
 VIRT: keeping split order            2
 
 Splitorders           2
       NP1:           0
       NP3:           0
       NP2:           0
       QCD:           6
       QED:           0
 ---- POLES CANCELLED ----
  COEFFICIENT DOUBLE POLE:
        MadFKS:   -6.6026296608260301E-002           OLP:   -6.6026296608260177E-002
  COEFFICIENT SINGLE POLE:
        MadFKS:    7.9573821764282980E-004           OLP:    7.9572641116603987E-004
 MU_R    =    344.00000000000000     
 ALPHA_S =   0.11900000000000002     
 PASSED   1.0000000000000001E-005

 alpha_s value used for the virtuals is (for the first PS point):   0.11900000000000002     
 VIRT: keeping split order            1
 VIRT: keeping split order            2
 
 Splitorders           2
       NP1:           0
       NP3:           0
       NP2:           0
       QCD:           6
       QED:           0
 ---- POLES CANCELLED ----
  COEFFICIENT DOUBLE POLE:
        MadFKS:   -5.2704924832703115E-002           OLP:   -5.2704924832703032E-002
  COEFFICIENT SINGLE POLE:
        MadFKS:    1.2864464648093732E-002           OLP:    1.2864455270271835E-002
 MU_R    =    344.00000000000000     
 ALPHA_S =   0.11900000000000002     
 PASSED   1.0000000000000001E-005

 alpha_s value used for the virtuals is (for the first PS point):   0.11900000000000002     
 VIRT: keeping split order            1
 VIRT: keeping split order            2
 
 Splitorders           2
       NP1:           0
       NP3:           0
       NP2:           0
       QCD:           6
       QED:           0
 ---- POLES CANCELLED ----
  COEFFICIENT DOUBLE POLE:
        MadFKS:   -5.8596105465197279E-002           OLP:   -5.8596105465197112E-002
  COEFFICIENT SINGLE POLE:
        MadFKS:    7.7858325986594184E-003           OLP:    7.7858221469518053E-003
 MU_R    =    344.00000000000000     
 ALPHA_S =   0.11900000000000002     
 PASSED   1.0000000000000001E-005

 alpha_s value used for the virtuals is (for the first PS point):   0.11900000000000002     
 VIRT: keeping split order            1
 VIRT: keeping split order            2
 
 Splitorders           2
       NP1:           0
       NP3:           0
       NP2:           0
       QCD:           6
       QED:           0
 ---- POLES CANCELLED ----
  COEFFICIENT DOUBLE POLE:
        MadFKS:  -0.20138148936962999                OLP:  -0.20138148936963018     
  COEFFICIENT SINGLE POLE:
        MadFKS:  -0.20185854084018773                OLP:  -0.20185857727994216     
 MU_R    =    344.00000000000000     
 ALPHA_S =   0.11900000000000002     
 PASSED   1.0000000000000001E-005

 alpha_s value used for the virtuals is (for the first PS point):   0.11900000000000002     
 VIRT: keeping split order            1
 VIRT: keeping split order            2
 
 Splitorders           2
       NP1:           0
       NP3:           0
       NP2:           0
       QCD:           6
       QED:           0
 ---- POLES CANCELLED ----
  COEFFICIENT DOUBLE POLE:
        MadFKS:   -5.1081402725066290E-002           OLP:   -5.1081402725066130E-002
  COEFFICIENT SINGLE POLE:
        MadFKS:    1.4186600550461647E-002           OLP:    1.4186591468740262E-002
 MU_R    =    344.00000000000000     
 ALPHA_S =   0.11900000000000002     
 PASSED   1.0000000000000001E-005

 alpha_s value used for the virtuals is (for the first PS point):   0.11900000000000002     
 VIRT: keeping split order            1
 VIRT: keeping split order            2
 
 Splitorders           2
       NP1:           0
       NP3:           0
       NP2:           0
       QCD:           6
       QED:           0
 ---- POLES CANCELLED ----
  COEFFICIENT DOUBLE POLE:
        MadFKS:  -0.22918619360357273                OLP:  -0.22918619360357301     
  COEFFICIENT SINGLE POLE:
        MadFKS:  -0.25619698592776424                OLP:  -0.25619702742783279     
 MU_R    =    344.00000000000000     
 ALPHA_S =   0.11900000000000002     
 PASSED   1.0000000000000001E-005

 alpha_s value used for the virtuals is (for the first PS point):   0.11900000000000002     
 VIRT: keeping split order            1
 VIRT: keeping split order            2
 
 Splitorders           2
       NP1:           0
       NP3:           0
       NP2:           0
       QCD:           6
       QED:           0
 ---- POLES CANCELLED ----
  COEFFICIENT DOUBLE POLE:
        MadFKS:   -6.4198785035306738E-002           OLP:   -6.4198785035306780E-002
  COEFFICIENT SINGLE POLE:
        MadFKS:    2.5723848565277624E-003           OLP:    2.5723733834557409E-003
 MU_R    =    344.00000000000000     
 ALPHA_S =   0.11900000000000002     
 PASSED   1.0000000000000001E-005

 alpha_s value used for the virtuals is (for the first PS point):   0.11900000000000002     
 VIRT: keeping split order            1
 VIRT: keeping split order            2
 
 Splitorders           2
       NP1:           0
       NP3:           0
       NP2:           0
       QCD:           6
       QED:           0
 ---- POLES CANCELLED ----
  COEFFICIENT DOUBLE POLE:
        MadFKS:   -5.0955998498957850E-002           OLP:   -5.0955998498956379E-002
  COEFFICIENT SINGLE POLE:
        MadFKS:    1.4287276087638160E-002           OLP:    1.4287267028790289E-002
 MU_R    =    344.00000000000000     
 ALPHA_S =   0.11900000000000002     
 PASSED   1.0000000000000001E-005

 alpha_s value used for the virtuals is (for the first PS point):   0.11900000000000002     
 VIRT: keeping split order            1
 VIRT: keeping split order            2
 
 Splitorders           2
       NP1:           0
       NP3:           0
       NP2:           0
       QCD:           6
       QED:           0
 ---- POLES CANCELLED ----
  COEFFICIENT DOUBLE POLE:
        MadFKS:   -5.1039796889052622E-002           OLP:   -5.1039796889052559E-002
  COEFFICIENT SINGLE POLE:
        MadFKS:    1.4220025299704250E-002           OLP:    1.4220016225573236E-002
 MU_R    =    344.00000000000000     
 ALPHA_S =   0.11900000000000002     
 PASSED   1.0000000000000001E-005

 alpha_s value used for the virtuals is (for the first PS point):   0.11900000000000002     
 VIRT: keeping split order            1
 VIRT: keeping split order            2
 
 Splitorders           2
       NP1:           0
       NP3:           0
       NP2:           0
       QCD:           6
       QED:           0
 ---- POLES CANCELLED ----
  COEFFICIENT DOUBLE POLE:
        MadFKS:  -0.13295638560286896                OLP:  -0.13295638560286890     
  COEFFICIENT SINGLE POLE:
        MadFKS:   -8.4547926690877406E-002           OLP:   -8.4547950681114759E-002
 MU_R    =    344.00000000000000     
 ALPHA_S =   0.11900000000000002     
 PASSED   1.0000000000000001E-005

 alpha_s value used for the virtuals is (for the first PS point):   0.11900000000000002     
 VIRT: keeping split order            1
 VIRT: keeping split order            2
 
 Splitorders           2
       NP1:           0
       NP3:           0
       NP2:           0
       QCD:           6
       QED:           0
 ---- POLES CANCELLED ----
  COEFFICIENT DOUBLE POLE:
        MadFKS:   -8.8140930185206551E-002           OLP:   -8.8140930185206509E-002
  COEFFICIENT SINGLE POLE:
        MadFKS:   -2.3352310866013991E-002           OLP:   -2.3352326700152325E-002
 MU_R    =    344.00000000000000     
 ALPHA_S =   0.11900000000000002     
 PASSED   1.0000000000000001E-005

 alpha_s value used for the virtuals is (for the first PS point):   0.11900000000000002     
 VIRT: keeping split order            1
 VIRT: keeping split order            2
 
 Splitorders           2
       NP1:           0
       NP3:           0
       NP2:           0
       QCD:           6
       QED:           0
 ---- POLES CANCELLED ----
  COEFFICIENT DOUBLE POLE:
        MadFKS:   -7.4119655306090285E-002           OLP:   -7.4119655306090271E-002
  COEFFICIENT SINGLE POLE:
        MadFKS:   -7.4945358645776214E-003           OLP:   -7.4945491452552866E-003
 MU_R    =    344.00000000000000     
 ALPHA_S =   0.11900000000000002     
 PASSED   1.0000000000000001E-005

 alpha_s value used for the virtuals is (for the first PS point):   0.11900000000000002     
 VIRT: keeping split order            1
 VIRT: keeping split order            2
 
 Splitorders           2
       NP1:           0
       NP3:           0
       NP2:           0
       QCD:           6
       QED:           0
 ---- POLES CANCELLED ----
  COEFFICIENT DOUBLE POLE:
        MadFKS:   -8.2527326811397184E-002           OLP:   -8.2527326811397225E-002
  COEFFICIENT SINGLE POLE:
        MadFKS:   -1.6788373513909799E-002           OLP:   -1.6788388326104488E-002
 MU_R    =    344.00000000000000     
 ALPHA_S =   0.11900000000000002     
 PASSED   1.0000000000000001E-005

 alpha_s value used for the virtuals is (for the first PS point):   0.11900000000000002     
 VIRT: keeping split order            1
 VIRT: keeping split order            2
 
 Splitorders           2
       NP1:           0
       NP3:           0
       NP2:           0
       QCD:           6
       QED:           0
 ---- POLES CANCELLED ----
  COEFFICIENT DOUBLE POLE:
        MadFKS:   -5.1555705906995611E-002           OLP:   -5.1555705906995583E-002
  COEFFICIENT SINGLE POLE:
        MadFKS:    1.3803935093284413E-002           OLP:    1.3803925925054278E-002
 MU_R    =    344.00000000000000     
 ALPHA_S =   0.11900000000000002     
 PASSED   1.0000000000000001E-005

 alpha_s value used for the virtuals is (for the first PS point):   0.11900000000000002     
 VIRT: keeping split order            1
 VIRT: keeping split order            2
 
 Splitorders           2
       NP1:           0
       NP3:           0
       NP2:           0
       QCD:           6
       QED:           0
 ---- POLES CANCELLED ----
  COEFFICIENT DOUBLE POLE:
        MadFKS:  -0.10483228622676648                OLP:  -0.10483228622676637     
  COEFFICIENT SINGLE POLE:
        MadFKS:   -4.4418869391728177E-002           OLP:   -4.4418888264188210E-002
 MU_R    =    344.00000000000000     
 ALPHA_S =   0.11900000000000002     
 PASSED   1.0000000000000001E-005

 alpha_s value used for the virtuals is (for the first PS point):   0.11900000000000002     
 VIRT: keeping split order            1
 VIRT: keeping split order            2
 
 Splitorders           2
       NP1:           0
       NP3:           0
       NP2:           0
       QCD:           6
       QED:           0
 ---- POLES CANCELLED ----
  COEFFICIENT DOUBLE POLE:
        MadFKS:  -0.34976935247395957                OLP:  -0.34976935247395857     
  COEFFICIENT SINGLE POLE:
        MadFKS:  -0.52809224872667537                OLP:  -0.52809231219193675     
 MU_R    =    344.00000000000000     
 ALPHA_S =   0.11900000000000002     
 PASSED   1.0000000000000001E-005

 alpha_s value used for the virtuals is (for the first PS point):   0.11900000000000002     
 VIRT: keeping split order            1
 VIRT: keeping split order            2
 
 Splitorders           2
       NP1:           0
       NP3:           0
       NP2:           0
       QCD:           6
       QED:           0
 ---- POLES CANCELLED ----
  COEFFICIENT DOUBLE POLE:
        MadFKS:  -0.13871686186561696                OLP:  -0.13871686186561705     
  COEFFICIENT SINGLE POLE:
        MadFKS:   -9.3410458729251661E-002           OLP:   -9.3410483767605940E-002
 MU_R    =    344.00000000000000     
 ALPHA_S =   0.11900000000000002     
 PASSED   1.0000000000000001E-005

 alpha_s value used for the virtuals is (for the first PS point):   0.11900000000000002     
 VIRT: keeping split order            1
 VIRT: keeping split order            2
 
 Splitorders           2
       NP1:           0
       NP3:           0
       NP2:           0
       QCD:           6
       QED:           0
 ---- POLES CANCELLED ----
  COEFFICIENT DOUBLE POLE:
        MadFKS:   -8.5115016012851152E-002           OLP:   -8.5115016012851180E-002
  COEFFICIENT SINGLE POLE:
        MadFKS:   -1.9779685422124976E-002           OLP:   -1.9779700705199889E-002
 MU_R    =    344.00000000000000     
 ALPHA_S =   0.11900000000000002     
 PASSED   1.0000000000000001E-005

 alpha_s value used for the virtuals is (for the first PS point):   0.11900000000000002     
 VIRT: keeping split order            1
 VIRT: keeping split order            2
 
 Splitorders           2
       NP1:           0
       NP3:           0
       NP2:           0
       QCD:           6
       QED:           0
 ---- POLES CANCELLED ----
  COEFFICIENT DOUBLE POLE:
        MadFKS:   -7.4147449981918481E-002           OLP:   -7.4147449981918453E-002
  COEFFICIENT SINGLE POLE:
        MadFKS:   -7.5241490044952244E-003           OLP:   -7.5241622904268172E-003
 MU_R    =    344.00000000000000     
 ALPHA_S =   0.11900000000000002     
 PASSED   1.0000000000000001E-005

 alpha_s value used for the virtuals is (for the first PS point):   0.11900000000000002     
 VIRT: keeping split order            1
 VIRT: keeping split order            2
 
 Splitorders           2
       NP1:           0
       NP3:           0
       NP2:           0
       QCD:           6
       QED:           0
 ---- POLES CANCELLED ----
  COEFFICIENT DOUBLE POLE:
        MadFKS:  -0.15097914593030018                OLP:  -0.15097914593030015     
  COEFFICIENT SINGLE POLE:
        MadFKS:  -0.11294439345551671                OLP:  -0.11294442072485272     
 MU_R    =    344.00000000000000     
 ALPHA_S =   0.11900000000000002     
 PASSED   1.0000000000000001E-005

 NUMBER OF POINTS PASSING THE CHECK          20
 NUMBER OF POINTS FAILING THE CHECK           0
 TOLERANCE    1.0000000000000001E-005
