#************************************************************
#*                    MadGraph5_aMC@NLO                     *
#*                                                          *
#*                *                       *                 *
#*                  *        * *        *                   *
#*                    * * * * 5 * * * *                     *
#*                  *        * *        *                   *
#*                *                       *                 *
#*                                                          *
#*                                                          *
#*         VERSION 5.3.6.3                                  *
#*                                                          *
#*    The MadGraph5_aMC@NLO Development Team - Find us at   *
#*    https://server06.fynu.ucl.ac.be/projects/madgraph     *
#*                           and                            *
#*                http://amcatnlo.cern.ch                   *
#*                                                          *
#************************************************************
#*                                                          *
#*               Command File for aMCatNLO                  *
#*                                                          *
#*     run as ./bin/aMCatNLO.py filename                    *
#*                                                          *
#************************************************************
launch 
Traceback (most recent call last):
  File "/home/vinicius/EFT_ToyModel/processFolders/U_BSM_ToyModel_Loop/uubar2ttbar_gs4_ydm2/bin/internal/extended_cmd.py", line 1548, in onecmd
    return self.onecmd_orig(line, **opt)
           ^^^^^^^^^^^^^^^^^^^^^^^^^^^^^
  File "/home/vinicius/EFT_ToyModel/processFolders/U_BSM_ToyModel_Loop/uubar2ttbar_gs4_ydm2/bin/internal/extended_cmd.py", line 1497, in onecmd_orig
    return func(arg, **opt)
           ^^^^^^^^^^^^^^^^
  File "/home/vinicius/EFT_ToyModel/processFolders/U_BSM_ToyModel_Loop/uubar2ttbar_gs4_ydm2/bin/internal/amcatnlo_run_interface.py", line 1755, in do_launch
    mode = self.ask_run_configuration(mode, options)
           ^^^^^^^^^^^^^^^^^^^^^^^^^^^^^^^^^^^^^^^^^
  File "/home/vinicius/EFT_ToyModel/processFolders/U_BSM_ToyModel_Loop/uubar2ttbar_gs4_ydm2/bin/internal/amcatnlo_run_interface.py", line 5803, in ask_run_configuration
    self.ask_edit_cards(cards, plot=False, first_cmd=first_cmd, switch=switch)
  File "/home/vinicius/EFT_ToyModel/processFolders/U_BSM_ToyModel_Loop/uubar2ttbar_gs4_ydm2/bin/internal/common_run_interface.py", line 1074, in ask_edit_cards
    self.ask_edit_card_static(cards, mode, plot, self.options['timeout'],
  File "/home/vinicius/EFT_ToyModel/processFolders/U_BSM_ToyModel_Loop/uubar2ttbar_gs4_ydm2/bin/internal/common_run_interface.py", line 1146, in ask_edit_card_static
    out = ask(question, '0', possible_answer, timeout=int(1.5*timeout),
          ^^^^^^^^^^^^^^^^^^^^^^^^^^^^^^^^^^^^^^^^^^^^^^^^^^^^^^^^^^^^^
  File "/home/vinicius/EFT_ToyModel/processFolders/U_BSM_ToyModel_Loop/uubar2ttbar_gs4_ydm2/bin/internal/extended_cmd.py", line 1151, in ask
    value =   Cmd.timed_input(question, default, timeout=timeout,
              ^^^^^^^^^^^^^^^^^^^^^^^^^^^^^^^^^^^^^^^^^^^^^^^^^^^
  File "/home/vinicius/EFT_ToyModel/processFolders/U_BSM_ToyModel_Loop/uubar2ttbar_gs4_ydm2/bin/internal/extended_cmd.py", line 1764, in timed_input
    result = fct(question)
             ^^^^^^^^^^^^^
  File "/home/vinicius/EFT_ToyModel/processFolders/U_BSM_ToyModel_Loop/uubar2ttbar_gs4_ydm2/bin/internal/extended_cmd.py", line 2146, in __call__
    return self.cmdloop()
           ^^^^^^^^^^^^^^
  File "/home/vinicius/EFT_ToyModel/processFolders/U_BSM_ToyModel_Loop/uubar2ttbar_gs4_ydm2/bin/internal/extended_cmd.py", line 2317, in cmdloop
    super(SmartQuestion,self).cmdloop(intro)
  File "/home/vinicius/EFT_ToyModel/processFolders/U_BSM_ToyModel_Loop/uubar2ttbar_gs4_ydm2/bin/internal/extended_cmd.py", line 165, in cmdloop
    line = input(self.prompt)
           ^^^^^^^^^^^^^^^^^^
KeyboardInterrupt
Value of current Options:
             pythia8_path 	:	None
                hwpp_path 	:	None
              thepeg_path 	:	None
               hepmc_path 	:	None
         madanalysis_path 	:	None
        madanalysis5_path 	:	None
          pythia-pgs_path 	:	None
                  td_path 	:	None
             delphes_path 	:	None
      exrootanalysis_path 	:	None
             syscalc_path 	:	None
               rivet_path 	:	None
                yoda_path 	:	None
                   lhapdf 	:	lhapdf-config
               lhapdf_py2 	:	None
               lhapdf_py3 	:	None
                  timeout 	:	60
            f2py_compiler 	:	None
        f2py_compiler_py2 	:	None
        f2py_compiler_py3 	:	None
              web_browser 	:	google-chrome
               eps_viewer 	:	None
              text_editor 	:	gedit
         fortran_compiler 	:	None
             cpp_compiler 	:	None
              auto_update 	:	7
             cluster_type 	:	condor
    cluster_status_update 	:	(600, 30)
         cluster_nb_retry 	:	1
       cluster_local_path 	:	None
       cluster_retry_wait 	:	300
             stdout_level 	:	None
   automatic_html_opening 	:	True
      notification_center 	:	True
                 run_mode 	:	2
            cluster_queue 	:	None
             cluster_time 	:	None
             cluster_size 	:	100
           cluster_memory 	:	None
                  nb_core 	:	12
        cluster_temp_path 	:	None
                 mg5_path 	:	/home/vinicius/MadGraph/MG5_aMC_v3_6_3
                    golem 	:	None
                    ninja 	:	/home/vinicius/MadGraph/MG5_aMC_v3_6_3/HEPTools/lib
                  collier 	:	None
