 Process in group number            1
 A PDF is used, so alpha_s(MZ) is going to be modified
 Old value of alpha_s from param_card:   0.13000000000000003     
  ****************************************
 
       NNPDFDriver version 1.0.3
   Grid: NNPDF23_lo_as_0130_qed_mem0.grid
  ****************************************
 New value of alpha_s from PDF nn23lo1:  0.13000000000000000     
 Define smin to   118336.00000000000     
 *****************************************************
 *               MadGraph/MadEvent                   *
 *        --------------------------------           *
 *          http://madgraph.hep.uiuc.edu             *
 *          http://madgraph.phys.ucl.ac.be           *
 *          http://madgraph.roma2.infn.it            *
 *        --------------------------------           *
 *                                                   *
 *          PARAMETER AND COUPLING VALUES            *
 *                                                   *
 *****************************************************

  External Params
  ---------------------------------
  
 mdl_cabi =   0.22773599999999999     
 mdl_yDM =    1.0000000000000000     
 mdl_lamHs =    1.0000000000000000     
 mdl_lamS =    1.0000000000000000     
 MU_R =    91.188000000000002     
 mdl_MB =    4.7000000000000002     
 mdl_MT =    172.00000000000000     
 mdl_MTA =    1.7769999999999999     
 mdl_MZ =    91.187600000000003     
 mdl_MH =    125.00000000000000     
 mdl_mPsiT =    400.00000000000000     
 mdl_mSDM =    100.00000000000000     
 aEWM1 =    127.90000000000001     
 mdl_Gf =    1.1663700000000000E-005
 aS =   0.13000000000000003     
 mdl_ymb =    4.7000000000000002     
 mdl_ymt =    172.00000000000000     
 mdl_ymtau =    1.7769999999999999     
 mdl_WT =    1.5083359999999999     
 mdl_WZ =    2.4952000000000001     
 mdl_WW =    2.0850000000000000     
 mdl_WH =    4.0699999999999998E-003
 mdl_WPsiT =    1.0000000000000000     
  Internal Params
  ---------------------------------
  
 mdl_cos__cabi =   0.97418004031982097     
 mdl_CKM1x1 =               (0.97418004031982097,0.0000000000000000)
 mdl_sin__cabi =   0.22577256042856930     
 mdl_CKM1x2 =               (0.22577256042856930,0.0000000000000000)
 mdl_CKM1x3 =                (0.0000000000000000,0.0000000000000000)
 mdl_CKM2x1 =              (-0.22577256042856930,0.0000000000000000)
 mdl_CKM2x2 =               (0.97418004031982097,0.0000000000000000)
 mdl_CKM2x3 =                (0.0000000000000000,0.0000000000000000)
 mdl_CKM3x1 =                (0.0000000000000000,0.0000000000000000)
 mdl_CKM3x2 =                (0.0000000000000000,0.0000000000000000)
 mdl_CKM3x3 =                (1.0000000000000000,0.0000000000000000)
 mdl_MZ__exp__2 =    8315.1783937600012     
 mdl_MZ__exp__4 =    69142191.720053151     
 mdl_sqrt__2 =    1.4142135623730951     
 mdl_MH__exp__2 =    15625.000000000000     
 mdl_conjg__CKM1x3 =               (0.0000000000000000,-0.0000000000000000)
 mdl_conjg__CKM2x3 =               (0.0000000000000000,-0.0000000000000000)
 mdl_conjg__CKM3x3 =               (1.0000000000000000,-0.0000000000000000)
 mdl_conjg__CKM3x1 =               (0.0000000000000000,-0.0000000000000000)
 mdl_conjg__CKM3x2 =               (0.0000000000000000,-0.0000000000000000)
 mdl_complexi =                (0.0000000000000000,1.0000000000000000)
 mdl_conjg__CKM2x1 =             (-0.22577256042856930,-0.0000000000000000)
 mdl_conjg__CKM2x2 =              (0.97418004031982097,-0.0000000000000000)
 mdl_conjg__CKM1x1 =              (0.97418004031982097,-0.0000000000000000)
 mdl_conjg__CKM1x2 =              (0.22577256042856930,-0.0000000000000000)
 mdl_yDM__exp__2 =    1.0000000000000000     
 mdl_MB__exp__2 =    22.090000000000003     
 mdl_mPsiT__exp__2 =    160000.00000000000     
 mdl_MT__exp__2 =    29584.000000000000     
 mdl_yDM__exp__3 =    1.0000000000000000     
 mdl_mSDM__exp__4 =    100000000.00000000     
 mdl_mSDM__exp__2 =    10000.000000000000     
 mdl_mPsiT__exp__4 =    25600000000.000000     
 mdl_mSDM__exp__6 =    1000000000000.0000     
 mdl_mPsiT__exp__6 =    4096000000000000.0     
 mdl_MT__exp__4 =    875213056.00000000     
 mdl_mPsiT__exp__3 =    64000000.000000000     
 mdl_mSDM__exp__3 =    1000000.0000000000     
 mdl_MT__exp__3 =    5088448.0000000000     
 mdl_MT__exp__6 =    25892303048704.000     
 mdl_MT__exp__8 =    7.6599789339285914E+017
 mdl_mPsiT__exp__8 =    6.5536000000000000E+020
 mdl_aEW =    7.8186082877247844E-003
 mdl_MW =    79.824359746197842     
 mdl_sqrt__aEW =    8.8422894590285753E-002
 mdl_ee =   0.31345100004952897     
 mdl_MW__exp__2 =    6371.9284088904105     
 mdl_sw2 =   0.23369913342182447     
 mdl_cw =   0.87538612427783857     
 mdl_sqrt__sw2 =   0.48342438232036300     
 mdl_sw =   0.48342438232036300     
 mdl_g1 =   0.35807170271074895     
 mdl_gw =   0.64839716719502682     
 mdl_vev =    246.22056907348590     
 mdl_vev__exp__2 =    60624.568634871241     
 mdl_lam =   0.12886689630821144     
 mdl_yb =    2.6995322804122722E-002
 mdl_yt =   0.98791394091683138     
 mdl_ytau =    1.0206529494239589E-002
 mdl_muH =    88.388347648318444     
 mdl_I1a31 =                (0.0000000000000000,0.0000000000000000)
 mdl_I1a32 =                (0.0000000000000000,0.0000000000000000)
 mdl_I1a33 =          (2.69953228041227219E-002,0.0000000000000000)
 mdl_I2a13 =                (0.0000000000000000,0.0000000000000000)
 mdl_I2a23 =                (0.0000000000000000,0.0000000000000000)
 mdl_I2a33 =               (0.98791394091683138,0.0000000000000000)
 mdl_I3a31 =                (0.0000000000000000,0.0000000000000000)
 mdl_I3a32 =                (0.0000000000000000,0.0000000000000000)
 mdl_I3a33 =               (0.98791394091683138,0.0000000000000000)
 mdl_I4a13 =                (0.0000000000000000,0.0000000000000000)
 mdl_I4a23 =                (0.0000000000000000,0.0000000000000000)
 mdl_I4a33 =          (2.69953228041227219E-002,0.0000000000000000)
 mdl_ee__exp__2 =    9.8251529432049817E-002
 mdl_sw__exp__2 =   0.23369913342182450     
 mdl_cw__exp__2 =   0.76630086657817542     
  Internal Params evaluated point by point
  ----------------------------------------
  
 mdl_sqrt__aS =   0.36055512754639896     
 mdl_G__exp__2 =    1.6336281798666927     
 mdl_G__exp__3 =    2.0879967795625545     
 mdl_G__exp__4 =    2.6687410300545635     
 mdl_MU_R__exp__2 =    8315.2513440000002     
 mdl_MU_R__exp__4 =    69143404.913893804     
  Couplings of UV_BSM_ToyModel_NLO-UFO
  ---------------------------------
  
        GC_10 =  -0.12781E+01   0.00000E+00
        GC_11 =   0.00000E+00   0.12781E+01
        GC_12 =   0.12781E+01   0.00000E+00

 Collider parameters:
 --------------------

 Running at P P   machine @    13000.000000000000       GeV
 PDF set = nn23lo1
 alpha_s(Mz)= 0.1300 running at 2 loops.
 alpha_s(Mz)= 0.1300 running at 2 loops.
 Renormalization scale set on event-by-event basis
 Factorization   scale set on event-by-event basis


 getting user params
Enter number of events and max and min iterations: 
 Number of events and iterations         1000           5           3
Enter desired fractional accuracy: 
 Desired fractional accuracy:   0.10000000000000001     
Enter 0 for fixed, 2 for adjustable grid: 
Suppress amplitude (0 no, 1 yes)? 
 Using suppressed amplitude.
Exact helicity sum (0 yes, n = number/event)? 
 Explicitly summing over helicities
Enter Configuration Number: 
Running Configuration Number:    1
 Not subdividing B.W.
 Attempting mappinvarients           1           4
 Determine nb_t
 T-channel found:            0
 Completed mapping           4
 about to integrate            4        1000           5           3           4           1
 Using non-zero grid deformation.
  4 dimensions   1000 events  4 invarients  5 iterations  1 config(s),  (0.99)
 Using h-tuple random number sequence.
 Error opening grid
 Using Uniform Grid!          16
 Using uniform alpha   1.0000000000000000     
 Grid defined OK
 Masses: 0.000E+00 0.000E+00 0.172E+03 0.172E+03
 Set CM energy to      13000.00
 Mapping Graph           1  to config           1
 Determine nb_t
 T-channel found:            0
 Transforming s_hat 1/s            3   7.0021301775147942E-004   118336.00000000000        168999999.99999997     
Using random seed offsets     1 :      2
  with seed                   24
 Ranmar initialization seeds       31059        9399
  Particle       3       4
      Et >     0.0     0.0
       E >     0.0     0.0
     Eta <    -1.0    -1.0
   xqcut:      0.0     0.0
d R # 3  >    -0.0     0.0
s min # 3>     0.0     0.0
xqcutij # 3>     0.0     0.0
 
 ********************************************
 * You are using the DiscreteSampler module *
 *      part of the MG5_aMC framework       *
 *         Author: Valentin Hirschi         *
 ********************************************
 
 RESET CUMULATIVE VARIABLE
 Iteration  1   Mean: 0.6824E+02 Abs mean: 0.6824E+02   Fluctuation:  0.219E+01   0.255E+03    99.9%
  1    0.6824E+02 0.6824E+02 +- 0.2193E+01      1.02
 Writing out events   1.3662073183937693E-002   1.0163054540685430     
 Relative summed weights:
  0.5678E+00  0.4322E+00
 Relative number of events:
  0.5391E+00  0.4609E+00
 Events:
         544         465
 Iteration  2   Mean: 0.6564E+02 Abs mean: 0.6564E+02   Fluctuation:  0.828E+00   0.206E+03   100.0%
  2    0.6564E+02 0.6564E+02 +- 0.8276E+00      0.56
 Relative summed weights:
  0.5211E+00  0.4789E+00
 Relative number of events:
  0.5110E+00  0.4890E+00
 Events:
        1022         978
 Iteration  3   Mean: 0.6589E+02 Abs mean: 0.6589E+02   Fluctuation:  0.405E+00   0.126E+03    99.9%
  3    0.6589E+02 0.6589E+02 +- 0.4046E+00      0.39
 Relative summed weights:
  0.4837E+00  0.5163E+00
 Relative number of events:
  0.4840E+00  0.5160E+00
 Events:
        1936        2064
 Accuracy:    0.004   0.100   0.005   0.659
 Finished due to accuracy    4.4154157853783403E-003  0.10000000000000001     

 -------------------------------------------------------------------------------
 Accumulated results:   Integral =  0.6591E+02
                        Std dev  =  0.3586E+00
                       Cross sec =  0.6591E+02
             Chi**2 per DoF.     =      0.6586
 -------------------------------------------------------------------------------
 Found          390  events.
 Wrote          387  events.
 Actual xsec    65.913532042689440     
 Correct abs xsec    65.913532042689440     
 Event xsec    65.913532042689937     
 Events wgts > 1:            0
 % Cross section > 1:    0.0000000000000000        0.0000000000000000     
-------------------------------------------------
---------------------------
 Results Last   3 iters: Integral =   0.6591E+02
                     Abs integral =   0.6591E+02
                          Std dev =   0.3586E+00
                  Chi**2 per DoF. =      0.6185
-------------------------------------------------
---------------------------
 Status  0.10000000000000001                4           5

ls status:
events.lhe
ftn26
input_app.txt
results.dat
run1_app.log
