 SPLIT TYPE USED: T F
 A PDF is used, so alpha_s(MZ) is going to be modified
 Old value of alpha_s from param_card:   0.11900000000000002     
  ****************************************
 
       NNPDFDriver version 1.0.3
   Grid: NNPDF23nlo_as_0119_qed_mem0.grid
  ****************************************
 New value of alpha_s from PDF nn23nlo:  0.11899999999999999     
 *****************************************************
 *               MadGraph/MadEvent                   *
 *        --------------------------------           *
 *          http://madgraph.hep.uiuc.edu             *
 *          http://madgraph.phys.ucl.ac.be           *
 *          http://madgraph.roma2.infn.it            *
 *        --------------------------------           *
 *                                                   *
 *          PARAMETER AND COUPLING VALUES            *
 *                                                   *
 *****************************************************

  External Params
  ---------------------------------
  
 mdl_cabi =   0.22773599999999999     
 MU_R =    91.188000000000002     
 mdl_MB =    4.7000000000000002     
 mdl_MT =    172.00000000000000     
 mdl_MZ =    91.187600000000003     
 mdl_MH =    125.00000000000000     
 aEWM1 =    127.90000000000001     
 mdl_Gf =    1.1663700000000000E-005
 aS =   0.11900000000000002     
 mdl_ymb =    4.7000000000000002     
 mdl_ymt =    172.00000000000000     
 mdl_WT =    0.0000000000000000     
 mdl_WZ =    2.4952000000000001     
 mdl_WW =    2.0850000000000000     
 mdl_WH =    4.0699999999999998E-003
  Internal Params
  ---------------------------------
  
 mdl_cos__cabi =   0.97418004031982097     
 mdl_CKM1x1 =               (0.97418004031982097,0.0000000000000000)
 mdl_sin__cabi =   0.22577256042856930     
 mdl_CKM1x2 =               (0.22577256042856930,0.0000000000000000)
 mdl_CKM2x1 =              (-0.22577256042856930,0.0000000000000000)
 mdl_CKM2x2 =               (0.97418004031982097,0.0000000000000000)
 mdl_MZ__exp__2 =    8315.1783937600012     
 mdl_MZ__exp__4 =    69142191.720053151     
 mdl_sqrt__2 =    1.4142135623730951     
 mdl_MH__exp__2 =    15625.000000000000     
 mdl_complexi =                (0.0000000000000000,1.0000000000000000)
 mdl_conjg__CKM1x1 =              (0.97418004031982097,-0.0000000000000000)
 mdl_conjg__CKM1x2 =              (0.22577256042856930,-0.0000000000000000)
 mdl_conjg__CKM2x1 =             (-0.22577256042856930,-0.0000000000000000)
 mdl_conjg__CKM2x2 =              (0.97418004031982097,-0.0000000000000000)
 mdl_MB__exp__2 =    22.090000000000003     
 mdl_MT__exp__2 =    29584.000000000000     
 mdl_aEW =    7.8186082877247844E-003
 mdl_MW =    79.824359746197842     
 mdl_sqrt__aEW =    8.8422894590285753E-002
 mdl_ee =   0.31345100004952897     
 mdl_MW__exp__2 =    6371.9284088904105     
 mdl_sw2 =   0.23369913342182447     
 mdl_cw =   0.87538612427783857     
 mdl_sqrt__sw2 =   0.48342438232036300     
 mdl_sw =   0.48342438232036300     
 mdl_g1 =   0.35807170271074895     
 mdl_gw =   0.64839716719502682     
 mdl_vev =    246.22056907348590     
 mdl_vev__exp__2 =    60624.568634871241     
 mdl_lam =   0.12886689630821144     
 mdl_yb =    2.6995322804122722E-002
 mdl_yt =   0.98791394091683138     
 mdl_muH =    88.388347648318444     
 mdl_I1a33 =          (2.69953228041227219E-002,0.0000000000000000)
 mdl_I2a33 =               (0.98791394091683138,0.0000000000000000)
 mdl_I3a33 =               (0.98791394091683138,0.0000000000000000)
 mdl_I4a33 =          (2.69953228041227219E-002,0.0000000000000000)
 mdl_ee__exp__2 =    9.8251529432049817E-002
 mdl_sw__exp__2 =   0.23369913342182450     
 mdl_cw__exp__2 =   0.76630086657817542     
 mdl_yb__exp__2 =    7.2874745329878823E-004
 mdl_yt__exp__2 =   0.97597395465782455     
  Internal Params evaluated point by point
  ----------------------------------------
  
 mdl_sqrt__aS =   0.34496376621320685     
 mdl_G__exp__2 =    1.4953981031087418     
 mdl_G__exp__4 =    2.2362154867812229     
 mdl_G__exp__3 =    1.8286695702272273     
  Couplings of SM_NLO-UFO
  ---------------------------------
  
        GC_11 =  -0.12229E+01   0.00000E+00
        GC_12 =   0.00000E+00   0.12229E+01
        GC_13 =   0.12229E+01   0.00000E+00
  R2GC_120_21 =  -0.00000E+00  -0.30880E-01
  R2GC_155_37 =   0.00000E+00   0.31566E-02
  R2GC_155_38 =   0.00000E+00   0.14205E-01
  R2GC_156_39 =  -0.00000E+00  -0.94697E-02
   R2GC_87_60 =  -0.00000E+00  -0.41837E+00
   R2GC_87_61 =  -0.00000E+00  -0.56030E+03
 UVGC_120_21_1ep -0.00000E+00  -0.50181E-01
 UVGC_123_24_1ep  0.00000E+00   0.00000E+00
 UVGC_123_25_1ep  0.00000E+00   0.38601E-02
 UVGC_123_26_1ep -0.00000E+00  -0.27503E-01
 UVGC_123_27_1ep -0.00000E+00  -0.14475E-02
 UVGC_123_28_1ep  0.00000E+00   0.00000E+00
 UVGC_123_29_1ep  0.00000E+00   0.15440E-01
 UVGC_155_54_1ep  0.00000E+00   0.63131E-02
 UVGC_155_55_1ep  0.00000E+00   0.63131E-02
 UVGC_156_56_1ep  0.00000E+00  -0.63131E-02
 UVGC_156_57_1ep  0.00000E+00   0.71023E-02
 UVGC_156_58_1ep -0.00000E+00  -0.71023E-02
 UVGC_156_59_1ep  0.00000E+00  -0.63131E-02
 UVGC_171_101_1e -0.00000E+00  -0.30880E-01
  UVGC_155_54 =   0.00000E+00   0.37442E-01
  UVGC_155_55 =  -0.00000E+00  -0.80123E-02
  UVGC_156_56 =  -0.00000E+00  -0.37442E-01
  UVGC_156_59 =   0.00000E+00   0.80123E-02
 UVGC_171_101 =   0.00000E+00  -0.29734E-02

 Collider parameters:
 --------------------

 Running at P P   machine @    13000.000000000000       GeV
 PDF set = nn23nlo
 alpha_s(Mz)= 0.1190 running at 2 loops.
 alpha_s(Mz)= 0.1190 running at 2 loops.
 Renormalization scale set on event-by-event basis
 Factorization   scale set on event-by-event basis


 ===============================================================
 INFO: MadFKS read these parameters from FKS_params.dat
 ===============================================================
  > IRPoleCheckThreshold      =    1.0000000000000001E-005
  > PrecisionVirtualAtRunTime =    1.0000000000000000E-003
  > SelectedContributionTypes = All
  > VetoedContributionTypes   = None
  > QCD_squared_selected      = All
  > QED_squared_selected      = All
  > SelectedCouplingOrders(           1 ) =            6           0
  > NHelForMCoverHels         =            4
  > VirtualFraction           =    1.0000000000000000     
  > MinVirtualFraction        =    5.0000000000000001E-003
  > SeparateFlavourConfigs    =  F
  > UsePolyVirtual            =  F
 ===============================================================
  Insert the number of points to test
 Insert the relative tolerance
  A negative number will mean use the default one:    1.0000000000000001E-005
Using random seed offsets:     1 ,      1 ,      0
  with seed                   32
 Ranmar initialization seeds       10730        9407
 counterterm S.O           1 QCD
 BORN: keeping split order           1
 counterterm S.O           2 QED
 BORN: not keeping split order           1
 alpha_s value used for the virtuals is (for the first PS point):   0.11900000000000002     
  ========================================================================================== 
 {                                                                                          }
 {       [32m                                                                            [0m       }
 {       [32m                               ,,                                           [0m       }
 {       [32m`7MMM.     ,MMF'             `7MM  `7MMF'                                   [0m       }
 {       [32m  MMMb    dPMM                 MM    MM                                     [0m       }
 {       [32m  M YM   ,M MM   ,6"Yb.   ,M""bMM    MM         ,pW"Wq.   ,pW"Wq.`7MMpdMAo. [0m       }
 {       [32m  M  Mb  M' MM  8)   MM ,AP    MM    MM        6W'   `Wb 6W'   `Wb MM   `Wb [0m       }
 {       [32m  M  YM.P'  MM   ,pm9MM 8MI    MM    MM      , 8M     M8 8M     M8 MM    M8 [0m       }
 {       [32m  M  `YM'   MM  8M   MM `Mb    MM    MM     ,M YA.   ,A9 YA.   ,A9 MM   ,AP [0m       }
 {       [32m.JML. `'  .JMML.`Moo9^Yo.`Wbmd"MML..JMMmmmmMMM  `Ybmd9'   `Ybmd9'  MMbmmd'  [0m       }
 {       [32m                                                                   MM       [0m       }
 {       [32m                                                                 .JMML.     [0m       }
 {       [32m[0mv3.6.3 (2025-06-12), Ref: arXiv:1103.0621v2, arXiv:1405.0301[32m                [0m       }
 {       [32m                                                                            [0m       }
 {                                                                                          }
  ========================================================================================== 
 ===============================================================
 INFO: MadLoop read these parameters from ./MadLoop5_resources/MadLoopParams.dat                                                                                                                                                                                                                                                                                                                                                                                                                                                                                          
 ===============================================================
  > MLReductionLib            = 6|7|1
  > CTModeRun                 =           -1
  > MLStabThres               =    1.0000000000000000E-003
  > NRotations_DP             =            0
  > NRotations_QP             =            0
  > CTStabThres               =    1.0000000000000000E-002
  > CTLoopLibrary             =            2
  > CTModeInit                =            1
  > CheckCycle                =            3
  > MaxAttempts               =           10
  > UseLoopFilter             =  F
  > HelicityFilterLevel       =            2
  > ImprovePSPoint            =            2
  > DoubleCheckHelicityFilter =  T
  > LoopInitStartOver         =  F
  > HelInitStartOver          =  F
  > ZeroThres                 =    1.0000000000000001E-009
  > OSThres                   =    1.0000000000000000E-008
  > WriteOutFilters           =  T
  > UseQPIntegrandForNinja    =  T
  > UseQPIntegrandForCutTools =  T
  > IREGIMODE                 =            2
  > IREGIRECY                 =  T
  > COLLIERMode               =            1
  > COLLIERRequiredAccuracy   =    1.0000000000000000E-008
  > COLLIERCanOutput          =  F
  > COLLIERComputeUVpoles     =  T
  > COLLIERComputeIRpoles     =  T
  > COLLIERGlobalCache        =           -1
  > COLLIERUseCacheForPoles   =  F
  > COLLIERUseInternalStabilityTest =  T
 ===============================================================
  
------------------------------------------------------------------------
|              You are using CutTools - Version 1.9.3                  |
|              Authors: G. Ossola, C. Papadopoulos, R. Pittau          |
|              Published in JHEP 0803:042,2008                         |
|              http://www.ugr.es/~pittau/CutTools                      |
|                                                                      |
|              Compiler with  34  significant digits detetected        |
 ---------------------------------------------------------------------- 
   
########################################################################
#                                                                      #
#                      You are using OneLOop-3.6                       #
#                                                                      #
# for the evaluation of 1-loop scalar 1-, 2-, 3- and 4-point functions #
#                                                                      #
# author: Andreas van Hameren <hamerenREMOVETHIS@ifj.edu.pl>           #
#   date: 18-02-2015                                                   #
#                                                                      #
# Please cite                                                          #
#    A. van Hameren,                                                   #
#      Comput.Phys.Commun. 182 (2011) 2427-2438, arXiv:1007.4716       #
#    A. van Hameren, C.G. Papadopoulos and R. Pittau,                  #

  +----------------------------------------------------------------+
  |                                                                |
  |  Ninja - version 1.2.0                                         |
  |                                                                |
  |  Author: Tiziano Peraro                                        |
  |                                                                |
  |  Based on:                                                     |
  |                                                                |
  |      P. Mastrolia, E. Mirabella and T. Peraro,                 |
  |      "Integrand reduction of one-loop scattering amplitudes    |
  |      through Laurent series expansion,"                        |
  |      JHEP 1206 (2012) 095  [arXiv:1203.0291 [hep-ph]].         |
  |                                                                |
  |      T. Peraro,                                                |
  |      "Ninja: Automated Integrand Reduction via Laurent         |
  |      Expansion for One-Loop Amplitudes,"                       |
  |      Comput.Phys.Commun. 185 (2014) [arXiv:1403.1229 [hep-ph]] |
  |                                                                |
  +----------------------------------------------------------------+


#      JHEP 0909:106,2009, arXiv:0903.4665                             #
# in publications with results obtained with the help of this program. #
#                                                                      #
########################################################################
########################################################################
#                                                                      #
#                      You are using OneLOop-3.6                       #
#                                                                      #
# for the evaluation of 1-loop scalar 1-, 2-, 3- and 4-point functions #
#                                                                      #
# author: Andreas van Hameren <hamerenREMOVETHIS@ifj.edu.pl>           #
#   date: 18-02-2015                                                   #
#                                                                      #
# Please cite                                                          #
#    A. van Hameren,                                                   #
#      Comput.Phys.Commun. 182 (2011) 2427-2438, arXiv:1007.4716       #
#    A. van Hameren, C.G. Papadopoulos and R. Pittau,                  #
#      JHEP 0909:106,2009, arXiv:0903.4665                             #
# in publications with results obtained with the help of this program. #
#                                                                      #
########################################################################
 VIRT: keeping split order            1
 INITIALIZATION POINT.
 RESULTS FROM INITIALIZATION POINTS WILL NOT BE USED FOR STATISTICS
 alpha_s value used for the virtuals is (for the first PS point):   0.11900000000000002     
 VIRT: keeping split order            1
 INITIALIZATION POINT.
 RESULTS FROM INITIALIZATION POINTS WILL NOT BE USED FOR STATISTICS
 alpha_s value used for the virtuals is (for the first PS point):   0.11900000000000002     
 VIRT: keeping split order            1
 INITIALIZATION POINT.
 RESULTS FROM INITIALIZATION POINTS WILL NOT BE USED FOR STATISTICS
 alpha_s value used for the virtuals is (for the first PS point):   0.11900000000000002     
 VIRT: keeping split order            1
 INITIALIZATION POINT.
 RESULTS FROM INITIALIZATION POINTS WILL NOT BE USED FOR STATISTICS
 alpha_s value used for the virtuals is (for the first PS point):   0.11900000000000002     
 VIRT: keeping split order            1
 
 Splitorders           2
       QCD:           6
       QED:           0
 ---- POLES CANCELLED ----
  COEFFICIENT DOUBLE POLE:
        MadFKS:   -3.8473487368129430E-002           OLP:   -3.8473487368129472E-002
  COEFFICIENT SINGLE POLE:
        MadFKS:   -3.8549095701027616E-002           OLP:   -3.8549095701026978E-002
 MU_R    =    344.00000000000000     
 ALPHA_S =   0.11900000000000002     
 PASSED   1.0000000000000001E-005

 alpha_s value used for the virtuals is (for the first PS point):   0.11900000000000002     
 VIRT: keeping split order            1
 
 Splitorders           2
       QCD:           6
       QED:           0
 ---- POLES CANCELLED ----
  COEFFICIENT DOUBLE POLE:
        MadFKS:   -3.1395593723292897E-002           OLP:   -3.1395593723292883E-002
  COEFFICIENT SINGLE POLE:
        MadFKS:    4.7168149386424951E-003           OLP:    4.7168149386425991E-003
 MU_R    =    344.00000000000000     
 ALPHA_S =   0.11900000000000002     
 PASSED   1.0000000000000001E-005

 alpha_s value used for the virtuals is (for the first PS point):   0.11900000000000002     
 VIRT: keeping split order            1
 
 Splitorders           2
       QCD:           6
       QED:           0
 ---- POLES CANCELLED ----
  COEFFICIENT DOUBLE POLE:
        MadFKS:   -4.0220522199722310E-002           OLP:   -4.0220522199722275E-002
  COEFFICIENT SINGLE POLE:
        MadFKS:    1.9244998011766518E-002           OLP:    1.9244998011766844E-002
 MU_R    =    344.00000000000000     
 ALPHA_S =   0.11900000000000002     
 PASSED   1.0000000000000001E-005

 alpha_s value used for the virtuals is (for the first PS point):   0.11900000000000002     
 VIRT: keeping split order            1
 
 Splitorders           2
       QCD:           6
       QED:           0
 ---- POLES CANCELLED ----
  COEFFICIENT DOUBLE POLE:
        MadFKS:   -4.3681132347737621E-002           OLP:   -4.3681132347737558E-002
  COEFFICIENT SINGLE POLE:
        MadFKS:   -7.5573679887931081E-002           OLP:   -7.5573679887930345E-002
 MU_R    =    344.00000000000000     
 ALPHA_S =   0.11900000000000002     
 PASSED   1.0000000000000001E-005

 alpha_s value used for the virtuals is (for the first PS point):   0.11900000000000002     
 VIRT: keeping split order            1
 
 Splitorders           2
       QCD:           6
       QED:           0
 ---- POLES CANCELLED ----
  COEFFICIENT DOUBLE POLE:
        MadFKS:   -3.7946381748007851E-002           OLP:   -3.7946381748007879E-002
  COEFFICIENT SINGLE POLE:
        MadFKS:    1.8137816499082866E-002           OLP:    1.8137816499082911E-002
 MU_R    =    344.00000000000000     
 ALPHA_S =   0.11900000000000002     
 PASSED   1.0000000000000001E-005

 alpha_s value used for the virtuals is (for the first PS point):   0.11900000000000002     
 VIRT: keeping split order            1
 
 Splitorders           2
       QCD:           6
       QED:           0
 ---- POLES CANCELLED ----
  COEFFICIENT DOUBLE POLE:
        MadFKS:   -3.4499302028398342E-002           OLP:   -3.4499302028398363E-002
  COEFFICIENT SINGLE POLE:
        MadFKS:   -1.7164034011772709E-002           OLP:   -1.7164034011772692E-002
 MU_R    =    344.00000000000000     
 ALPHA_S =   0.11900000000000002     
 PASSED   1.0000000000000001E-005

 alpha_s value used for the virtuals is (for the first PS point):   0.11900000000000002     
 VIRT: keeping split order            1
 
 Splitorders           2
       QCD:           6
       QED:           0
 ---- POLES CANCELLED ----
  COEFFICIENT DOUBLE POLE:
        MadFKS:   -4.1655208594941567E-002           OLP:   -4.1655208594941401E-002
  COEFFICIENT SINGLE POLE:
        MadFKS:   -5.9471595607156647E-002           OLP:   -5.9471595607156036E-002
 MU_R    =    344.00000000000000     
 ALPHA_S =   0.11900000000000002     
 PASSED   1.0000000000000001E-005

 alpha_s value used for the virtuals is (for the first PS point):   0.11900000000000002     
 VIRT: keeping split order            1
 
 Splitorders           2
       QCD:           6
       QED:           0
 ---- POLES CANCELLED ----
  COEFFICIENT DOUBLE POLE:
        MadFKS:   -4.1152266109189643E-002           OLP:   -4.1152266109189650E-002
  COEFFICIENT SINGLE POLE:
        MadFKS:    1.9450318954234522E-002           OLP:    1.9450318954234165E-002
 MU_R    =    344.00000000000000     
 ALPHA_S =   0.11900000000000002     
 PASSED   1.0000000000000001E-005

 alpha_s value used for the virtuals is (for the first PS point):   0.11900000000000002     
 VIRT: keeping split order            1
 
 Splitorders           2
       QCD:           6
       QED:           0
 ---- POLES CANCELLED ----
  COEFFICIENT DOUBLE POLE:
        MadFKS:   -3.1907065815581961E-002           OLP:   -3.1907065815582183E-002
  COEFFICIENT SINGLE POLE:
        MadFKS:   -3.0238603465042660E-003           OLP:   -3.0238603465043393E-003
 MU_R    =    344.00000000000000     
 ALPHA_S =   0.11900000000000002     
 PASSED   1.0000000000000001E-005

 alpha_s value used for the virtuals is (for the first PS point):   0.11900000000000002     
 VIRT: keeping split order            1
 
 Splitorders           2
       QCD:           6
       QED:           0
 ---- POLES CANCELLED ----
  COEFFICIENT DOUBLE POLE:
        MadFKS:   -3.4911834594599768E-002           OLP:   -3.4911834594599747E-002
  COEFFICIENT SINGLE POLE:
        MadFKS:    1.5213514218460218E-002           OLP:    1.5213514218459654E-002
 MU_R    =    344.00000000000000     
 ALPHA_S =   0.11900000000000002     
 PASSED   1.0000000000000001E-005

 alpha_s value used for the virtuals is (for the first PS point):   0.11900000000000002     
 VIRT: keeping split order            1
 
 Splitorders           2
       QCD:           6
       QED:           0
 ---- POLES CANCELLED ----
  COEFFICIENT DOUBLE POLE:
        MadFKS:   -4.2541299950379842E-002           OLP:   -4.2541299950379807E-002
  COEFFICIENT SINGLE POLE:
        MadFKS:    1.9469857268914623E-002           OLP:    1.9469857268914578E-002
 MU_R    =    344.00000000000000     
 ALPHA_S =   0.11900000000000002     
 PASSED   1.0000000000000001E-005

 alpha_s value used for the virtuals is (for the first PS point):   0.11900000000000002     
 VIRT: keeping split order            1
 
 Splitorders           2
       QCD:           6
       QED:           0
 ---- POLES CANCELLED ----
  COEFFICIENT DOUBLE POLE:
        MadFKS:   -3.5803908109512797E-002           OLP:   -3.5803908109512832E-002
  COEFFICIENT SINGLE POLE:
        MadFKS:   -2.3819027460068486E-002           OLP:   -2.3819027460068278E-002
 MU_R    =    344.00000000000000     
 ALPHA_S =   0.11900000000000002     
 PASSED   1.0000000000000001E-005

 alpha_s value used for the virtuals is (for the first PS point):   0.11900000000000002     
 VIRT: keeping split order            1
 
 Splitorders           2
       QCD:           6
       QED:           0
 ---- POLES CANCELLED ----
  COEFFICIENT DOUBLE POLE:
        MadFKS:   -4.8291207397686518E-002           OLP:   -4.8291207397686886E-002
  COEFFICIENT SINGLE POLE:
        MadFKS:    1.4578226548294954E-002           OLP:    1.4578226548295645E-002
 MU_R    =    344.00000000000000     
 ALPHA_S =   0.11900000000000002     
 PASSED   1.0000000000000001E-005

 alpha_s value used for the virtuals is (for the first PS point):   0.11900000000000002     
 VIRT: keeping split order            1
 
 Splitorders           2
       QCD:           6
       QED:           0
 ---- POLES CANCELLED ----
  COEFFICIENT DOUBLE POLE:
        MadFKS:   -3.7775165038836586E-002           OLP:   -3.7775165038836572E-002
  COEFFICIENT SINGLE POLE:
        MadFKS:    1.8019751252583940E-002           OLP:    1.8019751252582376E-002
 MU_R    =    344.00000000000000     
 ALPHA_S =   0.11900000000000002     
 PASSED   1.0000000000000001E-005

 alpha_s value used for the virtuals is (for the first PS point):   0.11900000000000002     
 VIRT: keeping split order            1
 
 Splitorders           2
       QCD:           6
       QED:           0
 ---- POLES CANCELLED ----
  COEFFICIENT DOUBLE POLE:
        MadFKS:   -3.6282702973476452E-002           OLP:   -3.6282702973476667E-002
  COEFFICIENT SINGLE POLE:
        MadFKS:    1.6769222626830914E-002           OLP:    1.6769222626832874E-002
 MU_R    =    344.00000000000000     
 ALPHA_S =   0.11900000000000002     
 PASSED   1.0000000000000001E-005

 alpha_s value used for the virtuals is (for the first PS point):   0.11900000000000002     
 VIRT: keeping split order            1
 
 Splitorders           2
       QCD:           6
       QED:           0
 ---- POLES CANCELLED ----
  COEFFICIENT DOUBLE POLE:
        MadFKS:   -3.1477814571843149E-002           OLP:   -3.1477814571843149E-002
  COEFFICIENT SINGLE POLE:
        MadFKS:    8.6062922651667685E-004           OLP:    8.6062922651666200E-004
 MU_R    =    344.00000000000000     
 ALPHA_S =   0.11900000000000002     
 PASSED   1.0000000000000001E-005

 alpha_s value used for the virtuals is (for the first PS point):   0.11900000000000002     
 VIRT: keeping split order            1
 
 Splitorders           2
       QCD:           6
       QED:           0
 ---- POLES CANCELLED ----
  COEFFICIENT DOUBLE POLE:
        MadFKS:   -3.1656357231677999E-002           OLP:   -3.1656357231677965E-002
  COEFFICIENT SINGLE POLE:
        MadFKS:   -1.0464405419915168E-003           OLP:   -1.0464405419918128E-003
 MU_R    =    344.00000000000000     
 ALPHA_S =   0.11900000000000002     
 PASSED   1.0000000000000001E-005

 alpha_s value used for the virtuals is (for the first PS point):   0.11900000000000002     
 VIRT: keeping split order            1
 
 Splitorders           2
       QCD:           6
       QED:           0
 ---- POLES CANCELLED ----
  COEFFICIENT DOUBLE POLE:
        MadFKS:   -3.7668791051563906E-002           OLP:   -3.7668791051564010E-002
  COEFFICIENT SINGLE POLE:
        MadFKS:    1.7943876966418179E-002           OLP:    1.7943876966418255E-002
 MU_R    =    344.00000000000000     
 ALPHA_S =   0.11900000000000002     
 PASSED   1.0000000000000001E-005

 alpha_s value used for the virtuals is (for the first PS point):   0.11900000000000002     
 VIRT: keeping split order            1
 
 Splitorders           2
       QCD:           6
       QED:           0
 ---- POLES CANCELLED ----
  COEFFICIENT DOUBLE POLE:
        MadFKS:   -3.1453353484372254E-002           OLP:   -3.1453353484372365E-002
  COEFFICIENT SINGLE POLE:
        MadFKS:    5.6829903881246945E-003           OLP:    5.6829903881248011E-003
 MU_R    =    344.00000000000000     
 ALPHA_S =   0.11900000000000002     
 PASSED   1.0000000000000001E-005

 alpha_s value used for the virtuals is (for the first PS point):   0.11900000000000002     
 VIRT: keeping split order            1
 
 Splitorders           2
       QCD:           6
       QED:           0
 ---- POLES CANCELLED ----
  COEFFICIENT DOUBLE POLE:
        MadFKS:   -3.4379334263845214E-002           OLP:   -3.4379334263845214E-002
  COEFFICIENT SINGLE POLE:
        MadFKS:   -1.6559008378177635E-002           OLP:   -1.6559008378177677E-002
 MU_R    =    344.00000000000000     
 ALPHA_S =   0.11900000000000002     
 PASSED   1.0000000000000001E-005

 NUMBER OF POINTS PASSING THE CHECK          20
 NUMBER OF POINTS FAILING THE CHECK           0
 TOLERANCE    1.0000000000000001E-005
