 SPLIT TYPE USED: T F
 A PDF is used, so alpha_s(MZ) is going to be modified
 Old value of alpha_s from param_card:   0.11900000000000002     
  ****************************************
 
       NNPDFDriver version 1.0.3
   Grid: NNPDF23nlo_as_0119_qed_mem0.grid
  ****************************************
 New value of alpha_s from PDF nn23nlo:  0.11899999999999999     
 *****************************************************
 *               MadGraph/MadEvent                   *
 *        --------------------------------           *
 *          http://madgraph.hep.uiuc.edu             *
 *          http://madgraph.phys.ucl.ac.be           *
 *          http://madgraph.roma2.infn.it            *
 *        --------------------------------           *
 *                                                   *
 *          PARAMETER AND COUPLING VALUES            *
 *                                                   *
 *****************************************************

  External Params
  ---------------------------------
  
 mdl_cabi =   0.22773599999999999     
 MU_R =    91.188000000000002     
 mdl_MB =    4.7000000000000002     
 mdl_MT =    172.00000000000000     
 mdl_MZ =    91.187600000000003     
 mdl_MH =    125.00000000000000     
 aEWM1 =    127.90000000000001     
 mdl_Gf =    1.1663700000000000E-005
 aS =   0.11900000000000002     
 mdl_ymb =    4.7000000000000002     
 mdl_ymt =    172.00000000000000     
 mdl_WT =    0.0000000000000000     
 mdl_WZ =    2.4952000000000001     
 mdl_WW =    2.0850000000000000     
 mdl_WH =    4.0699999999999998E-003
  Internal Params
  ---------------------------------
  
 mdl_cos__cabi =   0.97418004031982097     
 mdl_CKM1x1 =               (0.97418004031982097,0.0000000000000000)
 mdl_sin__cabi =   0.22577256042856930     
 mdl_CKM1x2 =               (0.22577256042856930,0.0000000000000000)
 mdl_CKM2x1 =              (-0.22577256042856930,0.0000000000000000)
 mdl_CKM2x2 =               (0.97418004031982097,0.0000000000000000)
 mdl_MZ__exp__2 =    8315.1783937600012     
 mdl_MZ__exp__4 =    69142191.720053151     
 mdl_sqrt__2 =    1.4142135623730951     
 mdl_MH__exp__2 =    15625.000000000000     
 mdl_complexi =                (0.0000000000000000,1.0000000000000000)
 mdl_conjg__CKM1x1 =              (0.97418004031982097,-0.0000000000000000)
 mdl_conjg__CKM1x2 =              (0.22577256042856930,-0.0000000000000000)
 mdl_conjg__CKM2x1 =             (-0.22577256042856930,-0.0000000000000000)
 mdl_conjg__CKM2x2 =              (0.97418004031982097,-0.0000000000000000)
 mdl_MB__exp__2 =    22.090000000000003     
 mdl_MT__exp__2 =    29584.000000000000     
 mdl_aEW =    7.8186082877247844E-003
 mdl_MW =    79.824359746197842     
 mdl_sqrt__aEW =    8.8422894590285753E-002
 mdl_ee =   0.31345100004952897     
 mdl_MW__exp__2 =    6371.9284088904105     
 mdl_sw2 =   0.23369913342182447     
 mdl_cw =   0.87538612427783857     
 mdl_sqrt__sw2 =   0.48342438232036300     
 mdl_sw =   0.48342438232036300     
 mdl_g1 =   0.35807170271074895     
 mdl_gw =   0.64839716719502682     
 mdl_vev =    246.22056907348590     
 mdl_vev__exp__2 =    60624.568634871241     
 mdl_lam =   0.12886689630821144     
 mdl_yb =    2.6995322804122722E-002
 mdl_yt =   0.98791394091683138     
 mdl_muH =    88.388347648318444     
 mdl_I1a33 =          (2.69953228041227219E-002,0.0000000000000000)
 mdl_I2a33 =               (0.98791394091683138,0.0000000000000000)
 mdl_I3a33 =               (0.98791394091683138,0.0000000000000000)
 mdl_I4a33 =          (2.69953228041227219E-002,0.0000000000000000)
 mdl_ee__exp__2 =    9.8251529432049817E-002
 mdl_sw__exp__2 =   0.23369913342182450     
 mdl_cw__exp__2 =   0.76630086657817542     
 mdl_yb__exp__2 =    7.2874745329878823E-004
 mdl_yt__exp__2 =   0.97597395465782455     
  Internal Params evaluated point by point
  ----------------------------------------
  
 mdl_sqrt__aS =   0.34496376621320685     
 mdl_G__exp__2 =    1.4953981031087418     
 mdl_G__exp__4 =    2.2362154867812229     
 mdl_G__exp__3 =    1.8286695702272273     
  Couplings of SM_NLO-UFO
  ---------------------------------
  
        GC_11 =  -0.12229E+01   0.00000E+00
        GC_12 =   0.00000E+00   0.12229E+01
        GC_13 =   0.12229E+01   0.00000E+00
        GC_14 =  -0.00000E+00  -0.14954E+01
        GC_15 =   0.00000E+00   0.14954E+01
  R2GC_120_21 =  -0.00000E+00  -0.30880E-01
  R2GC_121_22 =   0.00000E+00   0.12626E-01
  R2GC_155_37 =   0.00000E+00   0.31566E-02
  R2GC_155_38 =   0.00000E+00   0.14205E-01
  R2GC_156_39 =  -0.00000E+00  -0.94697E-02
  R2GC_157_40 =   0.77201E-02   0.00000E+00
  R2GC_157_41 =   0.31846E-01   0.00000E+00
  R2GC_160_42 =  -0.77201E-02   0.00000E+00
  R2GC_160_43 =  -0.31846E-01   0.00000E+00
  R2GC_172_51 =   0.00000E+00   0.43434E+01
   R2GC_87_60 =  -0.00000E+00  -0.41837E+00
   R2GC_87_61 =  -0.00000E+00  -0.56030E+03
 UVGC_110_4_1eps  0.13028E-01   0.00000E+00
 UVGC_110_5_1eps -0.14475E-02   0.00000E+00
 UVGC_111_6_1eps -0.13028E-01   0.00000E+00
 UVGC_111_7_1eps  0.14475E-02   0.00000E+00
 UVGC_120_21_1ep -0.00000E+00  -0.50181E-01
 UVGC_123_24_1ep  0.00000E+00   0.00000E+00
 UVGC_123_25_1ep  0.00000E+00   0.38601E-02
 UVGC_123_26_1ep -0.00000E+00  -0.27503E-01
 UVGC_123_27_1ep -0.00000E+00  -0.14475E-02
 UVGC_123_28_1ep  0.00000E+00   0.00000E+00
 UVGC_155_54_1ep  0.00000E+00   0.63131E-02
 UVGC_155_55_1ep  0.00000E+00   0.63131E-02
 UVGC_156_56_1ep  0.00000E+00  -0.63131E-02
 UVGC_156_57_1ep  0.00000E+00   0.71023E-02
 UVGC_156_58_1ep -0.00000E+00  -0.71023E-02
 UVGC_156_59_1ep  0.00000E+00  -0.63131E-02
 UVGC_157_60_1ep  0.77201E-02   0.00000E+00
 UVGC_157_61_1ep -0.38601E-02   0.00000E+00
 UVGC_157_62_1ep  0.73824E-01   0.00000E+00
 UVGC_157_63_1ep  0.77201E-02   0.00000E+00
 UVGC_158_64_1ep  0.60796E-01   0.00000E+00
 UVGC_158_65_1ep  0.28950E-02   0.00000E+00
 UVGC_159_66_1ep  0.47768E-01   0.00000E+00
 UVGC_159_67_1ep  0.43426E-02   0.00000E+00
 UVGC_160_68_1ep -0.77201E-02   0.00000E+00
 UVGC_160_69_1ep  0.38601E-02   0.00000E+00
 UVGC_160_70_1ep -0.47768E-01   0.00000E+00
 UVGC_160_71_1ep -0.43426E-02   0.00000E+00
 UVGC_160_72_1ep -0.77201E-02   0.00000E+00
 UVGC_161_73_1ep -0.60796E-01   0.00000E+00
 UVGC_161_74_1ep -0.28950E-02   0.00000E+00
 UVGC_162_75_1ep -0.73824E-01   0.00000E+00
 UVGC_169_99_1ep  0.00000E+00   0.37879E-01
 UVGC_171_101_1e -0.00000E+00  -0.30880E-01
 UVGC_172_102_1e  0.00000E+00   0.13030E+02
  UVGC_155_54 =   0.00000E+00   0.37442E-01
  UVGC_155_55 =  -0.00000E+00  -0.80123E-02
  UVGC_156_56 =  -0.00000E+00  -0.37442E-01
  UVGC_156_59 =   0.00000E+00   0.80123E-02
  UVGC_157_60 =   0.45786E-01  -0.00000E+00
  UVGC_157_63 =  -0.97979E-02  -0.00000E+00
  UVGC_160_68 =  -0.45786E-01   0.00000E+00
  UVGC_160_72 =   0.97979E-02   0.00000E+00
  UVGC_169_99 =   0.00000E+00   0.24315E-02
 UVGC_171_101 =   0.00000E+00  -0.29734E-02
 UVGC_172_102 =   0.00000E+00   0.83643E+00

 Collider parameters:
 --------------------

 Running at P P   machine @    13000.000000000000       GeV
 PDF set = nn23nlo
 alpha_s(Mz)= 0.1190 running at 2 loops.
 alpha_s(Mz)= 0.1190 running at 2 loops.
 Renormalization scale set on event-by-event basis
 Factorization   scale set on event-by-event basis


 ===============================================================
 INFO: MadFKS read these parameters from FKS_params.dat
 ===============================================================
  > IRPoleCheckThreshold      =    1.0000000000000001E-005
  > PrecisionVirtualAtRunTime =    1.0000000000000000E-003
  > SelectedContributionTypes = All
  > VetoedContributionTypes   = None
  > QCD_squared_selected      = All
  > QED_squared_selected      = All
  > SelectedCouplingOrders(           1 ) =            6           0
  > NHelForMCoverHels         =            4
  > VirtualFraction           =    1.0000000000000000     
  > MinVirtualFraction        =    5.0000000000000001E-003
  > SeparateFlavourConfigs    =  F
  > UsePolyVirtual            =  F
 ===============================================================
  Insert the number of points to test
 Insert the relative tolerance
  A negative number will mean use the default one:    1.0000000000000001E-005
Using random seed offsets:     1 ,      1 ,      0
  with seed                   32
 Ranmar initialization seeds       10730        9407
 counterterm S.O           1 QCD
 BORN: keeping split order           1
 counterterm S.O           2 QED
 BORN: not keeping split order           1
 alpha_s value used for the virtuals is (for the first PS point):   0.11900000000000002     
  ========================================================================================== 
 {                                                                                          }
 {       [32m                                                                            [0m       }
 {       [32m                               ,,                                           [0m       }
 {       [32m`7MMM.     ,MMF'             `7MM  `7MMF'                                   [0m       }
 {       [32m  MMMb    dPMM                 MM    MM                                     [0m       }
 {       [32m  M YM   ,M MM   ,6"Yb.   ,M""bMM    MM         ,pW"Wq.   ,pW"Wq.`7MMpdMAo. [0m       }
 {       [32m  M  Mb  M' MM  8)   MM ,AP    MM    MM        6W'   `Wb 6W'   `Wb MM   `Wb [0m       }
 {       [32m  M  YM.P'  MM   ,pm9MM 8MI    MM    MM      , 8M     M8 8M     M8 MM    M8 [0m       }
 {       [32m  M  `YM'   MM  8M   MM `Mb    MM    MM     ,M YA.   ,A9 YA.   ,A9 MM   ,AP [0m       }
 {       [32m.JML. `'  .JMML.`Moo9^Yo.`Wbmd"MML..JMMmmmmMMM  `Ybmd9'   `Ybmd9'  MMbmmd'  [0m       }
 {       [32m                                                                   MM       [0m       }
 {       [32m                                                                 .JMML.     [0m       }
 {       [32m[0mv3.6.3 (2025-06-12), Ref: arXiv:1103.0621v2, arXiv:1405.0301[32m                [0m       }
 {       [32m                                                                            [0m       }
 {                                                                                          }
  ========================================================================================== 
 ===============================================================
 INFO: MadLoop read these parameters from ./MadLoop5_resources/MadLoopParams.dat                                                                                                                                                                                                                                                                                                                                                                                                                                                                                          
 ===============================================================
  > MLReductionLib            = 6|7|1
  > CTModeRun                 =           -1
  > MLStabThres               =    1.0000000000000000E-003
  > NRotations_DP             =            0
  > NRotations_QP             =            0
  > CTStabThres               =    1.0000000000000000E-002
  > CTLoopLibrary             =            2
  > CTModeInit                =            1
  > CheckCycle                =            3
  > MaxAttempts               =           10
  > UseLoopFilter             =  F
  > HelicityFilterLevel       =            2
  > ImprovePSPoint            =            2
  > DoubleCheckHelicityFilter =  T
  > LoopInitStartOver         =  F
  > HelInitStartOver          =  F
  > ZeroThres                 =    1.0000000000000001E-009
  > OSThres                   =    1.0000000000000000E-008
  > WriteOutFilters           =  T
  > UseQPIntegrandForNinja    =  T
  > UseQPIntegrandForCutTools =  T
  > IREGIMODE                 =            2
  > IREGIRECY                 =  T
  > COLLIERMode               =            1
  > COLLIERRequiredAccuracy   =    1.0000000000000000E-008
  > COLLIERCanOutput          =  F
  > COLLIERComputeUVpoles     =  T
  > COLLIERComputeIRpoles     =  T
  > COLLIERGlobalCache        =           -1
  > COLLIERUseCacheForPoles   =  F
  > COLLIERUseInternalStabilityTest =  T
 ===============================================================

  +----------------------------------------------------------------+
  |                                                                |
  |  Ninja - version 1.2.0                                         |
  |                                                                |
  |  Author: Tiziano Peraro                                        |
  |                                                                |
  |  Based on:                                                     |
  |                                                                |
  |      P. Mastrolia, E. Mirabella and T. Peraro,                 |
  |      "Integrand reduction of one-loop scattering amplitudes    |
  |      through Laurent series expansion,"                        |
  |      JHEP 1206 (2012) 095  [arXiv:1203.0291 [hep-ph]].         |
  |                                                                |
  |      T. Peraro,                                                |
  |      "Ninja: Automated Integrand Reduction via Laurent         |
  |      Expansion for One-Loop Amplitudes,"                       |
  |      Comput.Phys.Commun. 185 (2014) [arXiv:1403.1229 [hep-ph]] |
  |                                                                |
  +----------------------------------------------------------------+


  
------------------------------------------------------------------------
|              You are using CutTools - Version 1.9.3                  |
|              Authors: G. Ossola, C. Papadopoulos, R. Pittau          |
|              Published in JHEP 0803:042,2008                         |
|              http://www.ugr.es/~pittau/CutTools                      |
|                                                                      |
|              Compiler with  34  significant digits detetected        |
 ---------------------------------------------------------------------- 
   
########################################################################
#                                                                      #
#                      You are using OneLOop-3.6                       #
#                                                                      #
# for the evaluation of 1-loop scalar 1-, 2-, 3- and 4-point functions #
#                                                                      #
# author: Andreas van Hameren <hamerenREMOVETHIS@ifj.edu.pl>           #
#   date: 18-02-2015                                                   #
#                                                                      #
# Please cite                                                          #
#    A. van Hameren,                                                   #
#      Comput.Phys.Commun. 182 (2011) 2427-2438, arXiv:1007.4716       #
#    A. van Hameren, C.G. Papadopoulos and R. Pittau,                  #
#      JHEP 0909:106,2009, arXiv:0903.4665                             #
# in publications with results obtained with the help of this program. #
#                                                                      #
########################################################################
########################################################################
#                                                                      #
#                      You are using OneLOop-3.6                       #
#                                                                      #
# for the evaluation of 1-loop scalar 1-, 2-, 3- and 4-point functions #
#                                                                      #
# author: Andreas van Hameren <hamerenREMOVETHIS@ifj.edu.pl>           #
#   date: 18-02-2015                                                   #
#                                                                      #
# Please cite                                                          #
#    A. van Hameren,                                                   #
#      Comput.Phys.Commun. 182 (2011) 2427-2438, arXiv:1007.4716       #
#    A. van Hameren, C.G. Papadopoulos and R. Pittau,                  #
#      JHEP 0909:106,2009, arXiv:0903.4665                             #
# in publications with results obtained with the help of this program. #
#                                                                      #
########################################################################
 VIRT: keeping split order            1
 INITIALIZATION POINT.
 RESULTS FROM INITIALIZATION POINTS WILL NOT BE USED FOR STATISTICS
 alpha_s value used for the virtuals is (for the first PS point):   0.11900000000000002     
 VIRT: keeping split order            1
 INITIALIZATION POINT.
 RESULTS FROM INITIALIZATION POINTS WILL NOT BE USED FOR STATISTICS
 alpha_s value used for the virtuals is (for the first PS point):   0.11900000000000002     
 VIRT: keeping split order            1
 INITIALIZATION POINT.
 RESULTS FROM INITIALIZATION POINTS WILL NOT BE USED FOR STATISTICS
 alpha_s value used for the virtuals is (for the first PS point):   0.11900000000000002     
 VIRT: keeping split order            1
 INITIALIZATION POINT.
 RESULTS FROM INITIALIZATION POINTS WILL NOT BE USED FOR STATISTICS
 alpha_s value used for the virtuals is (for the first PS point):   0.11900000000000002     
 VIRT: keeping split order            1
 
 Splitorders           2
       QCD:           6
       QED:           0
 ---- POLES CANCELLED ----
  COEFFICIENT DOUBLE POLE:
        MadFKS:  -0.11337775630423325                OLP:  -0.11337775630423259     
  COEFFICIENT SINGLE POLE:
        MadFKS:   -5.6032187238085986E-002           OLP:   -5.6032187238084917E-002
 MU_R    =    344.00000000000000     
 ALPHA_S =   0.11900000000000002     
 PASSED   1.0000000000000001E-005

 alpha_s value used for the virtuals is (for the first PS point):   0.11900000000000002     
 VIRT: keeping split order            1
 
 Splitorders           2
       QCD:           6
       QED:           0
 ---- POLES CANCELLED ----
  COEFFICIENT DOUBLE POLE:
        MadFKS:   -5.1093638615160725E-002           OLP:   -5.1093638615160746E-002
  COEFFICIENT SINGLE POLE:
        MadFKS:    1.4176766253193144E-002           OLP:    1.4176766253193300E-002
 MU_R    =    344.00000000000000     
 ALPHA_S =   0.11900000000000002     
 PASSED   1.0000000000000001E-005

 alpha_s value used for the virtuals is (for the first PS point):   0.11900000000000002     
 VIRT: keeping split order            1
 
 Splitorders           2
       QCD:           6
       QED:           0
 ---- POLES CANCELLED ----
  COEFFICIENT DOUBLE POLE:
        MadFKS:  -0.13803870288746381                OLP:  -0.13803870288746378     
  COEFFICIENT SINGLE POLE:
        MadFKS:   -9.2356452198226441E-002           OLP:   -9.2356452198226760E-002
 MU_R    =    344.00000000000000     
 ALPHA_S =   0.11900000000000002     
 PASSED   1.0000000000000001E-005

 alpha_s value used for the virtuals is (for the first PS point):   0.11900000000000002     
 VIRT: keeping split order            1
 
 Splitorders           2
       QCD:           6
       QED:           0
 ---- POLES CANCELLED ----
  COEFFICIENT DOUBLE POLE:
        MadFKS:  -0.20694185473250004                OLP:  -0.20694185473250049     
  COEFFICIENT SINGLE POLE:
        MadFKS:  -0.21244324109877807                OLP:  -0.21244324109877660     
 MU_R    =    344.00000000000000     
 ALPHA_S =   0.11900000000000002     
 PASSED   1.0000000000000001E-005

 alpha_s value used for the virtuals is (for the first PS point):   0.11900000000000002     
 VIRT: keeping split order            1
 
 Splitorders           2
       QCD:           6
       QED:           0
 ---- POLES CANCELLED ----
  COEFFICIENT DOUBLE POLE:
        MadFKS:  -0.10689383718585486                OLP:  -0.10689383718585485     
  COEFFICIENT SINGLE POLE:
        MadFKS:   -4.7171537269604158E-002           OLP:   -4.7171537269603984E-002
 MU_R    =    344.00000000000000     
 ALPHA_S =   0.11900000000000002     
 PASSED   1.0000000000000001E-005

 alpha_s value used for the virtuals is (for the first PS point):   0.11900000000000002     
 VIRT: keeping split order            1
 
 Splitorders           2
       QCD:           6
       QED:           0
 ---- POLES CANCELLED ----
  COEFFICIENT DOUBLE POLE:
        MadFKS:   -7.2777227476852543E-002           OLP:   -7.2777227476852571E-002
  COEFFICIENT SINGLE POLE:
        MadFKS:   -6.0733553144911856E-003           OLP:   -6.0733553144915004E-003
 MU_R    =    344.00000000000000     
 ALPHA_S =   0.11900000000000002     
 PASSED   1.0000000000000001E-005

 alpha_s value used for the virtuals is (for the first PS point):   0.11900000000000002     
 VIRT: keeping split order            1
 
 Splitorders           2
       QCD:           6
       QED:           0
 ---- POLES CANCELLED ----
  COEFFICIENT DOUBLE POLE:
        MadFKS:  -0.16275055700630239                OLP:  -0.16275055700630153     
  COEFFICIENT SINGLE POLE:
        MadFKS:  -0.13251151988147336                OLP:  -0.13251151988147075     
 MU_R    =    344.00000000000000     
 ALPHA_S =   0.11900000000000002     
 PASSED   1.0000000000000001E-005

 alpha_s value used for the virtuals is (for the first PS point):   0.11900000000000002     
 VIRT: keeping split order            1
 
 Splitorders           2
       QCD:           6
       QED:           0
 ---- POLES CANCELLED ----
  COEFFICIENT DOUBLE POLE:
        MadFKS:  -0.15355790028399366                OLP:  -0.15355790028399371     
  COEFFICIENT SINGLE POLE:
        MadFKS:  -0.11716422258582330                OLP:  -0.11716422258582268     
 MU_R    =    344.00000000000000     
 ALPHA_S =   0.11900000000000002     
 PASSED   1.0000000000000001E-005

 alpha_s value used for the virtuals is (for the first PS point):   0.11900000000000002     
 VIRT: keeping split order            1
 
 Splitorders           2
       QCD:           6
       QED:           0
 ---- POLES CANCELLED ----
  COEFFICIENT DOUBLE POLE:
        MadFKS:   -5.4213986528107501E-002           OLP:   -5.4213986528107772E-002
  COEFFICIENT SINGLE POLE:
        MadFKS:    1.1604850172396550E-002           OLP:    1.1604850172396363E-002
 MU_R    =    344.00000000000000     
 ALPHA_S =   0.11900000000000002     
 PASSED   1.0000000000000001E-005

 alpha_s value used for the virtuals is (for the first PS point):   0.11900000000000002     
 VIRT: keeping split order            1
 
 Splitorders           2
       QCD:           6
       QED:           0
 ---- POLES CANCELLED ----
  COEFFICIENT DOUBLE POLE:
        MadFKS:   -7.6219355252941670E-002           OLP:   -7.6219355252941712E-002
  COEFFICIENT SINGLE POLE:
        MadFKS:   -9.7528113825374983E-003           OLP:   -9.7528113825372277E-003
 MU_R    =    344.00000000000000     
 ALPHA_S =   0.11900000000000002     
 PASSED   1.0000000000000001E-005

 alpha_s value used for the virtuals is (for the first PS point):   0.11900000000000002     
 VIRT: keeping split order            1
 
 Splitorders           2
       QCD:           6
       QED:           0
 ---- POLES CANCELLED ----
  COEFFICIENT DOUBLE POLE:
        MadFKS:  -0.18054271124688129                OLP:  -0.18054271124688115     
  COEFFICIENT SINGLE POLE:
        MadFKS:  -0.16351115964016985                OLP:  -0.16351115964016921     
 MU_R    =    344.00000000000000     
 ALPHA_S =   0.11900000000000002     
 PASSED   1.0000000000000001E-005

 alpha_s value used for the virtuals is (for the first PS point):   0.11900000000000002     
 VIRT: keeping split order            1
 
 Splitorders           2
       QCD:           6
       QED:           0
 ---- POLES CANCELLED ----
  COEFFICIENT DOUBLE POLE:
        MadFKS:   -8.4201139805985509E-002           OLP:   -8.4201139805985536E-002
  COEFFICIENT SINGLE POLE:
        MadFKS:   -1.8716453479063599E-002           OLP:   -1.8716453479063686E-002
 MU_R    =    344.00000000000000     
 ALPHA_S =   0.11900000000000002     
 PASSED   1.0000000000000001E-005

 alpha_s value used for the virtuals is (for the first PS point):   0.11900000000000002     
 VIRT: keeping split order            1
 
 Splitorders           2
       QCD:           6
       QED:           0
 ---- POLES CANCELLED ----
  COEFFICIENT DOUBLE POLE:
        MadFKS:  -0.38009223850574098                OLP:  -0.38009223850574125     
  COEFFICIENT SINGLE POLE:
        MadFKS:  -0.60470737291986643                OLP:  -0.60470737291986421     
 MU_R    =    344.00000000000000     
 ALPHA_S =   0.11900000000000002     
 PASSED   1.0000000000000001E-005

 alpha_s value used for the virtuals is (for the first PS point):   0.11900000000000002     
 VIRT: keeping split order            1
 
 Splitorders           2
       QCD:           6
       QED:           0
 ---- POLES CANCELLED ----
  COEFFICIENT DOUBLE POLE:
        MadFKS:  -0.10487167121003053                OLP:  -0.10487167121003062     
  COEFFICIENT SINGLE POLE:
        MadFKS:   -4.4471160172093835E-002           OLP:   -4.4471160172092829E-002
 MU_R    =    344.00000000000000     
 ALPHA_S =   0.11900000000000002     
 PASSED   1.0000000000000001E-005

 alpha_s value used for the virtuals is (for the first PS point):   0.11900000000000002     
 VIRT: keeping split order            1
 
 Splitorders           2
       QCD:           6
       QED:           0
 ---- POLES CANCELLED ----
  COEFFICIENT DOUBLE POLE:
        MadFKS:   -8.8813660468076414E-002           OLP:   -8.8813660468076094E-002
  COEFFICIENT SINGLE POLE:
        MadFKS:   -2.4157330077200542E-002           OLP:   -2.4157330077260075E-002
 MU_R    =    344.00000000000000     
 ALPHA_S =   0.11900000000000002     
 PASSED   1.0000000000000001E-005

 alpha_s value used for the virtuals is (for the first PS point):   0.11900000000000002     
 VIRT: keeping split order            1
 
 Splitorders           2
       QCD:           6
       QED:           0
 ---- POLES CANCELLED ----
  COEFFICIENT DOUBLE POLE:
        MadFKS:   -5.1584560704324926E-002           OLP:   -5.1584560704324926E-002
  COEFFICIENT SINGLE POLE:
        MadFKS:    1.3780558998245379E-002           OLP:    1.3780558998245516E-002
 MU_R    =    344.00000000000000     
 ALPHA_S =   0.11900000000000002     
 PASSED   1.0000000000000001E-005

 alpha_s value used for the virtuals is (for the first PS point):   0.11900000000000002     
 VIRT: keeping split order            1
 
 Splitorders           2
       QCD:           6
       QED:           0
 ---- POLES CANCELLED ----
  COEFFICIENT DOUBLE POLE:
        MadFKS:   -5.2664558542533796E-002           OLP:   -5.2664558542533886E-002
  COEFFICIENT SINGLE POLE:
        MadFKS:    1.2897755767676775E-002           OLP:    1.2897755767676898E-002
 MU_R    =    344.00000000000000     
 ALPHA_S =   0.11900000000000002     
 PASSED   1.0000000000000001E-005

 alpha_s value used for the virtuals is (for the first PS point):   0.11900000000000002     
 VIRT: keeping split order            1
 
 Splitorders           2
       QCD:           6
       QED:           0
 ---- POLES CANCELLED ----
  COEFFICIENT DOUBLE POLE:
        MadFKS:  -0.10363525616312327                OLP:  -0.10363525616312330     
  COEFFICIENT SINGLE POLE:
        MadFKS:   -4.2835167607187349E-002           OLP:   -4.2835167607189847E-002
 MU_R    =    344.00000000000000     
 ALPHA_S =   0.11900000000000002     
 PASSED   1.0000000000000001E-005

 alpha_s value used for the virtuals is (for the first PS point):   0.11900000000000002     
 VIRT: keeping split order            1
 
 Splitorders           2
       QCD:           6
       QED:           0
 ---- POLES CANCELLED ----
  COEFFICIENT DOUBLE POLE:
        MadFKS:   -5.1438088684235592E-002           OLP:   -5.1438088684235619E-002
  COEFFICIENT SINGLE POLE:
        MadFKS:    1.3899106249854498E-002           OLP:    1.3899106249854364E-002
 MU_R    =    344.00000000000000     
 ALPHA_S =   0.11900000000000002     
 PASSED   1.0000000000000001E-005

 alpha_s value used for the virtuals is (for the first PS point):   0.11900000000000002     
 VIRT: keeping split order            1
 
 Splitorders           2
       QCD:           6
       QED:           0
 ---- POLES CANCELLED ----
  COEFFICIENT DOUBLE POLE:
        MadFKS:   -7.1804004946084479E-002           OLP:   -7.1804004946084382E-002
  COEFFICIENT SINGLE POLE:
        MadFKS:   -5.0542533689707687E-003           OLP:   -5.0542533689707852E-003
 MU_R    =    344.00000000000000     
 ALPHA_S =   0.11900000000000002     
 PASSED   1.0000000000000001E-005

 NUMBER OF POINTS PASSING THE CHECK          20
 NUMBER OF POINTS FAILING THE CHECK           0
 TOLERANCE    1.0000000000000001E-005
