 run_mode given is: NLO                 
 SPLIT TYPE USED: T F
 A PDF is used, so alpha_s(MZ) is going to be modified
 Old value of alpha_s from param_card:   0.11900000000000002     
  ****************************************
 
       NNPDFDriver version 1.0.3
   Grid: NNPDF23nlo_as_0119_qed_mem0.grid
  ****************************************
 New value of alpha_s from PDF nn23nlo:  0.11899999999999999     
 *****************************************************
 *               MadGraph/MadEvent                   *
 *        --------------------------------           *
 *          http://madgraph.hep.uiuc.edu             *
 *          http://madgraph.phys.ucl.ac.be           *
 *          http://madgraph.roma2.infn.it            *
 *        --------------------------------           *
 *                                                   *
 *          PARAMETER AND COUPLING VALUES            *
 *                                                   *
 *****************************************************

  External Params
  ---------------------------------
  
 mdl_cabi =   0.22773599999999999     
 MU_R =    91.188000000000002     
 mdl_MB =    4.7000000000000002     
 mdl_MT =    172.00000000000000     
 mdl_MZ =    91.187600000000003     
 mdl_MH =    125.00000000000000     
 aEWM1 =    127.90000000000001     
 mdl_Gf =    1.1663700000000000E-005
 aS =   0.11900000000000002     
 mdl_ymb =    4.7000000000000002     
 mdl_ymt =    172.00000000000000     
 mdl_WT =    0.0000000000000000     
 mdl_WZ =    2.4952000000000001     
 mdl_WW =    2.0850000000000000     
 mdl_WH =    4.0699999999999998E-003
  Internal Params
  ---------------------------------
  
 mdl_cos__cabi =   0.97418004031982097     
 mdl_CKM1x1 =               (0.97418004031982097,0.0000000000000000)
 mdl_sin__cabi =   0.22577256042856930     
 mdl_CKM1x2 =               (0.22577256042856930,0.0000000000000000)
 mdl_CKM2x1 =              (-0.22577256042856930,0.0000000000000000)
 mdl_CKM2x2 =               (0.97418004031982097,0.0000000000000000)
 mdl_MZ__exp__2 =    8315.1783937600012     
 mdl_MZ__exp__4 =    69142191.720053151     
 mdl_sqrt__2 =    1.4142135623730951     
 mdl_MH__exp__2 =    15625.000000000000     
 mdl_complexi =                (0.0000000000000000,1.0000000000000000)
 mdl_conjg__CKM1x1 =              (0.97418004031982097,-0.0000000000000000)
 mdl_conjg__CKM1x2 =              (0.22577256042856930,-0.0000000000000000)
 mdl_conjg__CKM2x1 =             (-0.22577256042856930,-0.0000000000000000)
 mdl_conjg__CKM2x2 =              (0.97418004031982097,-0.0000000000000000)
 mdl_MB__exp__2 =    22.090000000000003     
 mdl_MT__exp__2 =    29584.000000000000     
 mdl_aEW =    7.8186082877247844E-003
 mdl_MW =    79.824359746197842     
 mdl_sqrt__aEW =    8.8422894590285753E-002
 mdl_ee =   0.31345100004952897     
 mdl_MW__exp__2 =    6371.9284088904105     
 mdl_sw2 =   0.23369913342182447     
 mdl_cw =   0.87538612427783857     
 mdl_sqrt__sw2 =   0.48342438232036300     
 mdl_sw =   0.48342438232036300     
 mdl_g1 =   0.35807170271074895     
 mdl_gw =   0.64839716719502682     
 mdl_vev =    246.22056907348590     
 mdl_vev__exp__2 =    60624.568634871241     
 mdl_lam =   0.12886689630821144     
 mdl_yb =    2.6995322804122722E-002
 mdl_yt =   0.98791394091683138     
 mdl_muH =    88.388347648318444     
 mdl_I1a33 =          (2.69953228041227219E-002,0.0000000000000000)
 mdl_I2a33 =               (0.98791394091683138,0.0000000000000000)
 mdl_I3a33 =               (0.98791394091683138,0.0000000000000000)
 mdl_I4a33 =          (2.69953228041227219E-002,0.0000000000000000)
 mdl_ee__exp__2 =    9.8251529432049817E-002
 mdl_sw__exp__2 =   0.23369913342182450     
 mdl_cw__exp__2 =   0.76630086657817542     
 mdl_yb__exp__2 =    7.2874745329878823E-004
 mdl_yt__exp__2 =   0.97597395465782455     
  Internal Params evaluated point by point
  ----------------------------------------
  
 mdl_sqrt__aS =   0.34496376621320685     
 mdl_G__exp__2 =    1.4953981031087418     
 mdl_G__exp__4 =    2.2362154867812229     
 mdl_G__exp__3 =    1.8286695702272273     
  Couplings of SM_NLO-UFO
  ---------------------------------
  
        GC_11 =  -0.12229E+01   0.00000E+00
        GC_12 =   0.00000E+00   0.12229E+01
        GC_13 =   0.12229E+01   0.00000E+00
        GC_14 =  -0.00000E+00  -0.14954E+01
        GC_15 =   0.00000E+00   0.14954E+01
  R2GC_120_21 =  -0.00000E+00  -0.30880E-01
  R2GC_121_22 =   0.00000E+00   0.12626E-01
  R2GC_155_37 =   0.00000E+00   0.31566E-02
  R2GC_155_38 =   0.00000E+00   0.14205E-01
  R2GC_156_39 =  -0.00000E+00  -0.94697E-02
  R2GC_157_40 =   0.77201E-02   0.00000E+00
  R2GC_157_41 =   0.31846E-01   0.00000E+00
  R2GC_160_42 =  -0.77201E-02   0.00000E+00
  R2GC_160_43 =  -0.31846E-01   0.00000E+00
  R2GC_172_51 =   0.00000E+00   0.43434E+01
   R2GC_87_60 =  -0.00000E+00  -0.41837E+00
   R2GC_87_61 =  -0.00000E+00  -0.56030E+03
 UVGC_110_4_1eps  0.13028E-01   0.00000E+00
 UVGC_110_5_1eps -0.14475E-02   0.00000E+00
 UVGC_111_6_1eps -0.13028E-01   0.00000E+00
 UVGC_111_7_1eps  0.14475E-02   0.00000E+00
 UVGC_120_21_1ep -0.00000E+00  -0.50181E-01
 UVGC_123_24_1ep  0.00000E+00   0.00000E+00
 UVGC_123_25_1ep  0.00000E+00   0.38601E-02
 UVGC_123_26_1ep -0.00000E+00  -0.27503E-01
 UVGC_123_27_1ep -0.00000E+00  -0.14475E-02
 UVGC_123_28_1ep  0.00000E+00   0.00000E+00
 UVGC_155_54_1ep  0.00000E+00   0.63131E-02
 UVGC_155_55_1ep  0.00000E+00   0.63131E-02
 UVGC_156_56_1ep  0.00000E+00  -0.63131E-02
 UVGC_156_57_1ep  0.00000E+00   0.71023E-02
 UVGC_156_58_1ep -0.00000E+00  -0.71023E-02
 UVGC_156_59_1ep  0.00000E+00  -0.63131E-02
 UVGC_157_60_1ep  0.77201E-02   0.00000E+00
 UVGC_157_61_1ep -0.38601E-02   0.00000E+00
 UVGC_157_62_1ep  0.73824E-01   0.00000E+00
 UVGC_157_63_1ep  0.77201E-02   0.00000E+00
 UVGC_158_64_1ep  0.60796E-01   0.00000E+00
 UVGC_158_65_1ep  0.28950E-02   0.00000E+00
 UVGC_159_66_1ep  0.47768E-01   0.00000E+00
 UVGC_159_67_1ep  0.43426E-02   0.00000E+00
 UVGC_160_68_1ep -0.77201E-02   0.00000E+00
 UVGC_160_69_1ep  0.38601E-02   0.00000E+00
 UVGC_160_70_1ep -0.47768E-01   0.00000E+00
 UVGC_160_71_1ep -0.43426E-02   0.00000E+00
 UVGC_160_72_1ep -0.77201E-02   0.00000E+00
 UVGC_161_73_1ep -0.60796E-01   0.00000E+00
 UVGC_161_74_1ep -0.28950E-02   0.00000E+00
 UVGC_162_75_1ep -0.73824E-01   0.00000E+00
 UVGC_169_99_1ep  0.00000E+00   0.37879E-01
 UVGC_171_101_1e -0.00000E+00  -0.30880E-01
 UVGC_172_102_1e  0.00000E+00   0.13030E+02
  UVGC_155_54 =   0.00000E+00   0.37442E-01
  UVGC_155_55 =  -0.00000E+00  -0.80123E-02
  UVGC_156_56 =  -0.00000E+00  -0.37442E-01
  UVGC_156_59 =   0.00000E+00   0.80123E-02
  UVGC_157_60 =   0.45786E-01  -0.00000E+00
  UVGC_157_63 =  -0.97979E-02  -0.00000E+00
  UVGC_160_68 =  -0.45786E-01   0.00000E+00
  UVGC_160_72 =   0.97979E-02   0.00000E+00
  UVGC_169_99 =   0.00000E+00   0.24315E-02
 UVGC_171_101 =   0.00000E+00  -0.29734E-02
 UVGC_172_102 =   0.00000E+00   0.83643E+00

 Collider parameters:
 --------------------

 Running at P P   machine @    13000.000000000000       GeV
 PDF set = nn23nlo
 alpha_s(Mz)= 0.1190 running at 2 loops.
 alpha_s(Mz)= 0.1190 running at 2 loops.
 Renormalization scale set on event-by-event basis
 Factorization   scale set on event-by-event basis


Using random seed offsets:     1 ,      1 ,      0
  with seed                   32
 Ranmar initialization seeds       10730        9407
tau_min   1     1 : 0.34400E+03      --       0.34400E+03
tau_min   2     1 : 0.34400E+03      --       0.34400E+03
tau_min   3     1 : 0.34400E+03  0.34400E+03  0.34400E+03
tau_min   4     1 : 0.34400E+03  0.34400E+03  0.34400E+03
tau_min   5     1 : 0.34400E+03      --       0.34400E+03
tau_min   6     1 : 0.34400E+03      --       0.34400E+03
tau_min   7     1 : 0.34400E+03      --       0.34400E+03
tau_min   8     1 : 0.34400E+03      --       0.34400E+03
 ntry           1
 Filling grid for alpha_S computation ... 
 done... 
 Scale values (may change event by event):
 muR,  muR_reference:  0.231455D+03 0.231455D+03  1.00
 muF1, muF1_reference: 0.231455D+03 0.231455D+03  1.00
 muF2, muF2_reference: 0.231455D+03 0.231455D+03  1.00
 QES,  QES_reference:  0.231455D+03 0.231455D+03  1.00
  
 muR_reference [functional form]:
    H_T/2 := sum_i mT(i)/2, i=final state
 muF1_reference [functional form]:
    H_T/2 := sum_i mT(i)/2, i=final state
 muF2_reference [functional form]:
    H_T/2 := sum_i mT(i)/2, i=final state
 QES_reference [functional form]: 
    H_T/2 := sum_i mT(i)/2, i=final state
  
 alpha_s=  0.10426835716264540     
 counterterm S.O           1 QCD
 BORN: keeping split order           1
 counterterm S.O           2 QED
 BORN: not keeping split order           1
 born momenta
   1    0.26087E+03    0.00000E+00    0.00000E+00    0.26087E+03
   2    0.26087E+03   -0.00000E+00   -0.00000E+00   -0.26087E+03
   3    0.26087E+03   -0.81693E+02    0.12692E+03    0.12525E+03
   4    0.26087E+03    0.81693E+02   -0.12692E+03   -0.12525E+03
 Bad swap           1           2           4           3
 Found            0  matches.            3  channels remain for integration.
