 Process in group number            1
 A PDF is used, so alpha_s(MZ) is going to be modified
 Old value of alpha_s from param_card:   0.11900000000000002     
  ****************************************
 
       NNPDFDriver version 1.0.3
   Grid: NNPDF23nlo_as_0119_qed_mem0.grid
  ****************************************
 New value of alpha_s from PDF nn23nlo:  0.11899999999999999     
 Define smin to   118336.00000000000     
 *****************************************************
 *               MadGraph/MadEvent                   *
 *        --------------------------------           *
 *          http://madgraph.hep.uiuc.edu             *
 *          http://madgraph.phys.ucl.ac.be           *
 *          http://madgraph.roma2.infn.it            *
 *        --------------------------------           *
 *                                                   *
 *          PARAMETER AND COUPLING VALUES            *
 *                                                   *
 *****************************************************

  External Params
  ---------------------------------
  
 mdl_yDM =    0.0000000000000000     
 mdl_lamHs =    0.0000000000000000     
 mdl_lamS =    0.0000000000000000     
 mdl_MB =    4.7000000000000002     
 mdl_MT =    172.00000000000000     
 mdl_MTA =    1.7769999999999999     
 mdl_MZ =    91.187600000000003     
 mdl_MH =    125.00000000000000     
 mdl_mPsiT =    0.0000000000000000     
 mdl_mSDM =    0.0000000000000000     
 aEWM1 =    127.90000000000001     
 mdl_Gf =    1.1663700000000000E-005
 aS =   0.11900000000000002     
 mdl_ymb =    4.7000000000000002     
 mdl_ymt =    172.00000000000000     
 mdl_ymtau =    1.7769999999999999     
 mdl_WT =    1.5083359999999999     
 mdl_WZ =    2.4952000000000001     
 mdl_WW =    2.0850000000000000     
 mdl_WH =    4.0699999999999998E-003
 mdl_WPsiT =    0.0000000000000000     
  Internal Params
  ---------------------------------
  
 mdl_MZ__exp__2 =    8315.1783937600012     
 mdl_MZ__exp__4 =    69142191.720053151     
 mdl_sqrt__2 =    1.4142135623730951     
 mdl_MH__exp__2 =    15625.000000000000     
 mdl_complexi =                (0.0000000000000000,1.0000000000000000)
 mdl_aEW =    7.8186082877247844E-003
 mdl_MW =    79.824359746197842     
 mdl_sqrt__aEW =    8.8422894590285753E-002
 mdl_ee =   0.31345100004952897     
 mdl_MW__exp__2 =    6371.9284088904105     
 mdl_sw2 =   0.23369913342182447     
 mdl_cw =   0.87538612427783857     
 mdl_sqrt__sw2 =   0.48342438232036300     
 mdl_sw =   0.48342438232036300     
 mdl_g1 =   0.35807170271074895     
 mdl_gw =   0.64839716719502682     
 mdl_vev =    246.22056907348590     
 mdl_vev__exp__2 =    60624.568634871241     
 mdl_lam =   0.12886689630821144     
 mdl_yb =    2.6995322804122722E-002
 mdl_yt =   0.98791394091683138     
 mdl_ytau =    1.0206529494239589E-002
 mdl_muH =    88.388347648318444     
 mdl_I1a33 =          (2.69953228041227219E-002,0.0000000000000000)
 mdl_I2a33 =               (0.98791394091683138,0.0000000000000000)
 mdl_I3a33 =               (0.98791394091683138,0.0000000000000000)
 mdl_I4a33 =          (2.69953228041227219E-002,0.0000000000000000)
 mdl_ee__exp__2 =    9.8251529432049817E-002
 mdl_sw__exp__2 =   0.23369913342182450     
 mdl_cw__exp__2 =   0.76630086657817542     
  Internal Params evaluated point by point
  ----------------------------------------
  
 mdl_sqrt__aS =   0.34496376621320685     
 mdl_G__exp__2 =    1.4953981031087418     
  Couplings of UV_BSM_ToyModel-UFO
  ---------------------------------
  
        GC_10 =  -0.12229E+01   0.00000E+00
        GC_11 =   0.00000E+00   0.12229E+01

 Collider parameters:
 --------------------

 Running at P P   machine @    13000.000000000000       GeV
 PDF set = nn23nlo
 alpha_s(Mz)= 0.1190 running at 2 loops.
 alpha_s(Mz)= 0.1190 running at 2 loops.
 Renormalization scale set on event-by-event basis
 Factorization   scale set on event-by-event basis


 getting user params
Enter number of events and max and min iterations: 
 Number of events and iterations         1000           5           3
Enter desired fractional accuracy: 
 Desired fractional accuracy:   0.10000000000000001     
Enter 0 for fixed, 2 for adjustable grid: 
Suppress amplitude (0 no, 1 yes)? 
 Using suppressed amplitude.
Exact helicity sum (0 yes, n = number/event)? 
 Explicitly summing over helicities
Enter Configuration Number: 
Running Configuration Number:    1
 Not subdividing B.W.
 Attempting mappinvarients           1           4
 Determine nb_t
 T-channel found:            0
 Completed mapping           4
 about to integrate            4        1000           5           3           4           1
 Using non-zero grid deformation.
  4 dimensions   1000 events  4 invarients  5 iterations  1 config(s),  (0.99)
 Using h-tuple random number sequence.
 Error opening grid
 Using Uniform Grid!          16
 Using uniform alpha   1.0000000000000000     
 Grid defined OK
 Masses: 0.000E+00 0.000E+00 0.172E+03 0.172E+03
 Set CM energy to      13000.00
 Mapping Graph           1  to config           1
 Determine nb_t
 T-channel found:            0
 Transforming s_hat 1/s            3   7.0021301775147942E-004   118336.00000000000        168999999.99999997     
Using random seed offsets     1 :      1
  with seed                   36
 Ranmar initialization seeds       15606        9411
  Particle       3       4
      Et >     0.0     0.0
       E >     0.0     0.0
     Eta <    -1.0    -1.0
   xqcut:      0.0     0.0
d R # 3  >    -0.0     0.0
s min # 3>     0.0     0.0
xqcutij # 3>     0.0     0.0
 
 ********************************************
 * You are using the DiscreteSampler module *
 *      part of the MG5_aMC framework       *
 *         Author: Valentin Hirschi         *
 ********************************************
 
 RESET CUMULATIVE VARIABLE
 Iteration  1   Mean: 0.1430E+02 Abs mean: 0.1430E+02   Fluctuation:  0.833E+00   0.160E+03    99.9%
  1    0.1430E+02 0.1430E+02 +- 0.8329E+00      1.84
 Writing out events   2.8635049807599704E-003   1.8413801369296214     
 Relative summed weights:
  0.1000E+01  0.0000E+00
 Relative number of events:
  0.1000E+01  0.0000E+00
 Events:
        1008           0
 Iteration  2   Mean: 0.1436E+02 Abs mean: 0.1436E+02   Fluctuation:  0.271E+00   0.687E+02    99.9%
  2    0.1436E+02 0.1436E+02 +- 0.2713E+00      0.84
 Relative summed weights:
  0.1000E+01  0.0000E+00
 Relative number of events:
  0.1000E+01  0.0000E+00
 Events:
        1999           0
 Iteration  3   Mean: 0.1386E+02 Abs mean: 0.1386E+02   Fluctuation:  0.121E+00   0.370E+02   100.0%
  3    0.1386E+02 0.1386E+02 +- 0.1213E+00      0.55
 Relative summed weights:
  0.1000E+01  0.0000E+00
 Relative number of events:
  0.1000E+01  0.0000E+00
 Events:
        3997           0
 Accuracy:    0.010   0.100   0.008   1.580
 Finished due to accuracy    9.8875174432703945E-003  0.10000000000000001     

 -------------------------------------------------------------------------------
 Accumulated results:   Integral =  0.1396E+02
                        Std dev  =  0.1098E+00
                       Cross sec =  0.1396E+02
             Chi**2 per DoF.     =      1.5802
 -------------------------------------------------------------------------------
 Found          356  events.
 Wrote          353  events.
 Actual xsec    13.958025852607554     
 Correct abs xsec    13.958025852615753     
 Event xsec    13.958025852615805     
 Events wgts > 1:            0
 % Cross section > 1:    0.0000000000000000        0.0000000000000000     
-------------------------------------------------
---------------------------
 Results Last   3 iters: Integral =   0.1396E+02
                     Abs integral =   0.1396E+02
                          Std dev =   0.1098E+00
                  Chi**2 per DoF. =      1.5139
-------------------------------------------------
---------------------------
 Status  0.10000000000000001                4           5

ls status:
events.lhe
ftn26
input_app.txt
results.dat
run_01_log.txt
run1_app.log
