This is pdfTeX, Version 3.141592653-2.6-1.40.27 (MiKTeX 25.4) (preloaded format=pdflatex 2025.5.19)  19 MAY 2025 18:54
entering extended mode
 restricted \write18 enabled.
 %&-line parsing enabled.
**"./CDE_text (Copy).tex"
(CDE_text (Copy).tex
LaTeX2e <2024-11-01> patch level 2
L3 programming layer <2025-01-18>
(/home/vinicius/.miktex/texmfs/install/tex/latex/base/report.cls
Document Class: report 2024/06/29 v1.4n Standard LaTeX document class
(/home/vinicius/.miktex/texmfs/install/tex/latex/base/size10.clo
File: size10.clo 2024/06/29 v1.4n Standard LaTeX file (size option)
)
\c@part=\count196
\c@chapter=\count197
\c@section=\count198
\c@subsection=\count199
\c@subsubsection=\count266
\c@paragraph=\count267
\c@subparagraph=\count268
\c@figure=\count269
\c@table=\count270
\abovecaptionskip=\skip49
\belowcaptionskip=\skip50
\bibindent=\dimen141
)
(/home/vinicius/.miktex/texmfs/install/tex/latex/base/inputenc.sty
Package: inputenc 2024/02/08 v1.3d Input encoding file
\inpenc@prehook=\toks17
\inpenc@posthook=\toks18
)
(/home/vinicius/.miktex/texmfs/install/tex/latex/base/fontenc.sty
Package: fontenc 2021/04/29 v2.0v Standard LaTeX package
)
(/home/vinicius/.miktex/texmfs/install/tex/generic/babel/babel.sty
Package: babel 2025/02/02 v25.3 The multilingual framework for pdfLaTeX, LuaLaT
eX and XeLaTeX
\babel@savecnt=\count271
\U@D=\dimen142
\l@unhyphenated=\language1

(/home/vinicius/.miktex/texmfs/install/tex/generic/babel/txtbabel.def)
\bbl@readstream=\read2
\bbl@dirlevel=\count272

*************************************
* Local config file bblopts.cfg used
*
(/home/vinicius/.miktex/texmfs/install/tex/latex/arabi/bblopts.cfg
File: bblopts.cfg 2005/09/08 v0.1 add Arabic and Farsi to "declared" options of
 babel
)
(/home/vinicius/.miktex/texmfs/install/tex/latex/babel-english/english.ldf
Language: english 2017/06/06 v3.3r English support from the babel system
))
(/home/vinicius/.miktex/texmfs/install/tex/generic/babel/locale/en/babel-englis
h.tex
Package babel Info: Importing font and identification data for english
(babel)             from babel-en.ini. Reported on input line 11.
) (/home/vinicius/.miktex/texmfs/install/tex/latex/amsmath/amsmath.sty
Package: amsmath 2024/11/05 v2.17t AMS math features
\@mathmargin=\skip51

For additional information on amsmath, use the `?' option.
(/home/vinicius/.miktex/texmfs/install/tex/latex/amsmath/amstext.sty
Package: amstext 2021/08/26 v2.01 AMS text

(/home/vinicius/.miktex/texmfs/install/tex/latex/amsmath/amsgen.sty
File: amsgen.sty 1999/11/30 v2.0 generic functions
\@emptytoks=\toks19
\ex@=\dimen143
))
(/home/vinicius/.miktex/texmfs/install/tex/latex/amsmath/amsbsy.sty
Package: amsbsy 1999/11/29 v1.2d Bold Symbols
\pmbraise@=\dimen144
)
(/home/vinicius/.miktex/texmfs/install/tex/latex/amsmath/amsopn.sty
Package: amsopn 2022/04/08 v2.04 operator names
)
\inf@bad=\count273
LaTeX Info: Redefining \frac on input line 233.
\uproot@=\count274
\leftroot@=\count275
LaTeX Info: Redefining \overline on input line 398.
LaTeX Info: Redefining \colon on input line 409.
\classnum@=\count276
\DOTSCASE@=\count277
LaTeX Info: Redefining \ldots on input line 495.
LaTeX Info: Redefining \dots on input line 498.
LaTeX Info: Redefining \cdots on input line 619.
\Mathstrutbox@=\box52
\strutbox@=\box53
LaTeX Info: Redefining \big on input line 721.
LaTeX Info: Redefining \Big on input line 722.
LaTeX Info: Redefining \bigg on input line 723.
LaTeX Info: Redefining \Bigg on input line 724.
\big@size=\dimen145
LaTeX Font Info:    Redeclaring font encoding OML on input line 742.
LaTeX Font Info:    Redeclaring font encoding OMS on input line 743.
\macc@depth=\count278
LaTeX Info: Redefining \bmod on input line 904.
LaTeX Info: Redefining \pmod on input line 909.
LaTeX Info: Redefining \smash on input line 939.
LaTeX Info: Redefining \relbar on input line 969.
LaTeX Info: Redefining \Relbar on input line 970.
\c@MaxMatrixCols=\count279
\dotsspace@=\muskip17
\c@parentequation=\count280
\dspbrk@lvl=\count281
\tag@help=\toks20
\row@=\count282
\column@=\count283
\maxfields@=\count284
\andhelp@=\toks21
\eqnshift@=\dimen146
\alignsep@=\dimen147
\tagshift@=\dimen148
\tagwidth@=\dimen149
\totwidth@=\dimen150
\lineht@=\dimen151
\@envbody=\toks22
\multlinegap=\skip52
\multlinetaggap=\skip53
\mathdisplay@stack=\toks23
LaTeX Info: Redefining \[ on input line 2953.
LaTeX Info: Redefining \] on input line 2954.
)
(/home/vinicius/.miktex/texmfs/install/tex/latex/mathtools/mathtools.sty
Package: mathtools 2024/10/04 v1.31 mathematical typesetting tools

(/home/vinicius/.miktex/texmfs/install/tex/latex/graphics/keyval.sty
Package: keyval 2022/05/29 v1.15 key=value parser (DPC)
\KV@toks@=\toks24
)
(/home/vinicius/.miktex/texmfs/install/tex/latex/tools/calc.sty
Package: calc 2023/07/08 v4.3 Infix arithmetic (KKT,FJ)
\calc@Acount=\count285
\calc@Bcount=\count286
\calc@Adimen=\dimen152
\calc@Bdimen=\dimen153
\calc@Askip=\skip54
\calc@Bskip=\skip55
LaTeX Info: Redefining \setlength on input line 80.
LaTeX Info: Redefining \addtolength on input line 81.
\calc@Ccount=\count287
\calc@Cskip=\skip56
)
(/home/vinicius/.miktex/texmfs/install/tex/latex/mathtools/mhsetup.sty
Package: mhsetup 2021/03/18 v1.4 programming setup (MH)
)
\g_MT_multlinerow_int=\count288
\l_MT_multwidth_dim=\dimen154
\origjot=\skip57
\l_MT_shortvdotswithinadjustabove_dim=\dimen155
\l_MT_shortvdotswithinadjustbelow_dim=\dimen156
\l_MT_above_intertext_sep=\dimen157
\l_MT_below_intertext_sep=\dimen158
\l_MT_above_shortintertext_sep=\dimen159
\l_MT_below_shortintertext_sep=\dimen160
\xmathstrut@box=\box54
\xmathstrut@dim=\dimen161
)
(/home/vinicius/.miktex/texmfs/install/tex/latex/amsfonts/amsfonts.sty
Package: amsfonts 2013/01/14 v3.01 Basic AMSFonts support
\symAMSa=\mathgroup4
\symAMSb=\mathgroup5
LaTeX Font Info:    Redeclaring math symbol \hbar on input line 98.
LaTeX Font Info:    Overwriting math alphabet `\mathfrak' in version `bold'
(Font)                  U/euf/m/n --> U/euf/b/n on input line 106.
)
(/home/vinicius/.miktex/texmfs/install/tex/latex/amsfonts/amssymb.sty
Package: amssymb 2013/01/14 v3.01 AMS font symbols
)
(/home/vinicius/.miktex/texmfs/install/tex/latex/graphics/graphicx.sty
Package: graphicx 2021/09/16 v1.2d Enhanced LaTeX Graphics (DPC,SPQR)

(/home/vinicius/.miktex/texmfs/install/tex/latex/graphics/graphics.sty
Package: graphics 2024/08/06 v1.4g Standard LaTeX Graphics (DPC,SPQR)

(/home/vinicius/.miktex/texmfs/install/tex/latex/graphics/trig.sty
Package: trig 2023/12/02 v1.11 sin cos tan (DPC)
)
(/home/vinicius/.miktex/texmfs/install/tex/latex/graphics-cfg/graphics.cfg
File: graphics.cfg 2016/06/04 v1.11 sample graphics configuration
)
Package graphics Info: Driver file: pdftex.def on input line 106.

(/home/vinicius/.miktex/texmfs/install/tex/latex/graphics-def/pdftex.def
File: pdftex.def 2024/04/13 v1.2c Graphics/color driver for pdftex
))
\Gin@req@height=\dimen162
\Gin@req@width=\dimen163
)
(/home/vinicius/.miktex/texmfs/install/tex/latex/tools/indentfirst.sty
Package: indentfirst 2023/07/02 v1.03 Indent first paragraph (DPC)
)
(/home/vinicius/.miktex/texmfs/install/tex/latex/overpic/overpic.sty
Package: overpic 2024/01/06 2.1 picture overlays (RN)

(/home/vinicius/.miktex/texmfs/install/tex/latex/epic/epic.sty
Enhancements to Picture Environment. Version 1.2 - Released June 1, 1986
\@@multicnt=\count289
\d@lta=\count290
\@delta=\dimen164
\@@delta=\dimen165
\@gridcnt=\count291
\@joinkind=\count292
\@dotgap=\dimen166
\@ddotgap=\dimen167
\@x@diff=\count293
\@y@diff=\count294
\x@diff=\dimen168
\y@diff=\dimen169
\@dotbox=\box55
\num@segments=\count295
\num@segmentsi=\count296
\@datafile=\read3
)
\OVP@box=\box56
) (/home/vinicius/.miktex/texmfs/install/tex/latex/geometry/geometry.sty
Package: geometry 2020/01/02 v5.9 Page Geometry

(/home/vinicius/.miktex/texmfs/install/tex/generic/iftex/ifvtex.sty
Package: ifvtex 2019/10/25 v1.7 ifvtex legacy package. Use iftex instead.

(/home/vinicius/.miktex/texmfs/install/tex/generic/iftex/iftex.sty
Package: iftex 2024/12/12 v1.0g TeX engine tests
))
\Gm@cnth=\count297
\Gm@cntv=\count298
\c@Gm@tempcnt=\count299
\Gm@bindingoffset=\dimen170
\Gm@wd@mp=\dimen171
\Gm@odd@mp=\dimen172
\Gm@even@mp=\dimen173
\Gm@layoutwidth=\dimen174
\Gm@layoutheight=\dimen175
\Gm@layouthoffset=\dimen176
\Gm@layoutvoffset=\dimen177
\Gm@dimlist=\toks25

(/home/vinicius/.miktex/texmfs/install/tex/latex/geometry/geometry.cfg))
(/home/vinicius/.miktex/texmfs/install/tex/latex/url/url.sty
\Urlmuskip=\muskip18
Package: url 2013/09/16  ver 3.4  Verb mode for urls, etc.
)
(/home/vinicius/.miktex/texmfs/install/tex/latex/graphics/color.sty
Package: color 2024/06/23 v1.3e Standard LaTeX Color (DPC)

(/home/vinicius/.miktex/texmfs/install/tex/latex/graphics-cfg/color.cfg
File: color.cfg 2016/01/02 v1.6 sample color configuration
)
Package color Info: Driver file: pdftex.def on input line 149.

(/home/vinicius/.miktex/texmfs/install/tex/latex/graphics/mathcolor.ltx))
(/home/vinicius/.miktex/texmfs/install/tex/latex/tikz-feynman/tikz-feynman.sty
Package: tikz-feynman 2016/02/05v1.1.0Feynman diagrams with TikZ

(/home/vinicius/.miktex/texmfs/install/tex/latex/pgf/frontendlayer/tikz.sty
(/home/vinicius/.miktex/texmfs/install/tex/latex/pgf/basiclayer/pgf.sty
(/home/vinicius/.miktex/texmfs/install/tex/latex/pgf/utilities/pgfrcs.sty
(/home/vinicius/.miktex/texmfs/install/tex/generic/pgf/utilities/pgfutil-common
.tex
\pgfutil@everybye=\toks26
\pgfutil@tempdima=\dimen178
\pgfutil@tempdimb=\dimen179
)
(/home/vinicius/.miktex/texmfs/install/tex/generic/pgf/utilities/pgfutil-latex.
def
\pgfutil@abb=\box57
)
(/home/vinicius/.miktex/texmfs/install/tex/generic/pgf/utilities/pgfrcs.code.te
x (/home/vinicius/.miktex/texmfs/install/tex/generic/pgf/pgf.revision.tex)
Package: pgfrcs 2023-01-15 v3.1.10 (3.1.10)
))
Package: pgf 2023-01-15 v3.1.10 (3.1.10)

(/home/vinicius/.miktex/texmfs/install/tex/latex/pgf/basiclayer/pgfcore.sty
(/home/vinicius/.miktex/texmfs/install/tex/latex/pgf/systemlayer/pgfsys.sty
(/home/vinicius/.miktex/texmfs/install/tex/generic/pgf/systemlayer/pgfsys.code.
tex
Package: pgfsys 2023-01-15 v3.1.10 (3.1.10)

(/home/vinicius/.miktex/texmfs/install/tex/generic/pgf/utilities/pgfkeys.code.t
ex
\pgfkeys@pathtoks=\toks27
\pgfkeys@temptoks=\toks28

(/home/vinicius/.miktex/texmfs/install/tex/generic/pgf/utilities/pgfkeyslibrary
filtered.code.tex
\pgfkeys@tmptoks=\toks29
))
\pgf@x=\dimen180
\pgf@y=\dimen181
\pgf@xa=\dimen182
\pgf@ya=\dimen183
\pgf@xb=\dimen184
\pgf@yb=\dimen185
\pgf@xc=\dimen186
\pgf@yc=\dimen187
\pgf@xd=\dimen188
\pgf@yd=\dimen189
\w@pgf@writea=\write3
\r@pgf@reada=\read4
\c@pgf@counta=\count300
\c@pgf@countb=\count301
\c@pgf@countc=\count302
\c@pgf@countd=\count303
\t@pgf@toka=\toks30
\t@pgf@tokb=\toks31
\t@pgf@tokc=\toks32
\pgf@sys@id@count=\count304

(/home/vinicius/.miktex/texmfs/install/tex/generic/pgf/systemlayer/pgf.cfg
File: pgf.cfg 2023-01-15 v3.1.10 (3.1.10)
)
Driver file for pgf: pgfsys-pdftex.def

(/home/vinicius/.miktex/texmfs/install/tex/generic/pgf/systemlayer/pgfsys-pdfte
x.def
File: pgfsys-pdftex.def 2023-01-15 v3.1.10 (3.1.10)

(/home/vinicius/.miktex/texmfs/install/tex/generic/pgf/systemlayer/pgfsys-commo
n-pdf.def
File: pgfsys-common-pdf.def 2023-01-15 v3.1.10 (3.1.10)
)))
(/home/vinicius/.miktex/texmfs/install/tex/generic/pgf/systemlayer/pgfsyssoftpa
th.code.tex
File: pgfsyssoftpath.code.tex 2023-01-15 v3.1.10 (3.1.10)
\pgfsyssoftpath@smallbuffer@items=\count305
\pgfsyssoftpath@bigbuffer@items=\count306
)
(/home/vinicius/.miktex/texmfs/install/tex/generic/pgf/systemlayer/pgfsysprotoc
ol.code.tex
File: pgfsysprotocol.code.tex 2023-01-15 v3.1.10 (3.1.10)
))
(/home/vinicius/.miktex/texmfs/install/tex/latex/xcolor/xcolor.sty
Package: xcolor 2024/09/29 v3.02 LaTeX color extensions (UK)

(/home/vinicius/.miktex/texmfs/install/tex/latex/graphics-cfg/color.cfg
File: color.cfg 2016/01/02 v1.6 sample color configuration
)
Package xcolor Info: Driver file: pdftex.def on input line 274.
LaTeX Info: Redefining \color on input line 762.

(/home/vinicius/.miktex/texmfs/install/tex/latex/graphics/mathcolor.ltx)
Package xcolor Info: Model `cmy' substituted by `cmy0' on input line 1349.
Package xcolor Info: Model `hsb' substituted by `rgb' on input line 1353.
Package xcolor Info: Model `RGB' extended on input line 1365.
Package xcolor Info: Model `HTML' substituted by `rgb' on input line 1367.
Package xcolor Info: Model `Hsb' substituted by `hsb' on input line 1368.
Package xcolor Info: Model `tHsb' substituted by `hsb' on input line 1369.
Package xcolor Info: Model `HSB' substituted by `hsb' on input line 1370.
Package xcolor Info: Model `Gray' substituted by `gray' on input line 1371.
Package xcolor Info: Model `wave' substituted by `hsb' on input line 1372.
)
(/home/vinicius/.miktex/texmfs/install/tex/generic/pgf/basiclayer/pgfcore.code.
tex
Package: pgfcore 2023-01-15 v3.1.10 (3.1.10)

(/home/vinicius/.miktex/texmfs/install/tex/generic/pgf/math/pgfmath.code.tex
(/home/vinicius/.miktex/texmfs/install/tex/generic/pgf/math/pgfmathutil.code.te
x)
(/home/vinicius/.miktex/texmfs/install/tex/generic/pgf/math/pgfmathparser.code.
tex
\pgfmath@dimen=\dimen190
\pgfmath@count=\count307
\pgfmath@box=\box58
\pgfmath@toks=\toks33
\pgfmath@stack@operand=\toks34
\pgfmath@stack@operation=\toks35
)
(/home/vinicius/.miktex/texmfs/install/tex/generic/pgf/math/pgfmathfunctions.co
de.tex)
(/home/vinicius/.miktex/texmfs/install/tex/generic/pgf/math/pgfmathfunctions.ba
sic.code.tex)
(/home/vinicius/.miktex/texmfs/install/tex/generic/pgf/math/pgfmathfunctions.tr
igonometric.code.tex)
(/home/vinicius/.miktex/texmfs/install/tex/generic/pgf/math/pgfmathfunctions.ra
ndom.code.tex)
(/home/vinicius/.miktex/texmfs/install/tex/generic/pgf/math/pgfmathfunctions.co
mparison.code.tex)
(/home/vinicius/.miktex/texmfs/install/tex/generic/pgf/math/pgfmathfunctions.ba
se.code.tex)
(/home/vinicius/.miktex/texmfs/install/tex/generic/pgf/math/pgfmathfunctions.ro
und.code.tex)
(/home/vinicius/.miktex/texmfs/install/tex/generic/pgf/math/pgfmathfunctions.mi
sc.code.tex)
(/home/vinicius/.miktex/texmfs/install/tex/generic/pgf/math/pgfmathfunctions.in
tegerarithmetics.code.tex)
(/home/vinicius/.miktex/texmfs/install/tex/generic/pgf/math/pgfmathcalc.code.te
x)
(/home/vinicius/.miktex/texmfs/install/tex/generic/pgf/math/pgfmathfloat.code.t
ex
\c@pgfmathroundto@lastzeros=\count308
))
(/home/vinicius/.miktex/texmfs/install/tex/generic/pgf/math/pgfint.code.tex)
(/home/vinicius/.miktex/texmfs/install/tex/generic/pgf/basiclayer/pgfcorepoints
.code.tex
File: pgfcorepoints.code.tex 2023-01-15 v3.1.10 (3.1.10)
\pgf@picminx=\dimen191
\pgf@picmaxx=\dimen192
\pgf@picminy=\dimen193
\pgf@picmaxy=\dimen194
\pgf@pathminx=\dimen195
\pgf@pathmaxx=\dimen196
\pgf@pathminy=\dimen197
\pgf@pathmaxy=\dimen198
\pgf@xx=\dimen199
\pgf@xy=\dimen256
\pgf@yx=\dimen257
\pgf@yy=\dimen258
\pgf@zx=\dimen259
\pgf@zy=\dimen260
)
(/home/vinicius/.miktex/texmfs/install/tex/generic/pgf/basiclayer/pgfcorepathco
nstruct.code.tex
File: pgfcorepathconstruct.code.tex 2023-01-15 v3.1.10 (3.1.10)
\pgf@path@lastx=\dimen261
\pgf@path@lasty=\dimen262
)
(/home/vinicius/.miktex/texmfs/install/tex/generic/pgf/basiclayer/pgfcorepathus
age.code.tex
File: pgfcorepathusage.code.tex 2023-01-15 v3.1.10 (3.1.10)
\pgf@shorten@end@additional=\dimen263
\pgf@shorten@start@additional=\dimen264
)
(/home/vinicius/.miktex/texmfs/install/tex/generic/pgf/basiclayer/pgfcorescopes
.code.tex
File: pgfcorescopes.code.tex 2023-01-15 v3.1.10 (3.1.10)
\pgfpic=\box59
\pgf@hbox=\box60
\pgf@layerbox@main=\box61
\pgf@picture@serial@count=\count309
)
(/home/vinicius/.miktex/texmfs/install/tex/generic/pgf/basiclayer/pgfcoregraphi
cstate.code.tex
File: pgfcoregraphicstate.code.tex 2023-01-15 v3.1.10 (3.1.10)
\pgflinewidth=\dimen265
)
(/home/vinicius/.miktex/texmfs/install/tex/generic/pgf/basiclayer/pgfcoretransf
ormations.code.tex
File: pgfcoretransformations.code.tex 2023-01-15 v3.1.10 (3.1.10)
\pgf@pt@x=\dimen266
\pgf@pt@y=\dimen267
\pgf@pt@temp=\dimen268
)
(/home/vinicius/.miktex/texmfs/install/tex/generic/pgf/basiclayer/pgfcorequick.
code.tex
File: pgfcorequick.code.tex 2023-01-15 v3.1.10 (3.1.10)
)
(/home/vinicius/.miktex/texmfs/install/tex/generic/pgf/basiclayer/pgfcoreobject
s.code.tex
File: pgfcoreobjects.code.tex 2023-01-15 v3.1.10 (3.1.10)
)
(/home/vinicius/.miktex/texmfs/install/tex/generic/pgf/basiclayer/pgfcorepathpr
ocessing.code.tex
File: pgfcorepathprocessing.code.tex 2023-01-15 v3.1.10 (3.1.10)
)
(/home/vinicius/.miktex/texmfs/install/tex/generic/pgf/basiclayer/pgfcorearrows
.code.tex
File: pgfcorearrows.code.tex 2023-01-15 v3.1.10 (3.1.10)
\pgfarrowsep=\dimen269
)
(/home/vinicius/.miktex/texmfs/install/tex/generic/pgf/basiclayer/pgfcoreshade.
code.tex
File: pgfcoreshade.code.tex 2023-01-15 v3.1.10 (3.1.10)
\pgf@max=\dimen270
\pgf@sys@shading@range@num=\count310
\pgf@shadingcount=\count311
)
(/home/vinicius/.miktex/texmfs/install/tex/generic/pgf/basiclayer/pgfcoreimage.
code.tex
File: pgfcoreimage.code.tex 2023-01-15 v3.1.10 (3.1.10)
)
(/home/vinicius/.miktex/texmfs/install/tex/generic/pgf/basiclayer/pgfcoreextern
al.code.tex
File: pgfcoreexternal.code.tex 2023-01-15 v3.1.10 (3.1.10)
\pgfexternal@startupbox=\box62
)
(/home/vinicius/.miktex/texmfs/install/tex/generic/pgf/basiclayer/pgfcorelayers
.code.tex
File: pgfcorelayers.code.tex 2023-01-15 v3.1.10 (3.1.10)
)
(/home/vinicius/.miktex/texmfs/install/tex/generic/pgf/basiclayer/pgfcoretransp
arency.code.tex
File: pgfcoretransparency.code.tex 2023-01-15 v3.1.10 (3.1.10)
)
(/home/vinicius/.miktex/texmfs/install/tex/generic/pgf/basiclayer/pgfcorepatter
ns.code.tex
File: pgfcorepatterns.code.tex 2023-01-15 v3.1.10 (3.1.10)
)
(/home/vinicius/.miktex/texmfs/install/tex/generic/pgf/basiclayer/pgfcorerdf.co
de.tex
File: pgfcorerdf.code.tex 2023-01-15 v3.1.10 (3.1.10)
)))
(/home/vinicius/.miktex/texmfs/install/tex/generic/pgf/modules/pgfmoduleshapes.
code.tex
File: pgfmoduleshapes.code.tex 2023-01-15 v3.1.10 (3.1.10)
\pgfnodeparttextbox=\box63
)
(/home/vinicius/.miktex/texmfs/install/tex/generic/pgf/modules/pgfmoduleplot.co
de.tex
File: pgfmoduleplot.code.tex 2023-01-15 v3.1.10 (3.1.10)
)
(/home/vinicius/.miktex/texmfs/install/tex/latex/pgf/compatibility/pgfcomp-vers
ion-0-65.sty
Package: pgfcomp-version-0-65 2023-01-15 v3.1.10 (3.1.10)
\pgf@nodesepstart=\dimen271
\pgf@nodesepend=\dimen272
)
(/home/vinicius/.miktex/texmfs/install/tex/latex/pgf/compatibility/pgfcomp-vers
ion-1-18.sty
Package: pgfcomp-version-1-18 2023-01-15 v3.1.10 (3.1.10)
))
(/home/vinicius/.miktex/texmfs/install/tex/latex/pgf/utilities/pgffor.sty
(/home/vinicius/.miktex/texmfs/install/tex/latex/pgf/utilities/pgfkeys.sty
(/home/vinicius/.miktex/texmfs/install/tex/generic/pgf/utilities/pgfkeys.code.t
ex)) (/home/vinicius/.miktex/texmfs/install/tex/latex/pgf/math/pgfmath.sty
(/home/vinicius/.miktex/texmfs/install/tex/generic/pgf/math/pgfmath.code.tex))
(/home/vinicius/.miktex/texmfs/install/tex/generic/pgf/utilities/pgffor.code.te
x
Package: pgffor 2023-01-15 v3.1.10 (3.1.10)
\pgffor@iter=\dimen273
\pgffor@skip=\dimen274
\pgffor@stack=\toks36
\pgffor@toks=\toks37
))
(/home/vinicius/.miktex/texmfs/install/tex/generic/pgf/frontendlayer/tikz/tikz.
code.tex
Package: tikz 2023-01-15 v3.1.10 (3.1.10)

(/home/vinicius/.miktex/texmfs/install/tex/generic/pgf/libraries/pgflibraryplot
handlers.code.tex
File: pgflibraryplothandlers.code.tex 2023-01-15 v3.1.10 (3.1.10)
\pgf@plot@mark@count=\count312
\pgfplotmarksize=\dimen275
)
\tikz@lastx=\dimen276
\tikz@lasty=\dimen277
\tikz@lastxsaved=\dimen278
\tikz@lastysaved=\dimen279
\tikz@lastmovetox=\dimen280
\tikz@lastmovetoy=\dimen281
\tikzleveldistance=\dimen282
\tikzsiblingdistance=\dimen283
\tikz@figbox=\box64
\tikz@figbox@bg=\box65
\tikz@tempbox=\box66
\tikz@tempbox@bg=\box67
\tikztreelevel=\count313
\tikznumberofchildren=\count314
\tikznumberofcurrentchild=\count315
\tikz@fig@count=\count316

(/home/vinicius/.miktex/texmfs/install/tex/generic/pgf/modules/pgfmodulematrix.
code.tex
File: pgfmodulematrix.code.tex 2023-01-15 v3.1.10 (3.1.10)
\pgfmatrixcurrentrow=\count317
\pgfmatrixcurrentcolumn=\count318
\pgf@matrix@numberofcolumns=\count319
)
\tikz@expandcount=\count320

(/home/vinicius/.miktex/texmfs/install/tex/generic/pgf/frontendlayer/tikz/libra
ries/tikzlibrarytopaths.code.tex
File: tikzlibrarytopaths.code.tex 2023-01-15 v3.1.10 (3.1.10)
)))
(/home/vinicius/.miktex/texmfs/install/tex/generic/iftex/ifluatex.sty
Package: ifluatex 2019/10/25 v1.5 ifluatex legacy package. Use iftex instead.
)
(/home/vinicius/.miktex/texmfs/install/tex/latex/pgfopts/pgfopts.sty
Package: pgfopts 2014/07/10 v2.1a LaTeX package options with pgfkeys
\pgfopts@list@add@a@toks=\toks38
\pgfopts@list@add@b@toks=\toks39
)
(/home/vinicius/.miktex/texmfs/install/tex/latex/tikz-feynman/tikzlibraryfeynma
n.code.tex
(/home/vinicius/.miktex/texmfs/install/tex/generic/pgf/libraries/pgflibraryarro
ws.meta.code.tex
File: pgflibraryarrows.meta.code.tex 2023-01-15 v3.1.10 (3.1.10)
\pgfarrowinset=\dimen284
\pgfarrowlength=\dimen285
\pgfarrowwidth=\dimen286
\pgfarrowlinewidth=\dimen287
)
(/home/vinicius/.miktex/texmfs/install/tex/generic/pgf/frontendlayer/tikz/libra
ries/tikzlibrarycalc.code.tex
File: tikzlibrarycalc.code.tex 2023-01-15 v3.1.10 (3.1.10)
)
(/home/vinicius/.miktex/texmfs/install/tex/generic/pgf/frontendlayer/tikz/libra
ries/tikzlibrarydecorations.code.tex
(/home/vinicius/.miktex/texmfs/install/tex/generic/pgf/modules/pgfmoduledecorat
ions.code.tex
\pgfdecoratedcompleteddistance=\dimen288
\pgfdecoratedremainingdistance=\dimen289
\pgfdecoratedinputsegmentcompleteddistance=\dimen290
\pgfdecoratedinputsegmentremainingdistance=\dimen291
\pgf@decorate@distancetomove=\dimen292
\pgf@decorate@repeatstate=\count321
\pgfdecorationsegmentamplitude=\dimen293
\pgfdecorationsegmentlength=\dimen294
)
\tikz@lib@dec@box=\box68
)
(/home/vinicius/.miktex/texmfs/install/tex/generic/pgf/frontendlayer/tikz/libra
ries/tikzlibrarydecorations.markings.code.tex
(/home/vinicius/.miktex/texmfs/install/tex/generic/pgf/libraries/decorations/pg
flibrarydecorations.markings.code.tex))
(/home/vinicius/.miktex/texmfs/install/tex/generic/pgf/frontendlayer/tikz/libra
ries/tikzlibrarydecorations.pathmorphing.code.tex
(/home/vinicius/.miktex/texmfs/install/tex/generic/pgf/libraries/decorations/pg
flibrarydecorations.pathmorphing.code.tex))
(/home/vinicius/.miktex/texmfs/install/tex/generic/pgf/frontendlayer/tikz/libra
ries/tikzlibrarydecorations.pathreplacing.code.tex
(/home/vinicius/.miktex/texmfs/install/tex/generic/pgf/libraries/decorations/pg
flibrarydecorations.pathreplacing.code.tex))
(/home/vinicius/.miktex/texmfs/install/tex/generic/pgf/frontendlayer/tikz/libra
ries/graphs/tikzlibrarygraphs.code.tex
File: tikzlibrarygraphs.code.tex 2023-01-15 v3.1.10 (3.1.10)
\tikz@lib@auto@number=\count322
\tikz@qnode@count=\count323
)
(/home/vinicius/.miktex/texmfs/install/tex/generic/pgf/frontendlayer/tikz/libra
ries/tikzlibrarypatterns.code.tex
File: tikzlibrarypatterns.code.tex 2023-01-15 v3.1.10 (3.1.10)

(/home/vinicius/.miktex/texmfs/install/tex/generic/pgf/libraries/pgflibrarypatt
erns.code.tex
File: pgflibrarypatterns.code.tex 2023-01-15 v3.1.10 (3.1.10)
))
(/home/vinicius/.miktex/texmfs/install/tex/generic/pgf/frontendlayer/tikz/libra
ries/tikzlibrarypositioning.code.tex
File: tikzlibrarypositioning.code.tex 2023-01-15 v3.1.10 (3.1.10)
)
(/home/vinicius/.miktex/texmfs/install/tex/generic/pgf/frontendlayer/tikz/libra
ries/tikzlibraryshapes.geometric.code.tex
File: tikzlibraryshapes.geometric.code.tex 2023-01-15 v3.1.10 (3.1.10)

(/home/vinicius/.miktex/texmfs/install/tex/generic/pgf/libraries/shapes/pgflibr
aryshapes.geometric.code.tex
File: pgflibraryshapes.geometric.code.tex 2023-01-15 v3.1.10 (3.1.10)
))
(/home/vinicius/.miktex/texmfs/install/tex/latex/tikz-feynman/tikzfeynman.keys.
code.tex)))
(/home/vinicius/.miktex/texmfs/install/tex/latex/physics/physics.sty
Package: physics 

(/home/vinicius/.miktex/texmfs/install/tex/latex/l3packages/xparse/xparse.sty
(/home/vinicius/.miktex/texmfs/install/tex/latex/l3kernel/expl3.sty
Package: expl3 2025-01-18 L3 programming layer (loader) 

(/home/vinicius/.miktex/texmfs/install/tex/latex/l3backend/l3backend-pdftex.def
File: l3backend-pdftex.def 2024-05-08 L3 backend support: PDF output (pdfTeX)
\l__color_backend_stack_int=\count324
\l__pdf_internal_box=\box69
))
Package: xparse 2024-08-16 L3 Experimental document command parser
)) (/home/vinicius/.miktex/texmfs/install/tex/latex/tools/array.sty
Package: array 2024/10/17 v2.6g Tabular extension package (FMi)
\col@sep=\dimen295
\ar@mcellbox=\box70
\extrarowheight=\dimen296
\NC@list=\toks40
\extratabsurround=\skip58
\backup@length=\skip59
\ar@cellbox=\box71
)
(/home/vinicius/.miktex/texmfs/install/tex/latex/hyperref/hyperref.sty
Package: hyperref 2024-11-05 v7.01l Hypertext links for LaTeX

(/home/vinicius/.miktex/texmfs/install/tex/latex/kvsetkeys/kvsetkeys.sty
Package: kvsetkeys 2022-10-05 v1.19 Key value parser (HO)
)
(/home/vinicius/.miktex/texmfs/install/tex/generic/kvdefinekeys/kvdefinekeys.st
y
Package: kvdefinekeys 2019-12-19 v1.6 Define keys (HO)
) (/home/vinicius/.miktex/texmfs/install/tex/generic/pdfescape/pdfescape.sty
Package: pdfescape 2019/12/09 v1.15 Implements pdfTeX's escape features (HO)

(/home/vinicius/.miktex/texmfs/install/tex/generic/ltxcmds/ltxcmds.sty
Package: ltxcmds 2023-12-04 v1.26 LaTeX kernel commands for general use (HO)
)
(/home/vinicius/.miktex/texmfs/install/tex/generic/pdftexcmds/pdftexcmds.sty
Package: pdftexcmds 2020-06-27 v0.33 Utility functions of pdfTeX for LuaTeX (HO
)

(/home/vinicius/.miktex/texmfs/install/tex/generic/infwarerr/infwarerr.sty
Package: infwarerr 2019/12/03 v1.5 Providing info/warning/error messages (HO)
)
Package pdftexcmds Info: \pdf@primitive is available.
Package pdftexcmds Info: \pdf@ifprimitive is available.
Package pdftexcmds Info: \pdfdraftmode found.
))
(/home/vinicius/.miktex/texmfs/install/tex/latex/hycolor/hycolor.sty
Package: hycolor 2020-01-27 v1.10 Color options for hyperref/bookmark (HO)
)
(/home/vinicius/.miktex/texmfs/install/tex/latex/hyperref/nameref.sty
Package: nameref 2023-11-26 v2.56 Cross-referencing by name of section

(/home/vinicius/.miktex/texmfs/install/tex/latex/refcount/refcount.sty
Package: refcount 2019/12/15 v3.6 Data extraction from label references (HO)
)
(/home/vinicius/.miktex/texmfs/install/tex/generic/gettitlestring/gettitlestrin
g.sty
Package: gettitlestring 2019/12/15 v1.6 Cleanup title references (HO)
 (/home/vinicius/.miktex/texmfs/install/tex/latex/kvoptions/kvoptions.sty
Package: kvoptions 2022-06-15 v3.15 Key value format for package options (HO)
))
\c@section@level=\count325
) (/home/vinicius/.miktex/texmfs/install/tex/latex/etoolbox/etoolbox.sty
Package: etoolbox 2020/10/05 v2.5k e-TeX tools for LaTeX (JAW)
\etb@tempcnta=\count326
)
(/home/vinicius/.miktex/texmfs/install/tex/generic/stringenc/stringenc.sty
Package: stringenc 2019/11/29 v1.12 Convert strings between diff. encodings (HO
)
)
\@linkdim=\dimen297
\Hy@linkcounter=\count327
\Hy@pagecounter=\count328

(/home/vinicius/.miktex/texmfs/install/tex/latex/hyperref/pd1enc.def
File: pd1enc.def 2024-11-05 v7.01l Hyperref: PDFDocEncoding definition (HO)
Now handling font encoding PD1 ...
... no UTF-8 mapping file for font encoding PD1
)
(/home/vinicius/.miktex/texmfs/install/tex/generic/intcalc/intcalc.sty
Package: intcalc 2019/12/15 v1.3 Expandable calculations with integers (HO)
)
\Hy@SavedSpaceFactor=\count329

(/home/vinicius/.miktex/texmfs/install/tex/latex/hyperref/puenc.def
File: puenc.def 2024-11-05 v7.01l Hyperref: PDF Unicode definition (HO)
Now handling font encoding PU ...
... no UTF-8 mapping file for font encoding PU
)
Package hyperref Info: Option `colorlinks' set `true' on input line 4040.
Package hyperref Info: Option `bookmarks' set `false' on input line 4040.
Package hyperref Info: Option `hypertexnames' set `true' on input line 4040.
Package hyperref Info: Hyper figures OFF on input line 4157.
Package hyperref Info: Link nesting OFF on input line 4162.
Package hyperref Info: Hyper index ON on input line 4165.
Package hyperref Info: Plain pages OFF on input line 4172.
Package hyperref Info: Backreferencing OFF on input line 4177.
Package hyperref Info: Implicit mode ON; LaTeX internals redefined.
Package hyperref Info: Bookmarks OFF on input line 4430.
\c@Hy@tempcnt=\count330
LaTeX Info: Redefining \url on input line 4763.
\XeTeXLinkMargin=\dimen298

(/home/vinicius/.miktex/texmfs/install/tex/generic/bitset/bitset.sty
Package: bitset 2019/12/09 v1.3 Handle bit-vector datatype (HO)

(/home/vinicius/.miktex/texmfs/install/tex/generic/bigintcalc/bigintcalc.sty
Package: bigintcalc 2019/12/15 v1.5 Expandable calculations on big integers (HO
)
))
\Fld@menulength=\count331
\Field@Width=\dimen299
\Fld@charsize=\dimen300
Package hyperref Info: Hyper figures OFF on input line 6042.
Package hyperref Info: Link nesting OFF on input line 6047.
Package hyperref Info: Hyper index ON on input line 6050.
Package hyperref Info: backreferencing OFF on input line 6057.
Package hyperref Info: Link coloring ON on input line 6060.
Package hyperref Info: Link coloring with OCG OFF on input line 6067.
Package hyperref Info: PDF/A mode OFF on input line 6072.

(/home/vinicius/.miktex/texmfs/install/tex/latex/base/atbegshi-ltx.sty
Package: atbegshi-ltx 2021/01/10 v1.0c Emulation of the original atbegshi
package with kernel methods
)
\Hy@abspage=\count332
\c@Item=\count333
\c@Hfootnote=\count334
)
Package hyperref Info: Driver (autodetected): hpdftex.

(/home/vinicius/.miktex/texmfs/install/tex/latex/hyperref/hpdftex.def
File: hpdftex.def 2024-11-05 v7.01l Hyperref driver for pdfTeX

(/home/vinicius/.miktex/texmfs/install/tex/latex/base/atveryend-ltx.sty
Package: atveryend-ltx 2020/08/19 v1.0a Emulation of the original atveryend pac
kage
with kernel methods
)
\Fld@listcount=\count335
\c@bookmark@seq@number=\count336

(/home/vinicius/.miktex/texmfs/install/tex/latex/rerunfilecheck/rerunfilecheck.
sty
Package: rerunfilecheck 2022-07-10 v1.10 Rerun checks for auxiliary files (HO)

(/home/vinicius/.miktex/texmfs/install/tex/generic/uniquecounter/uniquecounter.
sty
Package: uniquecounter 2019/12/15 v1.4 Provide unlimited unique counter (HO)
)
Package uniquecounter Info: New unique counter `rerunfilecheck' on input line 2
85.
)
\Hy@SectionHShift=\skip60
) (/home/vinicius/.miktex/texmfs/install/tex/latex/caption/caption.sty
Package: caption 2023/08/05 v3.6o Customizing captions (AR)

(/home/vinicius/.miktex/texmfs/install/tex/latex/caption/caption3.sty
Package: caption3 2023/07/31 v2.4d caption3 kernel (AR)
\caption@tempdima=\dimen301
\captionmargin=\dimen302
\caption@leftmargin=\dimen303
\caption@rightmargin=\dimen304
\caption@width=\dimen305
\caption@indent=\dimen306
\caption@parindent=\dimen307
\caption@hangindent=\dimen308
Package caption Info: Standard document class detected.
)
\c@caption@flags=\count337
\c@continuedfloat=\count338
Package caption Info: hyperref package is loaded.
)
(/home/vinicius/.miktex/texmfs/install/tex/latex/caption/subcaption.sty
Package: subcaption 2023/07/28 v1.6b Sub-captions (AR)
Package caption Info: New subtype `subfigure' on input line 238.
\c@subfigure=\count339
Package caption Info: New subtype `subtable' on input line 238.
\c@subtable=\count340
)
(/home/vinicius/.miktex/texmfs/install/tex/latex/multirow/multirow.sty
Package: multirow 2024/11/12 v2.9 Span multiple rows of a table
\multirow@colwidth=\skip61
\multirow@cntb=\count341
\multirow@dima=\skip62
\bigstrutjot=\dimen309
)
(/home/vinicius/.miktex/texmfs/install/tex/latex/pbox/pbox.sty
Package: pbox 2011/12/07 v1.2 Dynamic parboxes

(/home/vinicius/.miktex/texmfs/install/tex/latex/base/ifthen.sty
Package: ifthen 2024/03/16 v1.1e Standard LaTeX ifthen package (DPC)
)
\pb@xlen=\skip63
)
(/home/vinicius/.miktex/texmfs/install/tex/latex/booktabs/booktabs.sty
Package: booktabs 2020/01/12 v1.61803398 Publication quality tables
\heavyrulewidth=\dimen310
\lightrulewidth=\dimen311
\cmidrulewidth=\dimen312
\belowrulesep=\dimen313
\belowbottomsep=\dimen314
\aboverulesep=\dimen315
\abovetopsep=\dimen316
\cmidrulesep=\dimen317
\cmidrulekern=\dimen318
\defaultaddspace=\dimen319
\@cmidla=\count342
\@cmidlb=\count343
\@aboverulesep=\dimen320
\@belowrulesep=\dimen321
\@thisruleclass=\count344
\@lastruleclass=\count345
\@thisrulewidth=\dimen322
)
(/home/vinicius/.miktex/texmfs/install/tex/latex/tools/bm.sty
Package: bm 2023/12/19 v1.2f Bold Symbol Support (DPC/FMi)
\symboldoperators=\mathgroup6
\symboldletters=\mathgroup7
\symboldsymbols=\mathgroup8
Package bm Info: No bold for \OMX/cmex/m/n, using \pmb.
Package bm Info: No bold for \U/msa/m/n, using \pmb.
Package bm Info: No bold for \U/msb/m/n, using \pmb.
LaTeX Font Info:    Redeclaring math alphabet \mathbf on input line 149.
)
(/home/vinicius/.miktex/texmfs/install/tex/latex/carlisle/slashed.sty
Package: slashed 1997/01/16 v0.01 Feynman Slashed Character Notation (DPC)
)
(/home/vinicius/.miktex/texmfs/install/tex/latex/simpler-wick/simpler-wick.sty
Package: simpler-wick 2015/12/11 Simpler Wick contractions

(/home/vinicius/.miktex/texmfs/install/tex/latex/pgf/frontendlayer/libraries/ti
kzlibraryexternal.code.tex
(/home/vinicius/.miktex/texmfs/install/tex/generic/pgf/frontendlayer/tikz/libra
ries/tikzexternalshared.code.tex)))
(/home/vinicius/.miktex/texmfs/install/tex/latex/titlesec/titlesec.sty
Package: titlesec 2025/01/04 v2.17 Sectioning titles
\ttl@box=\box72
\beforetitleunit=\skip64
\aftertitleunit=\skip65
\ttl@plus=\dimen323
\ttl@minus=\dimen324
\ttl@toksa=\toks41
\titlewidth=\dimen325
\titlewidthlast=\dimen326
\titlewidthfirst=\dimen327
)
(/home/vinicius/.miktex/texmfs/install/tex/latex/doublestroke/dsfont.sty
Package: dsfont 1995/08/01 v0.1 Double stroke roman fonts
)
(CDE_text (Copy).aux)
\openout1 = `"CDE_text (Copy).aux"'.

LaTeX Font Info:    Checking defaults for OML/cmm/m/it on input line 74.
LaTeX Font Info:    ... okay on input line 74.
LaTeX Font Info:    Checking defaults for OMS/cmsy/m/n on input line 74.
LaTeX Font Info:    ... okay on input line 74.
LaTeX Font Info:    Checking defaults for OT1/cmr/m/n on input line 74.
LaTeX Font Info:    ... okay on input line 74.
LaTeX Font Info:    Checking defaults for T1/cmr/m/n on input line 74.
LaTeX Font Info:    ... okay on input line 74.
LaTeX Font Info:    Checking defaults for TS1/cmr/m/n on input line 74.
LaTeX Font Info:    ... okay on input line 74.
LaTeX Font Info:    Checking defaults for OMX/cmex/m/n on input line 74.
LaTeX Font Info:    ... okay on input line 74.
LaTeX Font Info:    Checking defaults for U/cmr/m/n on input line 74.
LaTeX Font Info:    ... okay on input line 74.
LaTeX Font Info:    Checking defaults for PD1/pdf/m/n on input line 74.
LaTeX Font Info:    ... okay on input line 74.
LaTeX Font Info:    Checking defaults for PU/pdf/m/n on input line 74.
LaTeX Font Info:    ... okay on input line 74.

(/home/vinicius/.miktex/texmfs/install/tex/context/base/mkii/supp-pdf.mkii
[Loading MPS to PDF converter (version 2006.09.02).]
\scratchcounter=\count346
\scratchdimen=\dimen328
\scratchbox=\box73
\nofMPsegments=\count347
\nofMParguments=\count348
\everyMPshowfont=\toks42
\MPscratchCnt=\count349
\MPscratchDim=\dimen329
\MPnumerator=\count350
\makeMPintoPDFobject=\count351
\everyMPtoPDFconversion=\toks43
)
(/home/vinicius/.miktex/texmfs/install/tex/latex/epstopdf-pkg/epstopdf-base.sty
Package: epstopdf-base 2020-01-24 v2.11 Base part for package epstopdf
Package epstopdf-base Info: Redefining graphics rule for `.eps' on input line 4
85.
(/home/vinicius/.miktex/texmfs/install/tex/latex/00miktex/epstopdf-sys.cfg
File: epstopdf-sys.cfg 2021/03/18 v2.0 Configuration of epstopdf for MiKTeX
))
*geometry* driver: auto-detecting
*geometry* detected driver: pdftex
*geometry* verbose mode - [ preamble ] result:
* driver: pdftex
* paper: a4paper
* layout: <same size as paper>
* layoutoffset:(h,v)=(0.0pt,0.0pt)
* modes: 
* h-part:(L,W,R)=(71.13188pt, 455.24411pt, 71.13188pt)
* v-part:(T,H,B)=(49.79231pt, 745.46222pt, 49.79231pt)
* \paperwidth=597.50787pt
* \paperheight=845.04684pt
* \textwidth=455.24411pt
* \textheight=745.46222pt
* \oddsidemargin=-1.1381pt
* \evensidemargin=-1.1381pt
* \topmargin=-59.47768pt
* \headheight=12.0pt
* \headsep=25.0pt
* \topskip=10.0pt
* \footskip=30.0pt
* \marginparwidth=57.0pt
* \marginparsep=11.0pt
* \columnsep=10.0pt
* \skip\footins=9.0pt plus 4.0pt minus 2.0pt
* \hoffset=0.0pt
* \voffset=0.0pt
* \mag=1000
* \@twocolumnfalse
* \@twosidefalse
* \@mparswitchfalse
* \@reversemarginfalse
* (1in=72.27pt=25.4mm, 1cm=28.453pt)


Package tikz-feynman Warning: LuaTeX is required if you wish to have vertices a
utomatically placed. You can disable this warning by setting /tikzfeynman/warn 
luatex=false on input line 74.


Package tikz-feynman Warning: Consider loading TikZ-Feynman with \usepackage[co
mpat=1.1.0]{tikz-feynman} so that you can be warned if TikZ-Feynman changes. on
 input line 74.

Package hyperref Info: Link coloring ON on input line 74.
Package caption Info: Begin \AtBeginDocument code.
Package caption Info: End \AtBeginDocument code.
LaTeX Font Info:    Trying to load font information for U+msa on input line 78.

(/home/vinicius/.miktex/texmfs/install/tex/latex/amsfonts/umsa.fd
File: umsa.fd 2013/01/14 v3.01 AMS symbols A
)
LaTeX Font Info:    Trying to load font information for U+msb on input line 78.


(/home/vinicius/.miktex/texmfs/install/tex/latex/amsfonts/umsb.fd
File: umsb.fd 2013/01/14 v3.01 AMS symbols B
)

[1

{/home/vinicius/.miktex/texmfs/data/fonts/map/pdftex/pdftex.map}]
(CDE_text (Copy).toc)
\tf@toc=\write4
\openout4 = `"CDE_text (Copy).toc"'.




pdfTeX warning (ext4): destination with the same identifier (name{page.1}) has 
been already used, duplicate ignored
<to be read again> 
                   \relax 
l.81 	\newpage
               [1

]

[2

]

[3

]
Chapter 1.


[4

]

[5]

[6]

[7]

[8]
LaTeX Font Info:    Trying to load font information for U+dsrom on input line 6
09.
 (/home/vinicius/.miktex/texmfs/install/tex/latex/doublestroke/Udsrom.fd
File: Udsrom.fd 1995/08/01 v0.1 Double stroke roman font definitions
)

[9]
Overfull \hbox (14.4975pt too wide) in paragraph at lines 709--710
\T1/cmr/m/n/10 where $\OMS/cmsy/m/n/10 L[]\OT1/cmr/m/n/10 [\OML/cmm/m/it/10 ^^^
\OT1/cmr/m/n/10 ]$ \T1/cmr/m/n/10 and $\OMS/cmsy/m/n/10 L[]\OT1/cmr/m/n/10 [\OM
L/cmm/m/it/10 ^^^\OT1/cmr/m/n/10 ]$ \T1/cmr/m/n/10 contain effective operators 
at tree and one-loop level, respectively. Furthermore,
 []



[10]
Overfull \hbox (30.31653pt too wide) detected at line 808
[]
 []



[11]
Overfull \hbox (24.41653pt too wide) in paragraph at lines 848--849
\T1/cmr/m/n/10 dimensional loop integrals, which become difficult to evaluate e
xactly using standard dimensional regularization,
 []



[12]
Overfull \hbox (4.72021pt too wide) in paragraph at lines 909--910
[]\T1/cmr/m/n/10 To evaluate the one-loop EFT Lagrangian via Eq. ([][]1.2.43[][
]), it is convenient to transform the determinant
 []


Overfull \hbox (25.88652pt too wide) detected at line 941
[]
 []



[13]
Overfull \hbox (8.9227pt too wide) detected at line 994
[]
 []



[14]

[15]

[16]

[17]

[18]

[19]

[20]

[21]

[22]

LaTeX Warning: Command \textasciidieresis invalid in math mode on input line 15
80.


LaTeX Warning: Command \textasciidieresis invalid in math mode on input line 15
80.

Missing character: There is no ¨ in font cmr10!

LaTeX Warning: Command \textasciidieresis invalid in math mode on input line 15
80.


LaTeX Warning: Command \textasciidieresis invalid in math mode on input line 15
80.

Missing character: There is no ¨ in font cmr10!


[23]
Overfull \hbox (15.1559pt too wide) detected at line 1810
[]
 []



[24]
Overfull \hbox (10.89139pt too wide) in paragraph at lines 1859--1860
[]\T1/cmr/m/n/10 Performing the Legendre transformation to obtain the $\OT1/cmr
/m/n/10 1\OML/cmm/m/it/10 LPI$ \T1/cmr/m/n/10 generating functional and already
 separating
 []


LaTeX Warning: Command \textasciiacute invalid in math mode on input line 1863.



LaTeX Warning: Command \textasciiacute invalid in math mode on input line 1863.


Missing character: There is no ´ in font cmr10!

LaTeX Warning: Command \textasciiacute invalid in math mode on input line 1863.



LaTeX Warning: Command \textasciiacute invalid in math mode on input line 1863.


Missing character: There is no ´ in font cmr10!

LaTeX Warning: Command \textasciiacute invalid in math mode on input line 1869.



LaTeX Warning: Command \textasciiacute invalid in math mode on input line 1869.



LaTeX Warning: Command \textasciiacute invalid in math mode on input line 1869.



LaTeX Warning: Command \textasciiacute invalid in math mode on input line 1869.


Missing character: There is no ´ in font cmr10!
Missing character: There is no ´ in font cmr10!

LaTeX Warning: Command \textasciiacute invalid in math mode on input line 1869.



LaTeX Warning: Command \textasciiacute invalid in math mode on input line 1869.



LaTeX Warning: Command \textasciiacute invalid in math mode on input line 1869.



LaTeX Warning: Command \textasciiacute invalid in math mode on input line 1869.


Missing character: There is no ´ in font cmr10!
Missing character: There is no ´ in font cmr10!


[25]
Overfull \hbox (44.82338pt too wide) detected at line 1942
[]
 []



[26]

[27]

[28]

[29]

LaTeX Warning: Command \textasciiacute invalid in math mode on input line 2219.



LaTeX Warning: Command \textasciiacute invalid in math mode on input line 2219.


Missing character: There is no ´ in font cmr10!

LaTeX Warning: Command \textasciiacute invalid in math mode on input line 2219.



LaTeX Warning: Command \textasciiacute invalid in math mode on input line 2219.


Missing character: There is no ´ in font cmr10!

Overfull \hbox (50.62903pt too wide) detected at line 2233
[]
 []


Overfull \hbox (71.9791pt too wide) detected at line 2261
[]
 []



[30]
Overfull \hbox (4.92545pt too wide) detected at line 2328
[]
 []



[31]
Overfull \hbox (17.64696pt too wide) detected at line 2384
[]
 []



[32]
Overfull \hbox (3.77806pt too wide) detected at line 2514
[]
 []



[33]
Overfull \hbox (1.62952pt too wide) detected at line 2524
[]
 []


Overfull \hbox (18.06082pt too wide) detected at line 2593
[]
 []



[34]
Overfull \hbox (36.4408pt too wide) detected at line 2627
[]
 []


Overfull \hbox (36.4408pt too wide) detected at line 2634
[]
 []



[35]
Overfull \hbox (28.90929pt too wide) detected at line 2693
[]
 []



[36]
Overfull \hbox (11.98512pt too wide) detected at line 2750
[]
 []


Overfull \hbox (41.43503pt too wide) detected at line 2765
[]
 []


Overfull \hbox (52.81027pt too wide) detected at line 2785
[]
 []



[37]
Overfull \hbox (8.81895pt too wide) detected at line 2845
[]
 []



[38]
Overfull \hbox (17.58844pt too wide) detected at line 2867
[]
 []


Overfull \hbox (41.00279pt too wide) detected at line 2903
[]
 []


Overfull \hbox (28.61238pt too wide) detected at line 2938
[]
 []


Overfull \hbox (25.0168pt too wide) detected at line 2943
[]
 []



[39]
Overfull \hbox (45.54784pt too wide) detected at line 2953
[]
 []



[40]
Overfull \hbox (24.66536pt too wide) detected at line 3054
[]
 []


Overfull \hbox (7.92206pt too wide) detected at line 3069
[]
 []



[41]

[42]

[43] (CDE_text (Copy).bbl)

[44

] (CDE_text (Copy).aux)
 ***********
LaTeX2e <2024-11-01> patch level 2
L3 programming layer <2025-01-18>
 ***********
 ) 
Here is how much of TeX's memory you used:
 29179 strings out of 475460
 569717 string characters out of 5766395
 1052186 words of memory out of 5000000
 51208 multiletter control sequences out of 15000+600000
 583854 words of font info for 103 fonts, out of 8000000 for 9000
 0 hyphenation exceptions out of 8191
 98i,26n,105p,1413b,533s stack positions out of 10000i,1000n,20000p,200000b,200000s
 </home/vinicius/.miktex/texmfs/data/fonts/pk/ljfour/jknappen/ec/dpi600/ecti1
000.pk> </home/vinicius/.miktex/texmfs/data/fonts/pk/ljfour/jknappen/ec/dpi600/
tcrm1000.pk> </home/vinicius/.miktex/texmfs/data/fonts/pk/ljfour/jknappen/ec/dp
i600/ecrm0500.pk> </home/vinicius/.miktex/texmfs/data/fonts/pk/ljfour/jknappen/
ec/dpi600/ecbx1200.pk> </home/vinicius/.miktex/texmfs/data/fonts/pk/ljfour/jkna
ppen/ec/dpi600/ecbx1440.pk> </home/vinicius/.miktex/texmfs/data/fonts/pk/ljfour
/jknappen/ec/dpi600/ecrm0800.pk> </home/vinicius/.miktex/texmfs/data/fonts/pk/l
jfour/jknappen/ec/dpi600/ecrm0600.pk> </home/vinicius/.miktex/texmfs/data/fonts
/pk/ljfour/jknappen/ec/dpi600/ecrm0700.pk> </home/vinicius/.miktex/texmfs/data/
fonts/pk/ljfour/jknappen/ec/dpi600/ecbx2074.pk> </home/vinicius/.miktex/texmfs/
data/fonts/pk/ljfour/jknappen/ec/dpi600/ecrm1000.pk> </home/vinicius/.miktex/te
xmfs/data/fonts/pk/ljfour/jknappen/ec/dpi600/ecbx1000.pk> </home/vinicius/.mikt
ex/texmfs/data/fonts/pk/ljfour/jknappen/ec/dpi600/ecbx2488.pk> </home/vinicius/
.miktex/texmfs/data/fonts/pk/ljfour/jknappen/ec/dpi600/ecrm1200.pk> </home/vini
cius/.miktex/texmfs/data/fonts/pk/ljfour/jknappen/ec/dpi600/ecrm1728.pk></home/
vinicius/.miktex/texmfs/install/fonts/type1/public/amsfonts/cm/cmbx10.pfb></hom
e/vinicius/.miktex/texmfs/install/fonts/type1/public/amsfonts/cm/cmex10.pfb></h
ome/vinicius/.miktex/texmfs/install/fonts/type1/public/amsfonts/cmextra/cmex7.p
fb></home/vinicius/.miktex/texmfs/install/fonts/type1/public/amsfonts/cm/cmmi10
.pfb></home/vinicius/.miktex/texmfs/install/fonts/type1/public/amsfonts/cm/cmmi
12.pfb></home/vinicius/.miktex/texmfs/install/fonts/type1/public/amsfonts/cm/cm
mi5.pfb></home/vinicius/.miktex/texmfs/install/fonts/type1/public/amsfonts/cm/c
mmi6.pfb></home/vinicius/.miktex/texmfs/install/fonts/type1/public/amsfonts/cm/
cmmi7.pfb></home/vinicius/.miktex/texmfs/install/fonts/type1/public/amsfonts/cm
/cmmi8.pfb></home/vinicius/.miktex/texmfs/install/fonts/type1/public/amsfonts/c
m/cmr10.pfb></home/vinicius/.miktex/texmfs/install/fonts/type1/public/amsfonts/
cm/cmr12.pfb></home/vinicius/.miktex/texmfs/install/fonts/type1/public/amsfonts
/cm/cmr5.pfb></home/vinicius/.miktex/texmfs/install/fonts/type1/public/amsfonts
/cm/cmr6.pfb></home/vinicius/.miktex/texmfs/install/fonts/type1/public/amsfonts
/cm/cmr7.pfb></home/vinicius/.miktex/texmfs/install/fonts/type1/public/amsfonts
/cm/cmr8.pfb></home/vinicius/.miktex/texmfs/install/fonts/type1/public/amsfonts
/cm/cmsy10.pfb></home/vinicius/.miktex/texmfs/install/fonts/type1/public/amsfon
ts/cm/cmsy5.pfb></home/vinicius/.miktex/texmfs/install/fonts/type1/public/amsfo
nts/cm/cmsy6.pfb></home/vinicius/.miktex/texmfs/install/fonts/type1/public/amsf
onts/cm/cmsy7.pfb></home/vinicius/.miktex/texmfs/install/fonts/type1/public/ams
fonts/cm/cmsy8.pfb></home/vinicius/.miktex/texmfs/install/fonts/type1/public/do
ublestroke/dsrom10.pfb></home/vinicius/.miktex/texmfs/install/fonts/type1/publi
c/amsfonts/symbols/msam10.pfb>
Output written on "CDE_text (Copy).pdf" (45 pages, 653843 bytes).
PDF statistics:
 1334 PDF objects out of 1440 (max. 8388607)
 411 named destinations out of 1000 (max. 500000)
 13 words of extra memory for PDF output out of 10000 (max. 10000000)

