 SPLIT TYPE USED: F F F T F
 A PDF is used, so alpha_s(MZ) is going to be modified
 Old value of alpha_s from param_card:   0.11900000000000002     
  ****************************************
 
       NNPDFDriver version 1.0.3
   Grid: NNPDF23nlo_as_0119_qed_mem0.grid
  ****************************************
 New value of alpha_s from PDF nn23nlo:  0.11899999999999999     
 *****************************************************
 *               MadGraph/MadEvent                   *
 *        --------------------------------           *
 *          http://madgraph.hep.uiuc.edu             *
 *          http://madgraph.phys.ucl.ac.be           *
 *          http://madgraph.roma2.infn.it            *
 *        --------------------------------           *
 *                                                   *
 *          PARAMETER AND COUPLING VALUES            *
 *                                                   *
 *****************************************************

  External Params
  ---------------------------------
  
 mdl_cabi =   0.22773599999999999     
 mdl_yDM =    1.0000000000000000     
 mdl_lamHs =    0.0000000000000000     
 mdl_lamS =    0.0000000000000000     
 MU_R =    91.188000000000002     
 mdl_MB =    4.7000000000000002     
 mdl_MT =    172.00000000000000     
 mdl_MTA =    1.7769999999999999     
 mdl_MZ =    91.187600000000003     
 mdl_MH =    125.00000000000000     
 mdl_mPsiT =    100000.00000000000     
 mdl_mSDM =    99900.000000000000     
 aEWM1 =    127.90000000000001     
 mdl_Gf =    1.1663700000000000E-005
 aS =   0.11900000000000002     
 mdl_ymb =    4.7000000000000002     
 mdl_ymt =    172.00000000000000     
 mdl_ymtau =    1.7769999999999999     
 mdl_WT =    0.0000000000000000     
 mdl_WZ =    2.4952000000000001     
 mdl_WW =    2.0850000000000000     
 mdl_WH =    4.0699999999999998E-003
 mdl_WPsiT =    0.0000000000000000     
  Internal Params
  ---------------------------------
  
 mdl_cos__cabi =   0.97418004031982097     
 mdl_CKM1x1 =               (0.97418004031982097,0.0000000000000000)
 mdl_sin__cabi =   0.22577256042856930     
 mdl_CKM1x2 =               (0.22577256042856930,0.0000000000000000)
 mdl_CKM1x3 =                (0.0000000000000000,0.0000000000000000)
 mdl_CKM2x1 =              (-0.22577256042856930,0.0000000000000000)
 mdl_CKM2x2 =               (0.97418004031982097,0.0000000000000000)
 mdl_CKM2x3 =                (0.0000000000000000,0.0000000000000000)
 mdl_CKM3x1 =                (0.0000000000000000,0.0000000000000000)
 mdl_CKM3x2 =                (0.0000000000000000,0.0000000000000000)
 mdl_CKM3x3 =                (1.0000000000000000,0.0000000000000000)
 mdl_MZ__exp__2 =    8315.1783937600012     
 mdl_MZ__exp__4 =    69142191.720053151     
 mdl_sqrt__2 =    1.4142135623730951     
 mdl_MH__exp__2 =    15625.000000000000     
 mdl_conjg__CKM1x3 =               (0.0000000000000000,-0.0000000000000000)
 mdl_conjg__CKM2x3 =               (0.0000000000000000,-0.0000000000000000)
 mdl_conjg__CKM3x3 =               (1.0000000000000000,-0.0000000000000000)
 mdl_conjg__CKM3x1 =               (0.0000000000000000,-0.0000000000000000)
 mdl_conjg__CKM3x2 =               (0.0000000000000000,-0.0000000000000000)
 mdl_complexi =                (0.0000000000000000,1.0000000000000000)
 mdl_conjg__CKM2x1 =             (-0.22577256042856930,-0.0000000000000000)
 mdl_conjg__CKM2x2 =              (0.97418004031982097,-0.0000000000000000)
 mdl_conjg__CKM1x1 =              (0.97418004031982097,-0.0000000000000000)
 mdl_conjg__CKM1x2 =              (0.22577256042856930,-0.0000000000000000)
 mdl_yDM__exp__2 =    1.0000000000000000     
 mdl_MB__exp__2 =    22.090000000000003     
 mdl_mPsiT__exp__2 =    10000000000.000000     
 mdl_MT__exp__2 =    29584.000000000000     
 mdl_yDM__exp__3 =    1.0000000000000000     
 mdl_mSDM__exp__4 =    9.9600599600100000E+019
 mdl_mSDM__exp__2 =    9980010000.0000000     
 mdl_mPsiT__exp__4 =    1.0000000000000000E+020
 mdl_mSDM__exp__6 =    9.9401498001499393E+029
 mdl_mPsiT__exp__6 =    1.0000000000000000E+030
 mdl_MT__exp__4 =    875213056.00000000     
 mdl_mPsiT__exp__3 =    1000000000000000.0     
 mdl_mSDM__exp__3 =    997002999000000.00     
 mdl_MT__exp__3 =    5088448.0000000000     
 mdl_MT__exp__6 =    25892303048704.000     
 mdl_MT__exp__8 =    7.6599789339285914E+017
 mdl_mPsiT__exp__8 =    1.0000000000000000E+040
 mdl_aEW =    7.8186082877247844E-003
 mdl_MW =    79.824359746197842     
 mdl_sqrt__aEW =    8.8422894590285753E-002
 mdl_ee =   0.31345100004952897     
 mdl_MW__exp__2 =    6371.9284088904105     
 mdl_sw2 =   0.23369913342182447     
 mdl_cw =   0.87538612427783857     
 mdl_sqrt__sw2 =   0.48342438232036300     
 mdl_sw =   0.48342438232036300     
 mdl_g1 =   0.35807170271074895     
 mdl_gw =   0.64839716719502682     
 mdl_vev =    246.22056907348590     
 mdl_vev__exp__2 =    60624.568634871241     
 mdl_lam =   0.12886689630821144     
 mdl_yb =    2.6995322804122722E-002
 mdl_yt =   0.98791394091683138     
 mdl_ytau =    1.0206529494239589E-002
 mdl_muH =    88.388347648318444     
 mdl_I1a31 =                (0.0000000000000000,0.0000000000000000)
 mdl_I1a32 =                (0.0000000000000000,0.0000000000000000)
 mdl_I1a33 =          (2.69953228041227219E-002,0.0000000000000000)
 mdl_I2a13 =                (0.0000000000000000,0.0000000000000000)
 mdl_I2a23 =                (0.0000000000000000,0.0000000000000000)
 mdl_I2a33 =               (0.98791394091683138,0.0000000000000000)
 mdl_I3a31 =                (0.0000000000000000,0.0000000000000000)
 mdl_I3a32 =                (0.0000000000000000,0.0000000000000000)
 mdl_I3a33 =               (0.98791394091683138,0.0000000000000000)
 mdl_I4a13 =                (0.0000000000000000,0.0000000000000000)
 mdl_I4a23 =                (0.0000000000000000,0.0000000000000000)
 mdl_I4a33 =          (2.69953228041227219E-002,0.0000000000000000)
 mdl_ee__exp__2 =    9.8251529432049817E-002
 mdl_sw__exp__2 =   0.23369913342182450     
 mdl_cw__exp__2 =   0.76630086657817542     
  Internal Params evaluated point by point
  ----------------------------------------
  
 mdl_sqrt__aS =   0.34496376621320685     
 mdl_G__exp__2 =    1.4953981031087418     
 mdl_G__exp__3 =    1.8286695702272273     
 mdl_G__exp__4 =    2.2362154867812229     
 mdl_MU_R__exp__2 =    8315.2513440000002     
 mdl_MU_R__exp__4 =    69143404.913893804     
  Couplings of UV_BSM_ToyModel_NLO-UFO
  ---------------------------------
  
        GC_10 =  -0.12229E+01   0.00000E+00
        GC_11 =   0.00000E+00   0.12229E+01
        GC_12 =   0.12229E+01   0.00000E+00
   R2GC_106_1 =  -0.00000E+00  -0.30881E-01
   R2GC_108_3 =  -0.00000E+00  -0.41837E+00
   R2GC_108_4 =  -0.00000E+00  -0.18939E+09
   R2GC_108_5 =  -0.00000E+00  -0.56030E+03
  R2GC_136_21 =   0.00000E+00   0.31566E-02
  R2GC_136_22 =   0.00000E+00   0.14205E-01
  R2GC_137_23 =  -0.00000E+00  -0.94697E-02
  R2GC_159_36 =  -0.00000E+00  -0.38719E-02
 UVGC_111_2_1eps -0.00000E+00  -0.50181E-01
 UVGC_136_23_1ep  0.00000E+00   0.63131E-02
 UVGC_136_24_1ep  0.00000E+00   0.63131E-02
 UVGC_136_25_1ep  0.00000E+00   0.63131E-02
 UVGC_137_26_1ep -0.00000E+00  -0.63131E-02
 UVGC_137_27_1ep  0.00000E+00   0.71023E-02
 UVGC_137_28_1ep -0.00000E+00  -0.71023E-02
 UVGC_137_29_1ep -0.00000E+00  -0.63131E-02
 UVGC_137_30_1ep -0.00000E+00  -0.63131E-02
 UVGC_141_41_1ep  0.00000E+00   0.38601E-02
 UVGC_141_42_1ep -0.00000E+00  -0.27503E-01
 UVGC_141_43_1ep -0.00000E+00  -0.14475E-02
 UVGC_141_46_1ep  0.00000E+00   0.15440E-01
 UVGC_156_86_1ep -0.00000E+00  -0.30881E-01
 UVGC_159_91_1ep -0.00000E+00  -0.38719E-02
  UVGC_136_23 =  -0.00000E+00   0.37442E-01
  UVGC_136_24 =  -0.00000E+00  -0.88384E-01
  UVGC_136_25 =  -0.00000E+00  -0.80123E-02
  UVGC_137_26 =  -0.00000E+00  -0.37442E-01
  UVGC_137_29 =   0.00000E+00   0.88384E-01
  UVGC_137_30 =   0.00000E+00   0.80123E-02
  UVGC_141_40 =  -0.00000E+00  -0.22893E-01
  UVGC_141_44 =   0.00000E+00   0.54041E-01
  UVGC_141_45 =   0.00000E+00   0.48990E-02
  UVGC_156_86 =   0.00000E+00  -0.29734E-02
  UVGC_156_87 =   0.00000E+00  -0.24847E-08
  UVGC_159_91 =   0.00000E+00   0.54202E-01
        GC_89 =  -0.00000E+00  -0.10000E+01

 Collider parameters:
 --------------------

 Running at P P   machine @    13000.000000000000       GeV
 PDF set = nn23nlo
 alpha_s(Mz)= 0.1190 running at 2 loops.
 alpha_s(Mz)= 0.1190 running at 2 loops.
 Renormalization scale set on event-by-event basis
 Factorization   scale set on event-by-event basis


 ===============================================================
 INFO: MadFKS read these parameters from FKS_params.dat
 ===============================================================
  > IRPoleCheckThreshold      =    1.0000000000000001E-005
  > PrecisionVirtualAtRunTime =    1.0000000000000000E-003
  > SelectedContributionTypes = All
  > VetoedContributionTypes   = None
  > QCD_squared_selected      = All
  > QED_squared_selected      = All
  > SelectedCouplingOrders(           1 ) =            0           0           0           4           0
  > NHelForMCoverHels         =            4
  > VirtualFraction           =    1.0000000000000000     
  > MinVirtualFraction        =    5.0000000000000001E-003
  > SeparateFlavourConfigs    =  F
  > UsePolyVirtual            =  F
 ===============================================================
  Insert the number of points to test
 Insert the relative tolerance
  A negative number will mean use the default one:    1.0000000000000001E-005
Using random seed offsets:     1 ,      1 ,      0
  with seed                   45
 Ranmar initialization seeds       26577        9420
 counterterm S.O           1 NP3
 BORN: keeping split order           1
 counterterm S.O           2 NP1
 BORN: keeping split order           1
 counterterm S.O           3 NP2
 BORN: not keeping split order           1
 counterterm S.O           4 QCD
 BORN: keeping split order           1
 counterterm S.O           5 QED
 BORN: not keeping split order           1
 alpha_s value used for the virtuals is (for the first PS point):   0.11900000000000002     
  ========================================================================================== 
 {                                                                                          }
 {       [32m                                                                            [0m       }
 {       [32m                               ,,                                           [0m       }
 {       [32m`7MMM.     ,MMF'             `7MM  `7MMF'                                   [0m       }
 {       [32m  MMMb    dPMM                 MM    MM                                     [0m       }
 {       [32m  M YM   ,M MM   ,6"Yb.   ,M""bMM    MM         ,pW"Wq.   ,pW"Wq.`7MMpdMAo. [0m       }
 {       [32m  M  Mb  M' MM  8)   MM ,AP    MM    MM        6W'   `Wb 6W'   `Wb MM   `Wb [0m       }
 {       [32m  M  YM.P'  MM   ,pm9MM 8MI    MM    MM      , 8M     M8 8M     M8 MM    M8 [0m       }
 {       [32m  M  `YM'   MM  8M   MM `Mb    MM    MM     ,M YA.   ,A9 YA.   ,A9 MM   ,AP [0m       }
 {       [32m.JML. `'  .JMML.`Moo9^Yo.`Wbmd"MML..JMMmmmmMMM  `Ybmd9'   `Ybmd9'  MMbmmd'  [0m       }
 {       [32m                                                                   MM       [0m       }
 {       [32m                                                                 .JMML.     [0m       }
 {       [32m[0mv3.6.3 (2025-06-12), Ref: arXiv:1103.0621v2, arXiv:1405.0301[32m                [0m       }
 {       [32m                                                                            [0m       }
 {                                                                                          }
  ========================================================================================== 
 ===============================================================
 INFO: MadLoop read these parameters from ./MadLoop5_resources/MadLoopParams.dat                                                                                                                                                                                                                                                                                                                                                                                                                                                                                          

  +----------------------------------------------------------------+
  |                                                                |
  |  Ninja - version 1.2.0                                         |
  |                                                                |
  |  Author: Tiziano Peraro                                        |
  |                                                                |
  |  Based on:                                                     |
  |                                                                |
  |      P. Mastrolia, E. Mirabella and T. Peraro,                 |
  |      "Integrand reduction of one-loop scattering amplitudes    |
  |      through Laurent series expansion,"                        |
  |      JHEP 1206 (2012) 095  [arXiv:1203.0291 [hep-ph]].         |
  |                                                                |
  |      T. Peraro,                                                |
  |      "Ninja: Automated Integrand Reduction via Laurent         |
  |      Expansion for One-Loop Amplitudes,"                       |
  |      Comput.Phys.Commun. 185 (2014) [arXiv:1403.1229 [hep-ph]] |
  |                                                                |
  +----------------------------------------------------------------+


 ===============================================================
  > MLReductionLib            = 6|7|1
  > CTModeRun                 =           -1
  > MLStabThres               =    1.0000000000000000E-003
  > NRotations_DP             =            0
  > NRotations_QP             =            0
  > CTStabThres               =    1.0000000000000000E-002
  > CTLoopLibrary             =            2
  > CTModeInit                =            1
  > CheckCycle                =            3
  > MaxAttempts               =           10
  > UseLoopFilter             =  F
  > HelicityFilterLevel       =            2
  > ImprovePSPoint            =            2
  > DoubleCheckHelicityFilter =  T
  > LoopInitStartOver         =  F
  > HelInitStartOver          =  F
  > ZeroThres                 =    1.0000000000000001E-009
  > OSThres                   =    1.0000000000000000E-008
  > WriteOutFilters           =  T
  > UseQPIntegrandForNinja    =  T
  > UseQPIntegrandForCutTools =  T
  > IREGIMODE                 =            2
  > IREGIRECY                 =  T
  > COLLIERMode               =            1
  > COLLIERRequiredAccuracy   =    1.0000000000000000E-008
  > COLLIERCanOutput          =  F
  > COLLIERComputeUVpoles     =  T
  > COLLIERComputeIRpoles     =  T
  > COLLIERGlobalCache        =           -1
  > COLLIERUseCacheForPoles   =  F
  > COLLIERUseInternalStabilityTest =  T
 ===============================================================
  
------------------------------------------------------------------------
|              You are using CutTools - Version 1.9.3                  |
|              Authors: G. Ossola, C. Papadopoulos, R. Pittau          |
|              Published in JHEP 0803:042,2008                         |
|              http://www.ugr.es/~pittau/CutTools                      |
|                                                                      |
|              Compiler with  34  significant digits detetected        |
 ---------------------------------------------------------------------- 
   
########################################################################
#                                                                      #
#                      You are using OneLOop-3.6                       #
#                                                                      #
# for the evaluation of 1-loop scalar 1-, 2-, 3- and 4-point functions #
#                                                                      #
# author: Andreas van Hameren <hamerenREMOVETHIS@ifj.edu.pl>           #
#   date: 18-02-2015                                                   #
#                                                                      #
# Please cite                                                          #
#    A. van Hameren,                                                   #
#      Comput.Phys.Commun. 182 (2011) 2427-2438, arXiv:1007.4716       #
#    A. van Hameren, C.G. Papadopoulos and R. Pittau,                  #
#      JHEP 0909:106,2009, arXiv:0903.4665                             #
# in publications with results obtained with the help of this program. #
#                                                                      #
########################################################################
########################################################################
#                                                                      #
#                      You are using OneLOop-3.6                       #
#                                                                      #
# for the evaluation of 1-loop scalar 1-, 2-, 3- and 4-point functions #
#                                                                      #
# author: Andreas van Hameren <hamerenREMOVETHIS@ifj.edu.pl>           #
#   date: 18-02-2015                                                   #
#                                                                      #
# Please cite                                                          #
#    A. van Hameren,                                                   #
#      Comput.Phys.Commun. 182 (2011) 2427-2438, arXiv:1007.4716       #
#    A. van Hameren, C.G. Papadopoulos and R. Pittau,                  #
#      JHEP 0909:106,2009, arXiv:0903.4665                             #
# in publications with results obtained with the help of this program. #
#                                                                      #
########################################################################
 VIRT: keeping split order            1
 VIRT: keeping split order            2
 INITIALIZATION POINT.
 RESULTS FROM INITIALIZATION POINTS WILL NOT BE USED FOR STATISTICS
 alpha_s value used for the virtuals is (for the first PS point):   0.11900000000000002     
 VIRT: keeping split order            1
 VIRT: keeping split order            2
 
 Splitorders           2
       NP3:           0
       NP1:           0
       NP2:           0
       QCD:           6
       QED:           0
 ---- POLES CANCELLED ----
  COEFFICIENT DOUBLE POLE:
        MadFKS:   -5.0128870893191770E-002           OLP:   -5.0128870893192040E-002
  COEFFICIENT SINGLE POLE:
        MadFKS:  -0.15404440057322205                OLP:  -0.15404441059899704     
 MU_R    =    344.00000000000000     
 ALPHA_S =   0.11900000000000002     
 PASSED   1.0000000000000001E-005

 alpha_s value used for the virtuals is (for the first PS point):   0.11900000000000002     
 VIRT: keeping split order            1
 VIRT: keeping split order            2
 
 Splitorders           2
       NP3:           0
       NP1:           0
       NP2:           0
       QCD:           6
       QED:           0
 ---- POLES CANCELLED ----
  COEFFICIENT DOUBLE POLE:
        MadFKS:   -3.3354027303594297E-002           OLP:   -3.3354027303594318E-002
  COEFFICIENT SINGLE POLE:
        MadFKS:    1.2729418381426509E-002           OLP:    1.2729411710621001E-002
 MU_R    =    344.00000000000000     
 ALPHA_S =   0.11900000000000002     
 PASSED   1.0000000000000001E-005

 alpha_s value used for the virtuals is (for the first PS point):   0.11900000000000002     
 VIRT: keeping split order            1
 VIRT: keeping split order            2
 
 Splitorders           2
       NP3:           0
       NP1:           0
       NP2:           0
       QCD:           6
       QED:           0
 ---- POLES CANCELLED ----
  COEFFICIENT DOUBLE POLE:
        MadFKS:   -4.5604992374864296E-002           OLP:   -4.5604992374864553E-002
  COEFFICIENT SINGLE POLE:
        MadFKS:    1.8073870880130863E-002           OLP:    1.8073861759132961E-002
 MU_R    =    344.00000000000000     
 ALPHA_S =   0.11900000000000002     
 PASSED   1.0000000000000001E-005

 alpha_s value used for the virtuals is (for the first PS point):   0.11900000000000002     
 VIRT: keeping split order            1
 VIRT: keeping split order            2
 
 Splitorders           2
       NP3:           0
       NP1:           0
       NP2:           0
       QCD:           6
       QED:           0
 ---- POLES CANCELLED ----
  COEFFICIENT DOUBLE POLE:
        MadFKS:   -3.5947012835390493E-002           OLP:   -3.5947012835390507E-002
  COEFFICIENT SINGLE POLE:
        MadFKS:   -2.4563799420858626E-002           OLP:   -2.4563806610261273E-002
 MU_R    =    344.00000000000000     
 ALPHA_S =   0.11900000000000002     
 PASSED   1.0000000000000001E-005

 alpha_s value used for the virtuals is (for the first PS point):   0.11900000000000002     
 VIRT: keeping split order            1
 VIRT: keeping split order            2
 
 Splitorders           2
       NP3:           0
       NP1:           0
       NP2:           0
       QCD:           6
       QED:           0
 ---- POLES CANCELLED ----
  COEFFICIENT DOUBLE POLE:
        MadFKS:   -4.8175776740834737E-002           OLP:   -4.8175776740834841E-002
  COEFFICIENT SINGLE POLE:
        MadFKS:    1.4788106582464669E-002           OLP:    1.4788096947309469E-002
 MU_R    =    344.00000000000000     
 ALPHA_S =   0.11900000000000002     
 PASSED   1.0000000000000001E-005

 alpha_s value used for the virtuals is (for the first PS point):   0.11900000000000002     
 VIRT: keeping split order            1
 VIRT: keeping split order            2
 
 Splitorders           2
       NP3:           0
       NP1:           0
       NP2:           0
       QCD:           6
       QED:           0
 ---- POLES CANCELLED ----
  COEFFICIENT DOUBLE POLE:
        MadFKS:   -3.2120420439273580E-002           OLP:   -3.2120420439273573E-002
  COEFFICIENT SINGLE POLE:
        MadFKS:    9.5452849230559748E-003           OLP:    9.5452784989718160E-003
 MU_R    =    344.00000000000000     
 ALPHA_S =   0.11900000000000002     
 PASSED   1.0000000000000001E-005

 alpha_s value used for the virtuals is (for the first PS point):   0.11900000000000002     
 VIRT: keeping split order            1
 VIRT: keeping split order            2
 
 Splitorders           2
       NP3:           0
       NP1:           0
       NP2:           0
       QCD:           6
       QED:           0
 ---- POLES CANCELLED ----
  COEFFICIENT DOUBLE POLE:
        MadFKS:   -4.0904318571461581E-002           OLP:   -4.0904318571461630E-002
  COEFFICIENT SINGLE POLE:
        MadFKS:    1.9410215419418356E-002           OLP:    1.9410207238554664E-002
 MU_R    =    344.00000000000000     
 ALPHA_S =   0.11900000000000002     
 PASSED   1.0000000000000001E-005

 alpha_s value used for the virtuals is (for the first PS point):   0.11900000000000002     
 VIRT: keeping split order            1
 VIRT: keeping split order            2
 
 Splitorders           2
       NP3:           0
       NP1:           0
       NP2:           0
       QCD:           6
       QED:           0
 ---- POLES CANCELLED ----
  COEFFICIENT DOUBLE POLE:
        MadFKS:   -4.3797138939112683E-002           OLP:   -4.3797138939112752E-002
  COEFFICIENT SINGLE POLE:
        MadFKS:    1.9161359538745794E-002           OLP:    1.9161350779318020E-002
 MU_R    =    344.00000000000000     
 ALPHA_S =   0.11900000000000002     
 PASSED   1.0000000000000001E-005

 alpha_s value used for the virtuals is (for the first PS point):   0.11900000000000002     
 VIRT: keeping split order            1
 VIRT: keeping split order            2
 
 Splitorders           2
       NP3:           0
       NP1:           0
       NP2:           0
       QCD:           6
       QED:           0
 ---- POLES CANCELLED ----
  COEFFICIENT DOUBLE POLE:
        MadFKS:   -3.9907150133094489E-002           OLP:   -3.9907150133094593E-002
  COEFFICIENT SINGLE POLE:
        MadFKS:   -4.7423977818303709E-002           OLP:   -4.7423985801829882E-002
 MU_R    =    344.00000000000000     
 ALPHA_S =   0.11900000000000002     
 PASSED   1.0000000000000001E-005

 alpha_s value used for the virtuals is (for the first PS point):   0.11900000000000002     
 VIRT: keeping split order            1
 VIRT: keeping split order            2
 
 Splitorders           2
       NP3:           0
       NP1:           0
       NP2:           0
       QCD:           6
       QED:           0
 ---- POLES CANCELLED ----
  COEFFICIENT DOUBLE POLE:
        MadFKS:   -3.5861323853753471E-002           OLP:   -3.5861323853753457E-002
  COEFFICIENT SINGLE POLE:
        MadFKS:   -2.4117381764294038E-002           OLP:   -2.4117388936558879E-002
 MU_R    =    344.00000000000000     
 ALPHA_S =   0.11900000000000002     
 PASSED   1.0000000000000001E-005

 alpha_s value used for the virtuals is (for the first PS point):   0.11900000000000002     
 VIRT: keeping split order            1
 VIRT: keeping split order            2
 
 Splitorders           2
       NP3:           0
       NP1:           0
       NP2:           0
       QCD:           6
       QED:           0
 ---- POLES CANCELLED ----
  COEFFICIENT DOUBLE POLE:
        MadFKS:   -3.4772408166093574E-002           OLP:   -3.4772408166093609E-002
  COEFFICIENT SINGLE POLE:
        MadFKS:    1.5028124451733288E-002           OLP:    1.5028117497251655E-002
 MU_R    =    344.00000000000000     
 ALPHA_S =   0.11900000000000002     
 PASSED   1.0000000000000001E-005

 alpha_s value used for the virtuals is (for the first PS point):   0.11900000000000002     
 VIRT: keeping split order            1
 VIRT: keeping split order            2
 
 Splitorders           2
       NP3:           0
       NP1:           0
       NP2:           0
       QCD:           6
       QED:           0
 ---- POLES CANCELLED ----
  COEFFICIENT DOUBLE POLE:
        MadFKS:   -3.7996168156257643E-002           OLP:   -3.7996168156257684E-002
  COEFFICIENT SINGLE POLE:
        MadFKS:   -3.5762977815183158E-002           OLP:   -3.5762985414416838E-002
 MU_R    =    344.00000000000000     
 ALPHA_S =   0.11900000000000002     
 PASSED   1.0000000000000001E-005

 alpha_s value used for the virtuals is (for the first PS point):   0.11900000000000002     
 VIRT: keeping split order            1
 VIRT: keeping split order            2
 
 Splitorders           2
       NP3:           0
       NP1:           0
       NP2:           0
       QCD:           6
       QED:           0
 ---- POLES CANCELLED ----
  COEFFICIENT DOUBLE POLE:
        MadFKS:   -3.1800502549164521E-002           OLP:   -3.1800502549164507E-002
  COEFFICIENT SINGLE POLE:
        MadFKS:    8.2067491927961238E-003           OLP:    8.2067428326956012E-003
 MU_R    =    344.00000000000000     
 ALPHA_S =   0.11900000000000002     
 PASSED   1.0000000000000001E-005

 alpha_s value used for the virtuals is (for the first PS point):   0.11900000000000002     
 VIRT: keeping split order            1
 VIRT: keeping split order            2
 
 Splitorders           2
       NP3:           0
       NP1:           0
       NP2:           0
       QCD:           6
       QED:           0
 ---- POLES CANCELLED ----
  COEFFICIENT DOUBLE POLE:
        MadFKS:   -3.8837983823733171E-002           OLP:   -3.8837983823733220E-002
  COEFFICIENT SINGLE POLE:
        MadFKS:    1.8673314838064711E-002           OLP:    1.8673307070468034E-002
 MU_R    =    344.00000000000000     
 ALPHA_S =   0.11900000000000002     
 PASSED   1.0000000000000001E-005

 alpha_s value used for the virtuals is (for the first PS point):   0.11900000000000002     
 VIRT: keeping split order            1
 VIRT: keeping split order            2
 
 Splitorders           2
       NP3:           0
       NP1:           0
       NP2:           0
       QCD:           6
       QED:           0
 ---- POLES CANCELLED ----
  COEFFICIENT DOUBLE POLE:
        MadFKS:   -3.5673269234361871E-002           OLP:   -3.5673269234361829E-002
  COEFFICIENT SINGLE POLE:
        MadFKS:    1.6132594026787933E-002           OLP:    1.6132586890948375E-002
 MU_R    =    344.00000000000000     
 ALPHA_S =   0.11900000000000002     
 PASSED   1.0000000000000001E-005

 alpha_s value used for the virtuals is (for the first PS point):   0.11900000000000002     
 VIRT: keeping split order            1
 VIRT: keeping split order            2
 
 Splitorders           2
       NP3:           0
       NP1:           0
       NP2:           0
       QCD:           6
       QED:           0
 ---- POLES CANCELLED ----
  COEFFICIENT DOUBLE POLE:
        MadFKS:   -4.2364256790847959E-002           OLP:   -4.2364256790847404E-002
  COEFFICIENT SINGLE POLE:
        MadFKS:    1.9487480756210172E-002           OLP:    1.9487472283357846E-002
 MU_R    =    344.00000000000000     
 ALPHA_S =   0.11900000000000002     
 PASSED   1.0000000000000001E-005

 alpha_s value used for the virtuals is (for the first PS point):   0.11900000000000002     
 VIRT: keeping split order            1
 VIRT: keeping split order            2
 
 Splitorders           2
       NP3:           0
       NP1:           0
       NP2:           0
       QCD:           6
       QED:           0
 ---- POLES CANCELLED ----
  COEFFICIENT DOUBLE POLE:
        MadFKS:   -3.9873663751411423E-002           OLP:   -3.9873663751411409E-002
  COEFFICIENT SINGLE POLE:
        MadFKS:   -4.7207186307241390E-002           OLP:   -4.7207194281974105E-002
 MU_R    =    344.00000000000000     
 ALPHA_S =   0.11900000000000002     
 PASSED   1.0000000000000001E-005

 alpha_s value used for the virtuals is (for the first PS point):   0.11900000000000002     
 VIRT: keeping split order            1
 VIRT: keeping split order            2
 
 Splitorders           2
       NP3:           0
       NP1:           0
       NP2:           0
       QCD:           6
       QED:           0
 ---- POLES CANCELLED ----
  COEFFICIENT DOUBLE POLE:
        MadFKS:   -4.0694880309374147E-002           OLP:   -4.0694880309375084E-002
  COEFFICIENT SINGLE POLE:
        MadFKS:    1.9368059108294089E-002           OLP:    1.9368050969320753E-002
 MU_R    =    344.00000000000000     
 ALPHA_S =   0.11900000000000002     
 PASSED   1.0000000000000001E-005

 alpha_s value used for the virtuals is (for the first PS point):   0.11900000000000002     
 VIRT: keeping split order            1
 VIRT: keeping split order            2
 
 Splitorders           2
       NP3:           0
       NP1:           0
       NP2:           0
       QCD:           6
       QED:           0
 ---- POLES CANCELLED ----
  COEFFICIENT DOUBLE POLE:
        MadFKS:   -3.5056530451850518E-002           OLP:   -3.5056530451850559E-002
  COEFFICIENT SINGLE POLE:
        MadFKS:   -1.9983429168193782E-002           OLP:   -1.9983436179499971E-002
 MU_R    =    344.00000000000000     
 ALPHA_S =   0.11900000000000002     
 PASSED   1.0000000000000001E-005

 alpha_s value used for the virtuals is (for the first PS point):   0.11900000000000002     
 VIRT: keeping split order            1
 VIRT: keeping split order            2
 
 Splitorders           2
       NP3:           0
       NP1:           0
       NP2:           0
       QCD:           6
       QED:           0
 ---- POLES CANCELLED ----
  COEFFICIENT DOUBLE POLE:
        MadFKS:   -4.3167351379985758E-002           OLP:   -4.3167351379986139E-002
  COEFFICIENT SINGLE POLE:
        MadFKS:    1.9357419852600442E-002           OLP:    1.9357411219131024E-002
 MU_R    =    344.00000000000000     
 ALPHA_S =   0.11900000000000002     
 PASSED   1.0000000000000001E-005

 NUMBER OF POINTS PASSING THE CHECK          20
 NUMBER OF POINTS FAILING THE CHECK           0
 TOLERANCE    1.0000000000000001E-005
