 run_mode given is: NLO                 
 SPLIT TYPE USED: F F F T F
 A PDF is used, so alpha_s(MZ) is going to be modified
 Old value of alpha_s from param_card:   0.11900000000000002     
  ****************************************
 
       NNPDFDriver version 1.0.3
   Grid: NNPDF23nlo_as_0119_qed_mem0.grid
  ****************************************
 New value of alpha_s from PDF nn23nlo:  0.11899999999999999     
 *****************************************************
 *               MadGraph/MadEvent                   *
 *        --------------------------------           *
 *          http://madgraph.hep.uiuc.edu             *
 *          http://madgraph.phys.ucl.ac.be           *
 *          http://madgraph.roma2.infn.it            *
 *        --------------------------------           *
 *                                                   *
 *          PARAMETER AND COUPLING VALUES            *
 *                                                   *
 *****************************************************

  External Params
  ---------------------------------
  
 mdl_cabi =   0.22773599999999999     
 mdl_yDM =    2.0000000000000000     
 mdl_lamHs =    1.0000000000000000     
 mdl_lamS =    1.0000000000000000     
 MU_R =    91.188000000000002     
 mdl_MB =    4.7000000000000002     
 mdl_MT =    172.00000000000000     
 mdl_MTA =    1.7769999999999999     
 mdl_MZ =    91.187600000000003     
 mdl_MH =    125.00000000000000     
 mdl_mPsiT =    100000.00000000000     
 mdl_mSDM =    90000.000000000000     
 aEWM1 =    127.90000000000001     
 mdl_Gf =    1.1663700000000000E-005
 aS =   0.11900000000000002     
 mdl_ymb =    4.7000000000000002     
 mdl_ymt =    172.00000000000000     
 mdl_ymtau =    1.7769999999999999     
 mdl_WT =    0.0000000000000000     
 mdl_WZ =    2.4952000000000001     
 mdl_WW =    2.0850000000000000     
 mdl_WH =    4.0699999999999998E-003
 mdl_WPsiT =    143.61830000000000     
  Internal Params
  ---------------------------------
  
 mdl_cos__cabi =   0.97418004031982097     
 mdl_CKM1x1 =               (0.97418004031982097,0.0000000000000000)
 mdl_sin__cabi =   0.22577256042856930     
 mdl_CKM1x2 =               (0.22577256042856930,0.0000000000000000)
 mdl_CKM1x3 =                (0.0000000000000000,0.0000000000000000)
 mdl_CKM2x1 =              (-0.22577256042856930,0.0000000000000000)
 mdl_CKM2x2 =               (0.97418004031982097,0.0000000000000000)
 mdl_CKM2x3 =                (0.0000000000000000,0.0000000000000000)
 mdl_CKM3x1 =                (0.0000000000000000,0.0000000000000000)
 mdl_CKM3x2 =                (0.0000000000000000,0.0000000000000000)
 mdl_CKM3x3 =                (1.0000000000000000,0.0000000000000000)
 mdl_MZ__exp__2 =    8315.1783937600012     
 mdl_MZ__exp__4 =    69142191.720053151     
 mdl_sqrt__2 =    1.4142135623730951     
 mdl_MH__exp__2 =    15625.000000000000     
 mdl_conjg__CKM1x3 =               (0.0000000000000000,-0.0000000000000000)
 mdl_conjg__CKM2x3 =               (0.0000000000000000,-0.0000000000000000)
 mdl_conjg__CKM3x3 =               (1.0000000000000000,-0.0000000000000000)
 mdl_conjg__CKM3x1 =               (0.0000000000000000,-0.0000000000000000)
 mdl_conjg__CKM3x2 =               (0.0000000000000000,-0.0000000000000000)
 mdl_complexi =                (0.0000000000000000,1.0000000000000000)
 mdl_conjg__CKM2x1 =             (-0.22577256042856930,-0.0000000000000000)
 mdl_conjg__CKM2x2 =              (0.97418004031982097,-0.0000000000000000)
 mdl_conjg__CKM1x1 =              (0.97418004031982097,-0.0000000000000000)
 mdl_conjg__CKM1x2 =              (0.22577256042856930,-0.0000000000000000)
 mdl_yDM__exp__2 =    4.0000000000000000     
 mdl_MB__exp__2 =    22.090000000000003     
 mdl_mPsiT__exp__2 =    10000000000.000000     
 mdl_MT__exp__2 =    29584.000000000000     
 mdl_yDM__exp__3 =    8.0000000000000000     
 mdl_mSDM__exp__4 =    6.5610000000000000E+019
 mdl_mSDM__exp__2 =    8100000000.0000000     
 mdl_mPsiT__exp__4 =    1.0000000000000000E+020
 mdl_mSDM__exp__6 =    5.3144100000000000E+029
 mdl_mPsiT__exp__6 =    1.0000000000000000E+030
 mdl_MT__exp__4 =    875213056.00000000     
 mdl_mPsiT__exp__3 =    1000000000000000.0     
 mdl_mSDM__exp__3 =    729000000000000.00     
 mdl_MT__exp__3 =    5088448.0000000000     
 mdl_MT__exp__6 =    25892303048704.000     
 mdl_MT__exp__8 =    7.6599789339285914E+017
 mdl_mPsiT__exp__8 =    1.0000000000000000E+040
 mdl_aEW =    7.8186082877247844E-003
 mdl_MW =    79.824359746197842     
 mdl_sqrt__aEW =    8.8422894590285753E-002
 mdl_ee =   0.31345100004952897     
 mdl_MW__exp__2 =    6371.9284088904105     
 mdl_sw2 =   0.23369913342182447     
 mdl_cw =   0.87538612427783857     
 mdl_sqrt__sw2 =   0.48342438232036300     
 mdl_sw =   0.48342438232036300     
 mdl_g1 =   0.35807170271074895     
 mdl_gw =   0.64839716719502682     
 mdl_vev =    246.22056907348590     
 mdl_vev__exp__2 =    60624.568634871241     
 mdl_lam =   0.12886689630821144     
 mdl_yb =    2.6995322804122722E-002
 mdl_yt =   0.98791394091683138     
 mdl_ytau =    1.0206529494239589E-002
 mdl_muH =    88.388347648318444     
 mdl_I1a31 =                (0.0000000000000000,0.0000000000000000)
 mdl_I1a32 =                (0.0000000000000000,0.0000000000000000)
 mdl_I1a33 =          (2.69953228041227219E-002,0.0000000000000000)
 mdl_I2a13 =                (0.0000000000000000,0.0000000000000000)
 mdl_I2a23 =                (0.0000000000000000,0.0000000000000000)
 mdl_I2a33 =               (0.98791394091683138,0.0000000000000000)
 mdl_I3a31 =                (0.0000000000000000,0.0000000000000000)
 mdl_I3a32 =                (0.0000000000000000,0.0000000000000000)
 mdl_I3a33 =               (0.98791394091683138,0.0000000000000000)
 mdl_I4a13 =                (0.0000000000000000,0.0000000000000000)
 mdl_I4a23 =                (0.0000000000000000,0.0000000000000000)
 mdl_I4a33 =          (2.69953228041227219E-002,0.0000000000000000)
 mdl_ee__exp__2 =    9.8251529432049817E-002
 mdl_sw__exp__2 =   0.23369913342182450     
 mdl_cw__exp__2 =   0.76630086657817542     
  Internal Params evaluated point by point
  ----------------------------------------
  
 mdl_sqrt__aS =   0.34496376621320685     
 mdl_G__exp__2 =    1.4953981031087418     
 mdl_G__exp__3 =    1.8286695702272273     
 mdl_G__exp__4 =    2.2362154867812229     
 mdl_MU_R__exp__2 =    8315.2513440000002     
 mdl_MU_R__exp__4 =    69143404.913893804     
  Couplings of UV_BSM_ToyModel_NLO-UFO
  ---------------------------------
  
        GC_10 =  -0.12229E+01   0.00000E+00
        GC_11 =   0.00000E+00   0.12229E+01
        GC_12 =   0.12229E+01   0.00000E+00
   R2GC_106_1 =  -0.00000E+00  -0.30881E-01
   R2GC_108_3 =  -0.00000E+00  -0.41837E+00
   R2GC_108_4 =  -0.00000E+00  -0.18939E+09
   R2GC_108_5 =  -0.00000E+00  -0.56030E+03
  R2GC_136_21 =   0.00000E+00   0.31566E-02
  R2GC_136_22 =   0.00000E+00   0.14205E-01
  R2GC_137_23 =  -0.00000E+00  -0.94697E-02
  R2GC_159_36 =  -0.00000E+00  -0.15488E-01
 UVGC_111_2_1eps -0.00000E+00  -0.50181E-01
 UVGC_136_23_1ep  0.00000E+00   0.63131E-02
 UVGC_136_24_1ep  0.00000E+00   0.63131E-02
 UVGC_136_25_1ep  0.00000E+00   0.63131E-02
 UVGC_137_26_1ep -0.00000E+00  -0.63131E-02
 UVGC_137_27_1ep  0.00000E+00   0.71023E-02
 UVGC_137_28_1ep -0.00000E+00  -0.71023E-02
 UVGC_137_29_1ep -0.00000E+00  -0.63131E-02
 UVGC_137_30_1ep -0.00000E+00  -0.63131E-02
 UVGC_141_41_1ep  0.00000E+00   0.38601E-02
 UVGC_141_42_1ep -0.00000E+00  -0.27503E-01
 UVGC_141_43_1ep -0.00000E+00  -0.14475E-02
 UVGC_141_46_1ep  0.00000E+00   0.15440E-01
 UVGC_156_86_1ep -0.00000E+00  -0.30881E-01
 UVGC_159_91_1ep -0.00000E+00  -0.15488E-01
  UVGC_136_23 =  -0.00000E+00   0.37442E-01
  UVGC_136_24 =  -0.00000E+00  -0.88384E-01
  UVGC_136_25 =  -0.00000E+00  -0.80123E-02
  UVGC_137_26 =  -0.00000E+00  -0.37442E-01
  UVGC_137_29 =   0.00000E+00   0.88384E-01
  UVGC_137_30 =   0.00000E+00   0.80123E-02
  UVGC_141_40 =  -0.00000E+00  -0.22893E-01
  UVGC_141_44 =   0.00000E+00   0.54041E-01
  UVGC_141_45 =   0.00000E+00   0.48990E-02
  UVGC_156_86 =   0.00000E+00  -0.29734E-02
  UVGC_156_87 =   0.00000E+00  -0.76943E-06
  UVGC_159_91 =   0.00000E+00   0.21471E+00
        GC_89 =  -0.00000E+00  -0.20000E+01

 Collider parameters:
 --------------------

 Running at P P   machine @    13000.000000000000       GeV
 PDF set = nn23nlo
 alpha_s(Mz)= 0.1190 running at 2 loops.
 alpha_s(Mz)= 0.1190 running at 2 loops.
 Renormalization scale set on event-by-event basis
 Factorization   scale set on event-by-event basis


Using random seed offsets:     1 ,      1 ,      0
  with seed                   35
 Ranmar initialization seeds       14387        9410
tau_min   1     1 : 0.34400E+03      --       0.34400E+03
tau_min   2     1 : 0.34400E+03      --       0.34400E+03
tau_min   3     1 : 0.34400E+03  0.34400E+03  0.34400E+03
tau_min   4     1 : 0.34400E+03  0.34400E+03  0.34400E+03
tau_min   5     1 : 0.34400E+03      --       0.34400E+03
tau_min   6     1 : 0.34400E+03      --       0.34400E+03
 ntry           1
 Filling grid for alpha_S computation ... 
 done... 
 Scale values (may change event by event):
 muR,  muR_reference:  0.122332D+04 0.122332D+04  1.00
 muF1, muF1_reference: 0.122332D+04 0.122332D+04  1.00
 muF2, muF2_reference: 0.122332D+04 0.122332D+04  1.00
 QES,  QES_reference:  0.122332D+04 0.122332D+04  1.00
  
 muR_reference [functional form]:
    H_T/2 := sum_i mT(i)/2, i=final state
 muF1_reference [functional form]:
    H_T/2 := sum_i mT(i)/2, i=final state
 muF2_reference [functional form]:
    H_T/2 := sum_i mT(i)/2, i=final state
 QES_reference [functional form]: 
    H_T/2 := sum_i mT(i)/2, i=final state
  
 alpha_s=   8.5477207868296781E-002
 counterterm S.O           1 NP3
 BORN: keeping split order           1
 counterterm S.O           2 NP1
 BORN: keeping split order           1
 counterterm S.O           3 NP2
 BORN: not keeping split order           1
 counterterm S.O           4 QCD
 BORN: keeping split order           1
 counterterm S.O           5 QED
 BORN: not keeping split order           1
 born momenta
   1    0.34758E+03    0.00000E+00    0.00000E+00    0.34758E+03
   2    0.34758E+03   -0.00000E+00   -0.00000E+00   -0.34758E+03
   3    0.34758E+03    0.19009E+03   -0.23239E+03    0.32992E+02
   4    0.34758E+03   -0.19009E+03    0.23239E+03   -0.32992E+02
 Bad swap           1           2           4           3
 Found            0  matches.            1  channels remain for integration.
